[ 2016-07-13T08:56:30+08:00 ] SQL:  RunTime:0.002000s SQL = SHOW COLUMNS FROM `admin_menu`
[ 2016-07-13T08:56:30+08:00 ] NOTIC: [8] Use of undefined constant EFFECTIVE_TIME - assumed 'EFFECTIVE_TIME' E:\xampp\htdocs\finance\app\controller\admin\abstract.php 第 21 行.
[ 2016-07-13T08:59:40+08:00 ] SQL:  RunTime:0.002000s SQL = SHOW COLUMNS FROM `admin_menu`
[ 2016-07-13T08:59:40+08:00 ] NOTIC: [8] Use of undefined constant EFFECTIVE_TIME - assumed 'EFFECTIVE_TIME' E:\xampp\htdocs\finance\app\controller\admin\abstract.php 第 21 行.
[ 2016-07-13T09:06:30+08:00 ] SQL:  RunTime:0.002000s SQL = SHOW COLUMNS FROM `admin_menu`
[ 2016-07-13T09:06:30+08:00 ] NOTIC: [8] Use of undefined constant EFFECTIVE_TIME - assumed 'EFFECTIVE_TIME' E:\xampp\htdocs\finance\app\controller\admin\abstract.php 第 21 行.
[ 2016-07-13T09:09:40+08:00 ] SQL:  RunTime:0.002000s SQL = SHOW COLUMNS FROM `admin_menu`
[ 2016-07-13T09:09:40+08:00 ] NOTIC: [8] Use of undefined constant EFFECTIVE_TIME - assumed 'EFFECTIVE_TIME' E:\xampp\htdocs\finance\app\controller\admin\abstract.php 第 21 行.
[ 2016-07-13T09:16:30+08:00 ] SQL:  RunTime:0.001001s SQL = SHOW COLUMNS FROM `admin_menu`
[ 2016-07-13T09:16:30+08:00 ] NOTIC: [8] Use of undefined constant EFFECTIVE_TIME - assumed 'EFFECTIVE_TIME' E:\xampp\htdocs\finance\app\controller\admin\abstract.php 第 21 行.
[ 2016-07-13T09:19:40+08:00 ] SQL:  RunTime:0.001000s SQL = SHOW COLUMNS FROM `admin_menu`
[ 2016-07-13T09:19:40+08:00 ] NOTIC: [8] Use of undefined constant EFFECTIVE_TIME - assumed 'EFFECTIVE_TIME' E:\xampp\htdocs\finance\app\controller\admin\abstract.php 第 21 行.
[ 2016-07-13T09:26:30+08:00 ] SQL:  RunTime:0.017001s SQL = SHOW COLUMNS FROM `admin_menu`
[ 2016-07-13T09:26:30+08:00 ] NOTIC: [8] Use of undefined constant EFFECTIVE_TIME - assumed 'EFFECTIVE_TIME' E:\xampp\htdocs\finance\app\controller\admin\abstract.php 第 21 行.
[ 2016-07-13T09:29:40+08:00 ] SQL:  RunTime:0.002001s SQL = SHOW COLUMNS FROM `admin_menu`
[ 2016-07-13T09:29:40+08:00 ] NOTIC: [8] Use of undefined constant EFFECTIVE_TIME - assumed 'EFFECTIVE_TIME' E:\xampp\htdocs\finance\app\controller\admin\abstract.php 第 21 行.
[ 2016-07-13T09:36:30+08:00 ] SQL:  RunTime:0.002001s SQL = SHOW COLUMNS FROM `admin_menu`
[ 2016-07-13T09:36:30+08:00 ] NOTIC: [8] Use of undefined constant EFFECTIVE_TIME - assumed 'EFFECTIVE_TIME' E:\xampp\htdocs\finance\app\controller\admin\abstract.php 第 21 行.
[ 2016-07-13T09:39:40+08:00 ] SQL:  RunTime:0.002000s SQL = SHOW COLUMNS FROM `admin_menu`
[ 2016-07-13T09:39:40+08:00 ] NOTIC: [8] Use of undefined constant EFFECTIVE_TIME - assumed 'EFFECTIVE_TIME' E:\xampp\htdocs\finance\app\controller\admin\abstract.php 第 21 行.
[ 2016-07-13T09:46:30+08:00 ] SQL:  RunTime:0.002000s SQL = SHOW COLUMNS FROM `admin_menu`
[ 2016-07-13T09:46:30+08:00 ] NOTIC: [8] Use of undefined constant EFFECTIVE_TIME - assumed 'EFFECTIVE_TIME' E:\xampp\htdocs\finance\app\controller\admin\abstract.php 第 21 行.
[ 2016-07-13T09:49:40+08:00 ] SQL:  RunTime:0.002000s SQL = SHOW COLUMNS FROM `admin_menu`
[ 2016-07-13T09:49:40+08:00 ] NOTIC: [8] Use of undefined constant EFFECTIVE_TIME - assumed 'EFFECTIVE_TIME' E:\xampp\htdocs\finance\app\controller\admin\abstract.php 第 21 行.
[ 2016-07-13T09:56:30+08:00 ] SQL:  RunTime:0.020002s SQL = SHOW COLUMNS FROM `admin_menu`
[ 2016-07-13T09:56:30+08:00 ] NOTIC: [8] Use of undefined constant EFFECTIVE_TIME - assumed 'EFFECTIVE_TIME' E:\xampp\htdocs\finance\app\controller\admin\abstract.php 第 21 行.
[ 2016-07-13T09:59:40+08:00 ] SQL:  RunTime:0.002001s SQL = SHOW COLUMNS FROM `admin_menu`
[ 2016-07-13T09:59:40+08:00 ] NOTIC: [8] Use of undefined constant EFFECTIVE_TIME - assumed 'EFFECTIVE_TIME' E:\xampp\htdocs\finance\app\controller\admin\abstract.php 第 21 行.
[ 2016-07-13T10:06:30+08:00 ] SQL:  RunTime:0.001000s SQL = SHOW COLUMNS FROM `admin_menu`
[ 2016-07-13T10:06:30+08:00 ] NOTIC: [8] Use of undefined constant EFFECTIVE_TIME - assumed 'EFFECTIVE_TIME' E:\xampp\htdocs\finance\app\controller\admin\abstract.php 第 21 行.
[ 2016-07-13T10:09:40+08:00 ] SQL:  RunTime:0.002000s SQL = SHOW COLUMNS FROM `admin_menu`
[ 2016-07-13T10:09:40+08:00 ] NOTIC: [8] Use of undefined constant EFFECTIVE_TIME - assumed 'EFFECTIVE_TIME' E:\xampp\htdocs\finance\app\controller\admin\abstract.php 第 21 行.
[ 2016-07-13T10:16:30+08:00 ] SQL:  RunTime:0.002000s SQL = SHOW COLUMNS FROM `admin_menu`
[ 2016-07-13T10:16:30+08:00 ] NOTIC: [8] Use of undefined constant EFFECTIVE_TIME - assumed 'EFFECTIVE_TIME' E:\xampp\htdocs\finance\app\controller\admin\abstract.php 第 21 行.
[ 2016-07-13T10:19:40+08:00 ] SQL:  RunTime:0.002000s SQL = SHOW COLUMNS FROM `admin_menu`
[ 2016-07-13T10:19:40+08:00 ] NOTIC: [8] Use of undefined constant EFFECTIVE_TIME - assumed 'EFFECTIVE_TIME' E:\xampp\htdocs\finance\app\controller\admin\abstract.php 第 21 行.
[ 2016-07-13T10:26:30+08:00 ] SQL:  RunTime:0.001000s SQL = SHOW COLUMNS FROM `admin_menu`
[ 2016-07-13T10:26:30+08:00 ] NOTIC: [8] Use of undefined constant EFFECTIVE_TIME - assumed 'EFFECTIVE_TIME' E:\xampp\htdocs\finance\app\controller\admin\abstract.php 第 21 行.
[ 2016-07-13T10:29:40+08:00 ] SQL:  RunTime:0.008000s SQL = SHOW COLUMNS FROM `admin_menu`
[ 2016-07-13T10:29:40+08:00 ] NOTIC: [8] Use of undefined constant EFFECTIVE_TIME - assumed 'EFFECTIVE_TIME' E:\xampp\htdocs\finance\app\controller\admin\abstract.php 第 21 行.
[ 2016-07-13T10:36:30+08:00 ] SQL:  RunTime:0.002000s SQL = SHOW COLUMNS FROM `admin_menu`
[ 2016-07-13T10:36:30+08:00 ] NOTIC: [8] Use of undefined constant EFFECTIVE_TIME - assumed 'EFFECTIVE_TIME' E:\xampp\htdocs\finance\app\controller\admin\abstract.php 第 21 行.
[ 2016-07-13T10:39:40+08:00 ] SQL:  RunTime:0.002000s SQL = SHOW COLUMNS FROM `admin_menu`
[ 2016-07-13T10:39:40+08:00 ] NOTIC: [8] Use of undefined constant EFFECTIVE_TIME - assumed 'EFFECTIVE_TIME' E:\xampp\htdocs\finance\app\controller\admin\abstract.php 第 21 行.
[ 2016-07-13T10:46:30+08:00 ] SQL:  RunTime:0.002000s SQL = SHOW COLUMNS FROM `admin_menu`
[ 2016-07-13T10:46:30+08:00 ] NOTIC: [8] Use of undefined constant EFFECTIVE_TIME - assumed 'EFFECTIVE_TIME' E:\xampp\htdocs\finance\app\controller\admin\abstract.php 第 21 行.
[ 2016-07-13T10:49:40+08:00 ] SQL:  RunTime:0.002000s SQL = SHOW COLUMNS FROM `admin_menu`
[ 2016-07-13T10:49:40+08:00 ] NOTIC: [8] Use of undefined constant EFFECTIVE_TIME - assumed 'EFFECTIVE_TIME' E:\xampp\htdocs\finance\app\controller\admin\abstract.php 第 21 行.
[ 2016-07-13T10:49:52+08:00 ] SQL:  RunTime:0.001000s SQL = SHOW COLUMNS FROM `admin_menu`
[ 2016-07-13T10:49:52+08:00 ] NOTIC: [8] Use of undefined constant EFFECTIVE_TIME - assumed 'EFFECTIVE_TIME' E:\xampp\htdocs\finance\app\controller\admin\abstract.php 第 21 行.
[ 2016-07-13T10:49:52+08:00 ] NOTIC: [8] Undefined index: 43 E:\xampp\htdocs\finance\app\library\helper\tree.php 第 130 行.
[ 2016-07-13T10:56:30+08:00 ] SQL:  RunTime:0.001000s SQL = SHOW COLUMNS FROM `admin_menu`
[ 2016-07-13T10:56:30+08:00 ] NOTIC: [8] Use of undefined constant EFFECTIVE_TIME - assumed 'EFFECTIVE_TIME' E:\xampp\htdocs\finance\app\controller\admin\abstract.php 第 21 行.
[ 2016-07-13T10:59:40+08:00 ] SQL:  RunTime:0.002000s SQL = SHOW COLUMNS FROM `admin_menu`
[ 2016-07-13T10:59:40+08:00 ] NOTIC: [8] Use of undefined constant EFFECTIVE_TIME - assumed 'EFFECTIVE_TIME' E:\xampp\htdocs\finance\app\controller\admin\abstract.php 第 21 行.
[ 2016-07-13T11:06:30+08:00 ] SQL:  RunTime:0.002001s SQL = SHOW COLUMNS FROM `admin_menu`
[ 2016-07-13T11:06:30+08:00 ] NOTIC: [8] Use of undefined constant EFFECTIVE_TIME - assumed 'EFFECTIVE_TIME' E:\xampp\htdocs\finance\app\controller\admin\abstract.php 第 21 行.
[ 2016-07-13T11:09:40+08:00 ] SQL:  RunTime:0.001001s SQL = SHOW COLUMNS FROM `admin_menu`
[ 2016-07-13T11:09:40+08:00 ] NOTIC: [8] Use of undefined constant EFFECTIVE_TIME - assumed 'EFFECTIVE_TIME' E:\xampp\htdocs\finance\app\controller\admin\abstract.php 第 21 行.
[ 2016-07-13T11:16:30+08:00 ] SQL:  RunTime:0.001000s SQL = SHOW COLUMNS FROM `admin_menu`
[ 2016-07-13T11:16:30+08:00 ] NOTIC: [8] Use of undefined constant EFFECTIVE_TIME - assumed 'EFFECTIVE_TIME' E:\xampp\htdocs\finance\app\controller\admin\abstract.php 第 21 行.
[ 2016-07-13T11:19:40+08:00 ] SQL:  RunTime:0.002000s SQL = SHOW COLUMNS FROM `admin_menu`
[ 2016-07-13T11:19:40+08:00 ] NOTIC: [8] Use of undefined constant EFFECTIVE_TIME - assumed 'EFFECTIVE_TIME' E:\xampp\htdocs\finance\app\controller\admin\abstract.php 第 21 行.
[ 2016-07-13T11:26:30+08:00 ] SQL:  RunTime:0.002000s SQL = SHOW COLUMNS FROM `admin_menu`
[ 2016-07-13T11:26:30+08:00 ] NOTIC: [8] Use of undefined constant EFFECTIVE_TIME - assumed 'EFFECTIVE_TIME' E:\xampp\htdocs\finance\app\controller\admin\abstract.php 第 21 行.
[ 2016-07-13T11:29:40+08:00 ] SQL:  RunTime:0.002000s SQL = SHOW COLUMNS FROM `admin_menu`
[ 2016-07-13T11:29:40+08:00 ] NOTIC: [8] Use of undefined constant EFFECTIVE_TIME - assumed 'EFFECTIVE_TIME' E:\xampp\htdocs\finance\app\controller\admin\abstract.php 第 21 行.
[ 2016-07-13T11:30:00+08:00 ] SQL:  RunTime:0.001000s SQL = SHOW COLUMNS FROM `admin_menu`
[ 2016-07-13T11:30:00+08:00 ] NOTIC: [8] Undefined index: 46 E:\xampp\htdocs\finance\app\library\helper\tree.php 第 90 行.
[ 2016-07-13T11:30:00+08:00 ] NOTIC: [8] Use of undefined constant EFFECTIVE_TIME - assumed 'EFFECTIVE_TIME' E:\xampp\htdocs\finance\app\controller\admin\abstract.php 第 21 行.
[ 2016-07-13T11:30:00+08:00 ] NOTIC: [8] Undefined index: 43 E:\xampp\htdocs\finance\app\library\helper\tree.php 第 134 行.
[ 2016-07-13T11:30:00+08:00 ] SQL:  RunTime:0.001000s SQL = SHOW COLUMNS FROM `admin_menu`
[ 2016-07-13T11:30:00+08:00 ] NOTIC: [8] Use of undefined constant EFFECTIVE_TIME - assumed 'EFFECTIVE_TIME' E:\xampp\htdocs\finance\app\controller\admin\abstract.php 第 21 行.
[ 2016-07-13T11:30:00+08:00 ] SQL:  RunTime:0.002000s SQL = SHOW COLUMNS FROM `sortware_client`
[ 2016-07-13T11:30:00+08:00 ] SQL:  RunTime:0.002000s SQL = SHOW COLUMNS FROM `sortware`
[ 2016-07-13T11:30:00+08:00 ] SQL:  RunTime:0.001001s SQL = SHOW COLUMNS FROM expense e
[ 2016-07-13T11:30:00+08:00 ] ERR: You have an error in your SQL syntax; check the manual that corresponds to your MySQL server version for the right syntax to use near 'e' at line 1
 [ SQL语句 ] : SHOW COLUMNS FROM expense e
[ 2016-07-13T11:30:00+08:00 ] SQL:  RunTime:0.001000s SQL = SELECT count(*) AS count FROM expense e LEFT JOIN sortware_client c ON c.id = e.sort_client_id LEFT JOIN sortware s ON s.id = c.sort_id ORDER BY e.id desc LIMIT 1  
[ 2016-07-13T11:30:00+08:00 ] SQL:  RunTime:0.002000s SQL = SELECT e.id,e.amount,e.start_time,e.end_time,c.sort_id,c.sort_ver_id,c.subbranch,c.company,c.mobile,s.name FROM expense e LEFT JOIN sortware_client c ON c.id = e.sort_client_id LEFT JOIN sortware s ON s.id = c.sort_id ORDER BY e.id desc LIMIT 0,20  
[ 2016-07-13T11:30:00+08:00 ] WARN: [2048] Declaration of model_finance_softwareVersion::save() should be compatible with that of model::save() E:\xampp\htdocs\finance\app\model\finance\softwareversion.php 第 77 行.
[ 2016-07-13T11:30:00+08:00 ] SQL:  RunTime:0.001000s SQL = SHOW COLUMNS FROM `sortware_version`
[ 2016-07-13T11:30:00+08:00 ] NOTIC: [8] Undefined index: img4 E:\xampp\htdocs\finance\app\library\helper\view.php 第 58 行.
[ 2016-07-13T11:30:00+08:00 ] NOTIC: [8] Undefined index: img4 E:\xampp\htdocs\finance\app\library\helper\view.php 第 58 行.
[ 2016-07-13T11:30:00+08:00 ] NOTIC: [8] Undefined index: img4 E:\xampp\htdocs\finance\app\library\helper\view.php 第 120 行.
[ 2016-07-13T11:30:00+08:00 ] NOTIC: [8] Undefined index: img4 E:\xampp\htdocs\finance\app\library\helper\view.php 第 120 行.
[ 2016-07-13T11:30:00+08:00 ] NOTIC: [8] Undefined index: img4 E:\xampp\htdocs\finance\app\library\helper\view.php 第 120 行.
[ 2016-07-13T11:30:00+08:00 ] NOTIC: [8] Undefined index: img4 E:\xampp\htdocs\finance\app\library\helper\view.php 第 120 行.
[ 2016-07-13T11:30:00+08:00 ] NOTIC: [8] Undefined variable: name E:\xampp\htdocs\finance\app\data\cache\tpl\admin\2efc3f1830f838dc3eea8ca3f1aeabba.php 第 27 行.
[ 2016-07-13T11:30:00+08:00 ] NOTIC: [8] Undefined variable: mobile E:\xampp\htdocs\finance\app\data\cache\tpl\admin\2efc3f1830f838dc3eea8ca3f1aeabba.php 第 29 行.
[ 2016-07-13T11:30:00+08:00 ] NOTIC: [8] Undefined variable: subbranch E:\xampp\htdocs\finance\app\data\cache\tpl\admin\2efc3f1830f838dc3eea8ca3f1aeabba.php 第 31 行.
[ 2016-07-13T11:30:20+08:00 ] SQL:  RunTime:0.002000s SQL = SHOW COLUMNS FROM `admin_menu`
[ 2016-07-13T11:30:20+08:00 ] NOTIC: [8] Use of undefined constant EFFECTIVE_TIME - assumed 'EFFECTIVE_TIME' E:\xampp\htdocs\finance\app\controller\admin\abstract.php 第 21 行.
[ 2016-07-13T11:30:20+08:00 ] SQL:  RunTime:0.001000s SQL = SHOW COLUMNS FROM `sortware_client`
[ 2016-07-13T11:30:20+08:00 ] SQL:  RunTime:0.001000s SQL = SHOW COLUMNS FROM expense_collect e
[ 2016-07-13T11:30:20+08:00 ] ERR: You have an error in your SQL syntax; check the manual that corresponds to your MySQL server version for the right syntax to use near 'e' at line 1
 [ SQL语句 ] : SHOW COLUMNS FROM expense_collect e
[ 2016-07-13T11:30:20+08:00 ] SQL:  RunTime:0.002000s SQL = SELECT count(*) AS count FROM expense_collect e LEFT JOIN sortware_client c ON c.id = e.sort_client_id LEFT JOIN sortware_version v ON v.id = c.sort_ver_id LEFT JOIN sortware s ON s.id = c.sort_id ORDER BY e.id desc LIMIT 1  
[ 2016-07-13T11:30:20+08:00 ] SQL:  RunTime:0.001000s SQL = SELECT e.id,e.sort_client_id,e.topdate,e.amount,e.degreen,c.sort_id,c.sort_ver_id,c.company,c.mobile,c.subbranch,v.version,s.name FROM expense_collect e LEFT JOIN sortware_client c ON c.id = e.sort_client_id LEFT JOIN sortware_version v ON v.id = c.sort_ver_id LEFT JOIN sortware s ON s.id = c.sort_id ORDER BY e.id desc LIMIT 0,20  
[ 2016-07-13T11:30:20+08:00 ] NOTIC: [8] Undefined index: img4 E:\xampp\htdocs\finance\app\library\helper\view.php 第 58 行.
[ 2016-07-13T11:30:20+08:00 ] NOTIC: [8] Undefined index: img4 E:\xampp\htdocs\finance\app\library\helper\view.php 第 58 行.
[ 2016-07-13T11:30:20+08:00 ] NOTIC: [8] Undefined index: img4 E:\xampp\htdocs\finance\app\library\helper\view.php 第 120 行.
[ 2016-07-13T11:30:20+08:00 ] NOTIC: [8] Undefined index: img4 E:\xampp\htdocs\finance\app\library\helper\view.php 第 120 行.
[ 2016-07-13T11:30:20+08:00 ] NOTIC: [8] Undefined index: img4 E:\xampp\htdocs\finance\app\library\helper\view.php 第 120 行.
[ 2016-07-13T11:30:20+08:00 ] NOTIC: [8] Undefined index: img4 E:\xampp\htdocs\finance\app\library\helper\view.php 第 120 行.
[ 2016-07-13T11:30:20+08:00 ] NOTIC: [8] Undefined variable: mobile E:\xampp\htdocs\finance\app\data\cache\tpl\admin\9ed69551cca0d969cc2c89f9046a23ad.php 第 27 行.
[ 2016-07-13T11:30:20+08:00 ] NOTIC: [8] Undefined variable: subbranch E:\xampp\htdocs\finance\app\data\cache\tpl\admin\9ed69551cca0d969cc2c89f9046a23ad.php 第 29 行.
[ 2016-07-13T11:30:20+08:00 ] SQL:  RunTime:0.002000s SQL = SHOW COLUMNS FROM `admin_menu`
[ 2016-07-13T11:30:20+08:00 ] NOTIC: [8] Undefined index: 45 E:\xampp\htdocs\finance\app\library\helper\tree.php 第 90 行.
[ 2016-07-13T11:30:20+08:00 ] NOTIC: [8] Use of undefined constant EFFECTIVE_TIME - assumed 'EFFECTIVE_TIME' E:\xampp\htdocs\finance\app\controller\admin\abstract.php 第 21 行.
[ 2016-07-13T11:30:20+08:00 ] NOTIC: [8] Undefined index: 43 E:\xampp\htdocs\finance\app\library\helper\tree.php 第 134 行.
[ 2016-07-13T11:30:21+08:00 ] SQL:  RunTime:0.002000s SQL = SHOW COLUMNS FROM `admin_menu`
[ 2016-07-13T11:30:21+08:00 ] NOTIC: [8] Use of undefined constant EFFECTIVE_TIME - assumed 'EFFECTIVE_TIME' E:\xampp\htdocs\finance\app\controller\admin\abstract.php 第 21 行.
[ 2016-07-13T11:30:21+08:00 ] SQL:  RunTime:0.001000s SQL = SHOW COLUMNS FROM `sortware_client`
[ 2016-07-13T11:30:21+08:00 ] SQL:  RunTime:0.001000s SQL = SHOW COLUMNS FROM `sortware`
[ 2016-07-13T11:30:21+08:00 ] SQL:  RunTime:0.001000s SQL = SHOW COLUMNS FROM expense e
[ 2016-07-13T11:30:21+08:00 ] ERR: You have an error in your SQL syntax; check the manual that corresponds to your MySQL server version for the right syntax to use near 'e' at line 1
 [ SQL语句 ] : SHOW COLUMNS FROM expense e
[ 2016-07-13T11:30:21+08:00 ] SQL:  RunTime:0.001000s SQL = SELECT count(*) AS count FROM expense e LEFT JOIN sortware_client c ON c.id = e.sort_client_id LEFT JOIN sortware s ON s.id = c.sort_id ORDER BY e.id desc LIMIT 1  
[ 2016-07-13T11:30:21+08:00 ] SQL:  RunTime:0.002000s SQL = SELECT e.id,e.amount,e.start_time,e.end_time,c.sort_id,c.sort_ver_id,c.subbranch,c.company,c.mobile,s.name FROM expense e LEFT JOIN sortware_client c ON c.id = e.sort_client_id LEFT JOIN sortware s ON s.id = c.sort_id ORDER BY e.id desc LIMIT 0,20  
[ 2016-07-13T11:30:21+08:00 ] WARN: [2048] Declaration of model_finance_softwareVersion::save() should be compatible with that of model::save() E:\xampp\htdocs\finance\app\model\finance\softwareversion.php 第 77 行.
[ 2016-07-13T11:30:21+08:00 ] SQL:  RunTime:0.002000s SQL = SHOW COLUMNS FROM `sortware_version`
[ 2016-07-13T11:30:21+08:00 ] NOTIC: [8] Undefined index: img4 E:\xampp\htdocs\finance\app\library\helper\view.php 第 58 行.
[ 2016-07-13T11:30:21+08:00 ] NOTIC: [8] Undefined index: img4 E:\xampp\htdocs\finance\app\library\helper\view.php 第 58 行.
[ 2016-07-13T11:30:21+08:00 ] NOTIC: [8] Undefined index: img4 E:\xampp\htdocs\finance\app\library\helper\view.php 第 120 行.
[ 2016-07-13T11:30:21+08:00 ] NOTIC: [8] Undefined index: img4 E:\xampp\htdocs\finance\app\library\helper\view.php 第 120 行.
[ 2016-07-13T11:30:21+08:00 ] NOTIC: [8] Undefined index: img4 E:\xampp\htdocs\finance\app\library\helper\view.php 第 120 行.
[ 2016-07-13T11:30:21+08:00 ] NOTIC: [8] Undefined index: img4 E:\xampp\htdocs\finance\app\library\helper\view.php 第 120 行.
[ 2016-07-13T11:30:21+08:00 ] NOTIC: [8] Undefined variable: name E:\xampp\htdocs\finance\app\data\cache\tpl\admin\2efc3f1830f838dc3eea8ca3f1aeabba.php 第 27 行.
[ 2016-07-13T11:30:21+08:00 ] NOTIC: [8] Undefined variable: mobile E:\xampp\htdocs\finance\app\data\cache\tpl\admin\2efc3f1830f838dc3eea8ca3f1aeabba.php 第 29 行.
[ 2016-07-13T11:30:21+08:00 ] NOTIC: [8] Undefined variable: subbranch E:\xampp\htdocs\finance\app\data\cache\tpl\admin\2efc3f1830f838dc3eea8ca3f1aeabba.php 第 31 行.
[ 2016-07-13T11:30:21+08:00 ] SQL:  RunTime:0.002000s SQL = SHOW COLUMNS FROM `admin_menu`
[ 2016-07-13T11:30:21+08:00 ] NOTIC: [8] Undefined index: 46 E:\xampp\htdocs\finance\app\library\helper\tree.php 第 90 行.
[ 2016-07-13T11:30:21+08:00 ] NOTIC: [8] Use of undefined constant EFFECTIVE_TIME - assumed 'EFFECTIVE_TIME' E:\xampp\htdocs\finance\app\controller\admin\abstract.php 第 21 行.
[ 2016-07-13T11:30:21+08:00 ] NOTIC: [8] Undefined index: 43 E:\xampp\htdocs\finance\app\library\helper\tree.php 第 134 行.
[ 2016-07-13T11:30:23+08:00 ] SQL:  RunTime:0.002000s SQL = SHOW COLUMNS FROM `admin_menu`
[ 2016-07-13T11:30:23+08:00 ] NOTIC: [8] Undefined index: 45 E:\xampp\htdocs\finance\app\library\helper\tree.php 第 90 行.
[ 2016-07-13T11:30:23+08:00 ] NOTIC: [8] Use of undefined constant EFFECTIVE_TIME - assumed 'EFFECTIVE_TIME' E:\xampp\htdocs\finance\app\controller\admin\abstract.php 第 21 行.
[ 2016-07-13T11:30:23+08:00 ] NOTIC: [8] Undefined index: 43 E:\xampp\htdocs\finance\app\library\helper\tree.php 第 134 行.
[ 2016-07-13T11:30:23+08:00 ] SQL:  RunTime:0.002000s SQL = SHOW COLUMNS FROM `admin_menu`
[ 2016-07-13T11:30:23+08:00 ] NOTIC: [8] Use of undefined constant EFFECTIVE_TIME - assumed 'EFFECTIVE_TIME' E:\xampp\htdocs\finance\app\controller\admin\abstract.php 第 21 行.
[ 2016-07-13T11:30:23+08:00 ] SQL:  RunTime:0.002000s SQL = SHOW COLUMNS FROM `sortware_client`
[ 2016-07-13T11:30:23+08:00 ] SQL:  RunTime:0.001000s SQL = SHOW COLUMNS FROM expense_collect e
[ 2016-07-13T11:30:23+08:00 ] ERR: You have an error in your SQL syntax; check the manual that corresponds to your MySQL server version for the right syntax to use near 'e' at line 1
 [ SQL语句 ] : SHOW COLUMNS FROM expense_collect e
[ 2016-07-13T11:30:23+08:00 ] SQL:  RunTime:0.001000s SQL = SELECT count(*) AS count FROM expense_collect e LEFT JOIN sortware_client c ON c.id = e.sort_client_id LEFT JOIN sortware_version v ON v.id = c.sort_ver_id LEFT JOIN sortware s ON s.id = c.sort_id ORDER BY e.id desc LIMIT 1  
[ 2016-07-13T11:30:23+08:00 ] SQL:  RunTime:0.001000s SQL = SELECT e.id,e.sort_client_id,e.topdate,e.amount,e.degreen,c.sort_id,c.sort_ver_id,c.company,c.mobile,c.subbranch,v.version,s.name FROM expense_collect e LEFT JOIN sortware_client c ON c.id = e.sort_client_id LEFT JOIN sortware_version v ON v.id = c.sort_ver_id LEFT JOIN sortware s ON s.id = c.sort_id ORDER BY e.id desc LIMIT 0,20  
[ 2016-07-13T11:30:23+08:00 ] NOTIC: [8] Undefined index: img4 E:\xampp\htdocs\finance\app\library\helper\view.php 第 58 行.
[ 2016-07-13T11:30:23+08:00 ] NOTIC: [8] Undefined index: img4 E:\xampp\htdocs\finance\app\library\helper\view.php 第 58 行.
[ 2016-07-13T11:30:23+08:00 ] NOTIC: [8] Undefined index: img4 E:\xampp\htdocs\finance\app\library\helper\view.php 第 120 行.
[ 2016-07-13T11:30:23+08:00 ] NOTIC: [8] Undefined index: img4 E:\xampp\htdocs\finance\app\library\helper\view.php 第 120 行.
[ 2016-07-13T11:30:23+08:00 ] NOTIC: [8] Undefined index: img4 E:\xampp\htdocs\finance\app\library\helper\view.php 第 120 行.
[ 2016-07-13T11:30:23+08:00 ] NOTIC: [8] Undefined index: img4 E:\xampp\htdocs\finance\app\library\helper\view.php 第 120 行.
[ 2016-07-13T11:30:23+08:00 ] NOTIC: [8] Undefined variable: mobile E:\xampp\htdocs\finance\app\data\cache\tpl\admin\9ed69551cca0d969cc2c89f9046a23ad.php 第 27 行.
[ 2016-07-13T11:30:23+08:00 ] NOTIC: [8] Undefined variable: subbranch E:\xampp\htdocs\finance\app\data\cache\tpl\admin\9ed69551cca0d969cc2c89f9046a23ad.php 第 29 行.
[ 2016-07-13T11:30:25+08:00 ] SQL:  RunTime:0.002000s SQL = SHOW COLUMNS FROM `admin_menu`
[ 2016-07-13T11:30:25+08:00 ] NOTIC: [8] Undefined index: 46 E:\xampp\htdocs\finance\app\library\helper\tree.php 第 90 行.
[ 2016-07-13T11:30:25+08:00 ] NOTIC: [8] Use of undefined constant EFFECTIVE_TIME - assumed 'EFFECTIVE_TIME' E:\xampp\htdocs\finance\app\controller\admin\abstract.php 第 21 行.
[ 2016-07-13T11:30:25+08:00 ] NOTIC: [8] Undefined index: 43 E:\xampp\htdocs\finance\app\library\helper\tree.php 第 134 行.
[ 2016-07-13T11:30:25+08:00 ] SQL:  RunTime:0.001000s SQL = SHOW COLUMNS FROM `admin_menu`
[ 2016-07-13T11:30:25+08:00 ] NOTIC: [8] Use of undefined constant EFFECTIVE_TIME - assumed 'EFFECTIVE_TIME' E:\xampp\htdocs\finance\app\controller\admin\abstract.php 第 21 行.
[ 2016-07-13T11:30:25+08:00 ] SQL:  RunTime:0.002000s SQL = SHOW COLUMNS FROM `sortware_client`
[ 2016-07-13T11:30:25+08:00 ] SQL:  RunTime:0.002000s SQL = SHOW COLUMNS FROM `sortware`
[ 2016-07-13T11:30:25+08:00 ] SQL:  RunTime:0.001000s SQL = SHOW COLUMNS FROM expense e
[ 2016-07-13T11:30:25+08:00 ] ERR: You have an error in your SQL syntax; check the manual that corresponds to your MySQL server version for the right syntax to use near 'e' at line 1
 [ SQL语句 ] : SHOW COLUMNS FROM expense e
[ 2016-07-13T11:30:25+08:00 ] SQL:  RunTime:0.001000s SQL = SELECT count(*) AS count FROM expense e LEFT JOIN sortware_client c ON c.id = e.sort_client_id LEFT JOIN sortware s ON s.id = c.sort_id ORDER BY e.id desc LIMIT 1  
[ 2016-07-13T11:30:25+08:00 ] SQL:  RunTime:0.001000s SQL = SELECT e.id,e.amount,e.start_time,e.end_time,c.sort_id,c.sort_ver_id,c.subbranch,c.company,c.mobile,s.name FROM expense e LEFT JOIN sortware_client c ON c.id = e.sort_client_id LEFT JOIN sortware s ON s.id = c.sort_id ORDER BY e.id desc LIMIT 0,20  
[ 2016-07-13T11:30:25+08:00 ] WARN: [2048] Declaration of model_finance_softwareVersion::save() should be compatible with that of model::save() E:\xampp\htdocs\finance\app\model\finance\softwareversion.php 第 77 行.
[ 2016-07-13T11:30:25+08:00 ] SQL:  RunTime:0.002000s SQL = SHOW COLUMNS FROM `sortware_version`
[ 2016-07-13T11:30:25+08:00 ] NOTIC: [8] Undefined index: img4 E:\xampp\htdocs\finance\app\library\helper\view.php 第 58 行.
[ 2016-07-13T11:30:25+08:00 ] NOTIC: [8] Undefined index: img4 E:\xampp\htdocs\finance\app\library\helper\view.php 第 58 行.
[ 2016-07-13T11:30:25+08:00 ] NOTIC: [8] Undefined index: img4 E:\xampp\htdocs\finance\app\library\helper\view.php 第 120 行.
[ 2016-07-13T11:30:25+08:00 ] NOTIC: [8] Undefined index: img4 E:\xampp\htdocs\finance\app\library\helper\view.php 第 120 行.
[ 2016-07-13T11:30:25+08:00 ] NOTIC: [8] Undefined index: img4 E:\xampp\htdocs\finance\app\library\helper\view.php 第 120 行.
[ 2016-07-13T11:30:25+08:00 ] NOTIC: [8] Undefined index: img4 E:\xampp\htdocs\finance\app\library\helper\view.php 第 120 行.
[ 2016-07-13T11:30:25+08:00 ] NOTIC: [8] Undefined variable: name E:\xampp\htdocs\finance\app\data\cache\tpl\admin\2efc3f1830f838dc3eea8ca3f1aeabba.php 第 27 行.
[ 2016-07-13T11:30:25+08:00 ] NOTIC: [8] Undefined variable: mobile E:\xampp\htdocs\finance\app\data\cache\tpl\admin\2efc3f1830f838dc3eea8ca3f1aeabba.php 第 29 行.
[ 2016-07-13T11:30:25+08:00 ] NOTIC: [8] Undefined variable: subbranch E:\xampp\htdocs\finance\app\data\cache\tpl\admin\2efc3f1830f838dc3eea8ca3f1aeabba.php 第 31 行.
[ 2016-07-13T11:30:34+08:00 ] SQL:  RunTime:0.002001s SQL = SHOW COLUMNS FROM `admin_menu`
[ 2016-07-13T11:30:34+08:00 ] NOTIC: [8] Undefined index: 45 E:\xampp\htdocs\finance\app\library\helper\tree.php 第 90 行.
[ 2016-07-13T11:30:34+08:00 ] NOTIC: [8] Use of undefined constant EFFECTIVE_TIME - assumed 'EFFECTIVE_TIME' E:\xampp\htdocs\finance\app\controller\admin\abstract.php 第 21 行.
[ 2016-07-13T11:30:34+08:00 ] NOTIC: [8] Undefined index: 43 E:\xampp\htdocs\finance\app\library\helper\tree.php 第 134 行.
[ 2016-07-13T11:30:34+08:00 ] SQL:  RunTime:0.002000s SQL = SHOW COLUMNS FROM `admin_menu`
[ 2016-07-13T11:30:34+08:00 ] NOTIC: [8] Use of undefined constant EFFECTIVE_TIME - assumed 'EFFECTIVE_TIME' E:\xampp\htdocs\finance\app\controller\admin\abstract.php 第 21 行.
[ 2016-07-13T11:30:34+08:00 ] SQL:  RunTime:0.002000s SQL = SHOW COLUMNS FROM `sortware_client`
[ 2016-07-13T11:30:34+08:00 ] SQL:  RunTime:0.000000s SQL = SHOW COLUMNS FROM expense_collect e
[ 2016-07-13T11:30:34+08:00 ] ERR: You have an error in your SQL syntax; check the manual that corresponds to your MySQL server version for the right syntax to use near 'e' at line 1
 [ SQL语句 ] : SHOW COLUMNS FROM expense_collect e
[ 2016-07-13T11:30:34+08:00 ] SQL:  RunTime:0.001000s SQL = SELECT count(*) AS count FROM expense_collect e LEFT JOIN sortware_client c ON c.id = e.sort_client_id LEFT JOIN sortware_version v ON v.id = c.sort_ver_id LEFT JOIN sortware s ON s.id = c.sort_id ORDER BY e.id desc LIMIT 1  
[ 2016-07-13T11:30:34+08:00 ] SQL:  RunTime:0.002001s SQL = SELECT e.id,e.sort_client_id,e.topdate,e.amount,e.degreen,c.sort_id,c.sort_ver_id,c.company,c.mobile,c.subbranch,v.version,s.name FROM expense_collect e LEFT JOIN sortware_client c ON c.id = e.sort_client_id LEFT JOIN sortware_version v ON v.id = c.sort_ver_id LEFT JOIN sortware s ON s.id = c.sort_id ORDER BY e.id desc LIMIT 0,20  
[ 2016-07-13T11:30:34+08:00 ] NOTIC: [8] Undefined index: img4 E:\xampp\htdocs\finance\app\library\helper\view.php 第 58 行.
[ 2016-07-13T11:30:34+08:00 ] NOTIC: [8] Undefined index: img4 E:\xampp\htdocs\finance\app\library\helper\view.php 第 58 行.
[ 2016-07-13T11:30:34+08:00 ] NOTIC: [8] Undefined index: img4 E:\xampp\htdocs\finance\app\library\helper\view.php 第 120 行.
[ 2016-07-13T11:30:34+08:00 ] NOTIC: [8] Undefined index: img4 E:\xampp\htdocs\finance\app\library\helper\view.php 第 120 行.
[ 2016-07-13T11:30:34+08:00 ] NOTIC: [8] Undefined index: img4 E:\xampp\htdocs\finance\app\library\helper\view.php 第 120 行.
[ 2016-07-13T11:30:34+08:00 ] NOTIC: [8] Undefined index: img4 E:\xampp\htdocs\finance\app\library\helper\view.php 第 120 行.
[ 2016-07-13T11:30:34+08:00 ] NOTIC: [8] Undefined variable: mobile E:\xampp\htdocs\finance\app\data\cache\tpl\admin\9ed69551cca0d969cc2c89f9046a23ad.php 第 27 行.
[ 2016-07-13T11:30:34+08:00 ] NOTIC: [8] Undefined variable: subbranch E:\xampp\htdocs\finance\app\data\cache\tpl\admin\9ed69551cca0d969cc2c89f9046a23ad.php 第 29 行.
[ 2016-07-13T11:30:36+08:00 ] SQL:  RunTime:0.001000s SQL = SHOW COLUMNS FROM `admin_menu`
[ 2016-07-13T11:30:36+08:00 ] NOTIC: [8] Undefined index: 46 E:\xampp\htdocs\finance\app\library\helper\tree.php 第 90 行.
[ 2016-07-13T11:30:36+08:00 ] NOTIC: [8] Use of undefined constant EFFECTIVE_TIME - assumed 'EFFECTIVE_TIME' E:\xampp\htdocs\finance\app\controller\admin\abstract.php 第 21 行.
[ 2016-07-13T11:30:36+08:00 ] NOTIC: [8] Undefined index: 43 E:\xampp\htdocs\finance\app\library\helper\tree.php 第 134 行.
[ 2016-07-13T11:30:36+08:00 ] SQL:  RunTime:0.001000s SQL = SHOW COLUMNS FROM `admin_menu`
[ 2016-07-13T11:30:36+08:00 ] NOTIC: [8] Use of undefined constant EFFECTIVE_TIME - assumed 'EFFECTIVE_TIME' E:\xampp\htdocs\finance\app\controller\admin\abstract.php 第 21 行.
[ 2016-07-13T11:30:36+08:00 ] SQL:  RunTime:0.002000s SQL = SHOW COLUMNS FROM `sortware_client`
[ 2016-07-13T11:30:36+08:00 ] SQL:  RunTime:0.002001s SQL = SHOW COLUMNS FROM `sortware`
[ 2016-07-13T11:30:36+08:00 ] SQL:  RunTime:0.000000s SQL = SHOW COLUMNS FROM expense e
[ 2016-07-13T11:30:36+08:00 ] ERR: You have an error in your SQL syntax; check the manual that corresponds to your MySQL server version for the right syntax to use near 'e' at line 1
 [ SQL语句 ] : SHOW COLUMNS FROM expense e
[ 2016-07-13T11:30:36+08:00 ] SQL:  RunTime:0.001000s SQL = SELECT count(*) AS count FROM expense e LEFT JOIN sortware_client c ON c.id = e.sort_client_id LEFT JOIN sortware s ON s.id = c.sort_id ORDER BY e.id desc LIMIT 1  
[ 2016-07-13T11:30:36+08:00 ] SQL:  RunTime:0.001000s SQL = SELECT e.id,e.amount,e.start_time,e.end_time,c.sort_id,c.sort_ver_id,c.subbranch,c.company,c.mobile,s.name FROM expense e LEFT JOIN sortware_client c ON c.id = e.sort_client_id LEFT JOIN sortware s ON s.id = c.sort_id ORDER BY e.id desc LIMIT 0,20  
[ 2016-07-13T11:30:36+08:00 ] WARN: [2048] Declaration of model_finance_softwareVersion::save() should be compatible with that of model::save() E:\xampp\htdocs\finance\app\model\finance\softwareversion.php 第 77 行.
[ 2016-07-13T11:30:36+08:00 ] SQL:  RunTime:0.001000s SQL = SHOW COLUMNS FROM `sortware_version`
[ 2016-07-13T11:30:36+08:00 ] NOTIC: [8] Undefined index: img4 E:\xampp\htdocs\finance\app\library\helper\view.php 第 58 行.
[ 2016-07-13T11:30:36+08:00 ] NOTIC: [8] Undefined index: img4 E:\xampp\htdocs\finance\app\library\helper\view.php 第 58 行.
[ 2016-07-13T11:30:36+08:00 ] NOTIC: [8] Undefined index: img4 E:\xampp\htdocs\finance\app\library\helper\view.php 第 120 行.
[ 2016-07-13T11:30:36+08:00 ] NOTIC: [8] Undefined index: img4 E:\xampp\htdocs\finance\app\library\helper\view.php 第 120 行.
[ 2016-07-13T11:30:36+08:00 ] NOTIC: [8] Undefined index: img4 E:\xampp\htdocs\finance\app\library\helper\view.php 第 120 行.
[ 2016-07-13T11:30:36+08:00 ] NOTIC: [8] Undefined index: img4 E:\xampp\htdocs\finance\app\library\helper\view.php 第 120 行.
[ 2016-07-13T11:30:36+08:00 ] NOTIC: [8] Undefined variable: name E:\xampp\htdocs\finance\app\data\cache\tpl\admin\2efc3f1830f838dc3eea8ca3f1aeabba.php 第 27 行.
[ 2016-07-13T11:30:36+08:00 ] NOTIC: [8] Undefined variable: mobile E:\xampp\htdocs\finance\app\data\cache\tpl\admin\2efc3f1830f838dc3eea8ca3f1aeabba.php 第 29 行.
[ 2016-07-13T11:30:36+08:00 ] NOTIC: [8] Undefined variable: subbranch E:\xampp\htdocs\finance\app\data\cache\tpl\admin\2efc3f1830f838dc3eea8ca3f1aeabba.php 第 31 行.
[ 2016-07-13T11:30:37+08:00 ] SQL:  RunTime:0.002000s SQL = SHOW COLUMNS FROM `admin_menu`
[ 2016-07-13T11:30:37+08:00 ] NOTIC: [8] Undefined index: 45 E:\xampp\htdocs\finance\app\library\helper\tree.php 第 90 行.
[ 2016-07-13T11:30:37+08:00 ] NOTIC: [8] Use of undefined constant EFFECTIVE_TIME - assumed 'EFFECTIVE_TIME' E:\xampp\htdocs\finance\app\controller\admin\abstract.php 第 21 行.
[ 2016-07-13T11:30:37+08:00 ] NOTIC: [8] Undefined index: 43 E:\xampp\htdocs\finance\app\library\helper\tree.php 第 134 行.
[ 2016-07-13T11:30:37+08:00 ] SQL:  RunTime:0.001000s SQL = SHOW COLUMNS FROM `admin_menu`
[ 2016-07-13T11:30:38+08:00 ] NOTIC: [8] Use of undefined constant EFFECTIVE_TIME - assumed 'EFFECTIVE_TIME' E:\xampp\htdocs\finance\app\controller\admin\abstract.php 第 21 行.
[ 2016-07-13T11:30:38+08:00 ] SQL:  RunTime:0.002000s SQL = SHOW COLUMNS FROM `sortware_client`
[ 2016-07-13T11:30:38+08:00 ] SQL:  RunTime:0.001000s SQL = SHOW COLUMNS FROM expense_collect e
[ 2016-07-13T11:30:38+08:00 ] ERR: You have an error in your SQL syntax; check the manual that corresponds to your MySQL server version for the right syntax to use near 'e' at line 1
 [ SQL语句 ] : SHOW COLUMNS FROM expense_collect e
[ 2016-07-13T11:30:38+08:00 ] SQL:  RunTime:0.001001s SQL = SELECT count(*) AS count FROM expense_collect e LEFT JOIN sortware_client c ON c.id = e.sort_client_id LEFT JOIN sortware_version v ON v.id = c.sort_ver_id LEFT JOIN sortware s ON s.id = c.sort_id ORDER BY e.id desc LIMIT 1  
[ 2016-07-13T11:30:38+08:00 ] SQL:  RunTime:0.001000s SQL = SELECT e.id,e.sort_client_id,e.topdate,e.amount,e.degreen,c.sort_id,c.sort_ver_id,c.company,c.mobile,c.subbranch,v.version,s.name FROM expense_collect e LEFT JOIN sortware_client c ON c.id = e.sort_client_id LEFT JOIN sortware_version v ON v.id = c.sort_ver_id LEFT JOIN sortware s ON s.id = c.sort_id ORDER BY e.id desc LIMIT 0,20  
[ 2016-07-13T11:30:38+08:00 ] NOTIC: [8] Undefined index: img4 E:\xampp\htdocs\finance\app\library\helper\view.php 第 58 行.
[ 2016-07-13T11:30:38+08:00 ] NOTIC: [8] Undefined index: img4 E:\xampp\htdocs\finance\app\library\helper\view.php 第 58 行.
[ 2016-07-13T11:30:38+08:00 ] NOTIC: [8] Undefined index: img4 E:\xampp\htdocs\finance\app\library\helper\view.php 第 120 行.
[ 2016-07-13T11:30:38+08:00 ] NOTIC: [8] Undefined index: img4 E:\xampp\htdocs\finance\app\library\helper\view.php 第 120 行.
[ 2016-07-13T11:30:38+08:00 ] NOTIC: [8] Undefined index: img4 E:\xampp\htdocs\finance\app\library\helper\view.php 第 120 行.
[ 2016-07-13T11:30:38+08:00 ] NOTIC: [8] Undefined index: img4 E:\xampp\htdocs\finance\app\library\helper\view.php 第 120 行.
[ 2016-07-13T11:30:38+08:00 ] NOTIC: [8] Undefined variable: mobile E:\xampp\htdocs\finance\app\data\cache\tpl\admin\9ed69551cca0d969cc2c89f9046a23ad.php 第 27 行.
[ 2016-07-13T11:30:38+08:00 ] NOTIC: [8] Undefined variable: subbranch E:\xampp\htdocs\finance\app\data\cache\tpl\admin\9ed69551cca0d969cc2c89f9046a23ad.php 第 29 行.
[ 2016-07-13T11:30:40+08:00 ] SQL:  RunTime:0.001000s SQL = SHOW COLUMNS FROM `admin_menu`
[ 2016-07-13T11:30:40+08:00 ] NOTIC: [8] Undefined index: 46 E:\xampp\htdocs\finance\app\library\helper\tree.php 第 90 行.
[ 2016-07-13T11:30:40+08:00 ] NOTIC: [8] Use of undefined constant EFFECTIVE_TIME - assumed 'EFFECTIVE_TIME' E:\xampp\htdocs\finance\app\controller\admin\abstract.php 第 21 行.
[ 2016-07-13T11:30:40+08:00 ] NOTIC: [8] Undefined index: 43 E:\xampp\htdocs\finance\app\library\helper\tree.php 第 134 行.
[ 2016-07-13T11:30:40+08:00 ] SQL:  RunTime:0.001000s SQL = SHOW COLUMNS FROM `admin_menu`
[ 2016-07-13T11:30:40+08:00 ] NOTIC: [8] Use of undefined constant EFFECTIVE_TIME - assumed 'EFFECTIVE_TIME' E:\xampp\htdocs\finance\app\controller\admin\abstract.php 第 21 行.
[ 2016-07-13T11:30:40+08:00 ] SQL:  RunTime:0.002000s SQL = SHOW COLUMNS FROM `sortware_client`
[ 2016-07-13T11:30:40+08:00 ] SQL:  RunTime:0.002000s SQL = SHOW COLUMNS FROM `sortware`
[ 2016-07-13T11:30:40+08:00 ] SQL:  RunTime:0.001000s SQL = SHOW COLUMNS FROM expense e
[ 2016-07-13T11:30:40+08:00 ] ERR: You have an error in your SQL syntax; check the manual that corresponds to your MySQL server version for the right syntax to use near 'e' at line 1
 [ SQL语句 ] : SHOW COLUMNS FROM expense e
[ 2016-07-13T11:30:40+08:00 ] SQL:  RunTime:0.001000s SQL = SELECT count(*) AS count FROM expense e LEFT JOIN sortware_client c ON c.id = e.sort_client_id LEFT JOIN sortware s ON s.id = c.sort_id ORDER BY e.id desc LIMIT 1  
[ 2016-07-13T11:30:40+08:00 ] SQL:  RunTime:0.001000s SQL = SELECT e.id,e.amount,e.start_time,e.end_time,c.sort_id,c.sort_ver_id,c.subbranch,c.company,c.mobile,s.name FROM expense e LEFT JOIN sortware_client c ON c.id = e.sort_client_id LEFT JOIN sortware s ON s.id = c.sort_id ORDER BY e.id desc LIMIT 0,20  
[ 2016-07-13T11:30:40+08:00 ] WARN: [2048] Declaration of model_finance_softwareVersion::save() should be compatible with that of model::save() E:\xampp\htdocs\finance\app\model\finance\softwareversion.php 第 77 行.
[ 2016-07-13T11:30:40+08:00 ] SQL:  RunTime:0.002000s SQL = SHOW COLUMNS FROM `sortware_version`
[ 2016-07-13T11:30:40+08:00 ] NOTIC: [8] Undefined index: img4 E:\xampp\htdocs\finance\app\library\helper\view.php 第 58 行.
[ 2016-07-13T11:30:40+08:00 ] NOTIC: [8] Undefined index: img4 E:\xampp\htdocs\finance\app\library\helper\view.php 第 58 行.
[ 2016-07-13T11:30:40+08:00 ] NOTIC: [8] Undefined index: img4 E:\xampp\htdocs\finance\app\library\helper\view.php 第 120 行.
[ 2016-07-13T11:30:40+08:00 ] NOTIC: [8] Undefined index: img4 E:\xampp\htdocs\finance\app\library\helper\view.php 第 120 行.
[ 2016-07-13T11:30:40+08:00 ] NOTIC: [8] Undefined index: img4 E:\xampp\htdocs\finance\app\library\helper\view.php 第 120 行.
[ 2016-07-13T11:30:40+08:00 ] NOTIC: [8] Undefined index: img4 E:\xampp\htdocs\finance\app\library\helper\view.php 第 120 行.
[ 2016-07-13T11:30:40+08:00 ] NOTIC: [8] Undefined variable: name E:\xampp\htdocs\finance\app\data\cache\tpl\admin\2efc3f1830f838dc3eea8ca3f1aeabba.php 第 27 行.
[ 2016-07-13T11:30:40+08:00 ] NOTIC: [8] Undefined variable: mobile E:\xampp\htdocs\finance\app\data\cache\tpl\admin\2efc3f1830f838dc3eea8ca3f1aeabba.php 第 29 行.
[ 2016-07-13T11:30:40+08:00 ] NOTIC: [8] Undefined variable: subbranch E:\xampp\htdocs\finance\app\data\cache\tpl\admin\2efc3f1830f838dc3eea8ca3f1aeabba.php 第 31 行.
[ 2016-07-13T11:30:43+08:00 ] SQL:  RunTime:0.002000s SQL = SHOW COLUMNS FROM `admin_menu`
[ 2016-07-13T11:30:43+08:00 ] NOTIC: [8] Undefined index: 45 E:\xampp\htdocs\finance\app\library\helper\tree.php 第 90 行.
[ 2016-07-13T11:30:43+08:00 ] NOTIC: [8] Use of undefined constant EFFECTIVE_TIME - assumed 'EFFECTIVE_TIME' E:\xampp\htdocs\finance\app\controller\admin\abstract.php 第 21 行.
[ 2016-07-13T11:30:43+08:00 ] NOTIC: [8] Undefined index: 43 E:\xampp\htdocs\finance\app\library\helper\tree.php 第 134 行.
[ 2016-07-13T11:30:43+08:00 ] SQL:  RunTime:0.002000s SQL = SHOW COLUMNS FROM `admin_menu`
[ 2016-07-13T11:30:43+08:00 ] NOTIC: [8] Use of undefined constant EFFECTIVE_TIME - assumed 'EFFECTIVE_TIME' E:\xampp\htdocs\finance\app\controller\admin\abstract.php 第 21 行.
[ 2016-07-13T11:30:43+08:00 ] SQL:  RunTime:0.002000s SQL = SHOW COLUMNS FROM `sortware_client`
[ 2016-07-13T11:30:43+08:00 ] SQL:  RunTime:0.001000s SQL = SHOW COLUMNS FROM expense_collect e
[ 2016-07-13T11:30:43+08:00 ] ERR: You have an error in your SQL syntax; check the manual that corresponds to your MySQL server version for the right syntax to use near 'e' at line 1
 [ SQL语句 ] : SHOW COLUMNS FROM expense_collect e
[ 2016-07-13T11:30:43+08:00 ] SQL:  RunTime:0.002000s SQL = SELECT count(*) AS count FROM expense_collect e LEFT JOIN sortware_client c ON c.id = e.sort_client_id LEFT JOIN sortware_version v ON v.id = c.sort_ver_id LEFT JOIN sortware s ON s.id = c.sort_id ORDER BY e.id desc LIMIT 1  
[ 2016-07-13T11:30:43+08:00 ] SQL:  RunTime:0.001000s SQL = SELECT e.id,e.sort_client_id,e.topdate,e.amount,e.degreen,c.sort_id,c.sort_ver_id,c.company,c.mobile,c.subbranch,v.version,s.name FROM expense_collect e LEFT JOIN sortware_client c ON c.id = e.sort_client_id LEFT JOIN sortware_version v ON v.id = c.sort_ver_id LEFT JOIN sortware s ON s.id = c.sort_id ORDER BY e.id desc LIMIT 0,20  
[ 2016-07-13T11:30:43+08:00 ] NOTIC: [8] Undefined index: img4 E:\xampp\htdocs\finance\app\library\helper\view.php 第 58 行.
[ 2016-07-13T11:30:43+08:00 ] NOTIC: [8] Undefined index: img4 E:\xampp\htdocs\finance\app\library\helper\view.php 第 58 行.
[ 2016-07-13T11:30:43+08:00 ] NOTIC: [8] Undefined index: img4 E:\xampp\htdocs\finance\app\library\helper\view.php 第 120 行.
[ 2016-07-13T11:30:43+08:00 ] NOTIC: [8] Undefined index: img4 E:\xampp\htdocs\finance\app\library\helper\view.php 第 120 行.
[ 2016-07-13T11:30:43+08:00 ] NOTIC: [8] Undefined index: img4 E:\xampp\htdocs\finance\app\library\helper\view.php 第 120 行.
[ 2016-07-13T11:30:43+08:00 ] NOTIC: [8] Undefined index: img4 E:\xampp\htdocs\finance\app\library\helper\view.php 第 120 行.
[ 2016-07-13T11:30:43+08:00 ] NOTIC: [8] Undefined variable: mobile E:\xampp\htdocs\finance\app\data\cache\tpl\admin\9ed69551cca0d969cc2c89f9046a23ad.php 第 27 行.
[ 2016-07-13T11:30:43+08:00 ] NOTIC: [8] Undefined variable: subbranch E:\xampp\htdocs\finance\app\data\cache\tpl\admin\9ed69551cca0d969cc2c89f9046a23ad.php 第 29 行.
[ 2016-07-13T11:30:47+08:00 ] SQL:  RunTime:0.001000s SQL = SHOW COLUMNS FROM `admin_menu`
[ 2016-07-13T11:30:47+08:00 ] NOTIC: [8] Undefined index: 46 E:\xampp\htdocs\finance\app\library\helper\tree.php 第 90 行.
[ 2016-07-13T11:30:47+08:00 ] NOTIC: [8] Use of undefined constant EFFECTIVE_TIME - assumed 'EFFECTIVE_TIME' E:\xampp\htdocs\finance\app\controller\admin\abstract.php 第 21 行.
[ 2016-07-13T11:30:47+08:00 ] NOTIC: [8] Undefined index: 43 E:\xampp\htdocs\finance\app\library\helper\tree.php 第 134 行.
[ 2016-07-13T11:30:47+08:00 ] SQL:  RunTime:0.002000s SQL = SHOW COLUMNS FROM `admin_menu`
[ 2016-07-13T11:30:47+08:00 ] NOTIC: [8] Use of undefined constant EFFECTIVE_TIME - assumed 'EFFECTIVE_TIME' E:\xampp\htdocs\finance\app\controller\admin\abstract.php 第 21 行.
[ 2016-07-13T11:30:47+08:00 ] SQL:  RunTime:0.002000s SQL = SHOW COLUMNS FROM `sortware_client`
[ 2016-07-13T11:30:47+08:00 ] SQL:  RunTime:0.001000s SQL = SHOW COLUMNS FROM `sortware`
[ 2016-07-13T11:30:47+08:00 ] SQL:  RunTime:0.000000s SQL = SHOW COLUMNS FROM expense e
[ 2016-07-13T11:30:47+08:00 ] ERR: You have an error in your SQL syntax; check the manual that corresponds to your MySQL server version for the right syntax to use near 'e' at line 1
 [ SQL语句 ] : SHOW COLUMNS FROM expense e
[ 2016-07-13T11:30:47+08:00 ] SQL:  RunTime:0.001000s SQL = SELECT count(*) AS count FROM expense e LEFT JOIN sortware_client c ON c.id = e.sort_client_id LEFT JOIN sortware s ON s.id = c.sort_id ORDER BY e.id desc LIMIT 1  
[ 2016-07-13T11:30:47+08:00 ] SQL:  RunTime:0.001000s SQL = SELECT e.id,e.amount,e.start_time,e.end_time,c.sort_id,c.sort_ver_id,c.subbranch,c.company,c.mobile,s.name FROM expense e LEFT JOIN sortware_client c ON c.id = e.sort_client_id LEFT JOIN sortware s ON s.id = c.sort_id ORDER BY e.id desc LIMIT 0,20  
[ 2016-07-13T11:30:47+08:00 ] WARN: [2048] Declaration of model_finance_softwareVersion::save() should be compatible with that of model::save() E:\xampp\htdocs\finance\app\model\finance\softwareversion.php 第 77 行.
[ 2016-07-13T11:30:47+08:00 ] SQL:  RunTime:0.002001s SQL = SHOW COLUMNS FROM `sortware_version`
[ 2016-07-13T11:30:47+08:00 ] NOTIC: [8] Undefined index: img4 E:\xampp\htdocs\finance\app\library\helper\view.php 第 58 行.
[ 2016-07-13T11:30:47+08:00 ] NOTIC: [8] Undefined index: img4 E:\xampp\htdocs\finance\app\library\helper\view.php 第 58 行.
[ 2016-07-13T11:30:47+08:00 ] NOTIC: [8] Undefined index: img4 E:\xampp\htdocs\finance\app\library\helper\view.php 第 120 行.
[ 2016-07-13T11:30:47+08:00 ] NOTIC: [8] Undefined index: img4 E:\xampp\htdocs\finance\app\library\helper\view.php 第 120 行.
[ 2016-07-13T11:30:47+08:00 ] NOTIC: [8] Undefined index: img4 E:\xampp\htdocs\finance\app\library\helper\view.php 第 120 行.
[ 2016-07-13T11:30:47+08:00 ] NOTIC: [8] Undefined index: img4 E:\xampp\htdocs\finance\app\library\helper\view.php 第 120 行.
[ 2016-07-13T11:30:47+08:00 ] NOTIC: [8] Undefined variable: name E:\xampp\htdocs\finance\app\data\cache\tpl\admin\2efc3f1830f838dc3eea8ca3f1aeabba.php 第 27 行.
[ 2016-07-13T11:30:47+08:00 ] NOTIC: [8] Undefined variable: mobile E:\xampp\htdocs\finance\app\data\cache\tpl\admin\2efc3f1830f838dc3eea8ca3f1aeabba.php 第 29 行.
[ 2016-07-13T11:30:47+08:00 ] NOTIC: [8] Undefined variable: subbranch E:\xampp\htdocs\finance\app\data\cache\tpl\admin\2efc3f1830f838dc3eea8ca3f1aeabba.php 第 31 行.
[ 2016-07-13T11:31:33+08:00 ] SQL:  RunTime:0.001000s SQL = SHOW COLUMNS FROM `admin_menu`
[ 2016-07-13T11:31:33+08:00 ] NOTIC: [8] Undefined index: 45 E:\xampp\htdocs\finance\app\library\helper\tree.php 第 90 行.
[ 2016-07-13T11:31:33+08:00 ] NOTIC: [8] Use of undefined constant EFFECTIVE_TIME - assumed 'EFFECTIVE_TIME' E:\xampp\htdocs\finance\app\controller\admin\abstract.php 第 21 行.
[ 2016-07-13T11:31:33+08:00 ] NOTIC: [8] Undefined index: 43 E:\xampp\htdocs\finance\app\library\helper\tree.php 第 134 行.
[ 2016-07-13T11:31:33+08:00 ] SQL:  RunTime:0.004000s SQL = SHOW COLUMNS FROM `admin_menu`
[ 2016-07-13T11:31:33+08:00 ] NOTIC: [8] Use of undefined constant EFFECTIVE_TIME - assumed 'EFFECTIVE_TIME' E:\xampp\htdocs\finance\app\controller\admin\abstract.php 第 21 行.
[ 2016-07-13T11:31:33+08:00 ] SQL:  RunTime:0.001000s SQL = SHOW COLUMNS FROM `sortware_client`
[ 2016-07-13T11:31:33+08:00 ] SQL:  RunTime:0.000000s SQL = SHOW COLUMNS FROM expense_collect e
[ 2016-07-13T11:31:33+08:00 ] ERR: You have an error in your SQL syntax; check the manual that corresponds to your MySQL server version for the right syntax to use near 'e' at line 1
 [ SQL语句 ] : SHOW COLUMNS FROM expense_collect e
[ 2016-07-13T11:31:33+08:00 ] SQL:  RunTime:0.002000s SQL = SELECT count(*) AS count FROM expense_collect e LEFT JOIN sortware_client c ON c.id = e.sort_client_id LEFT JOIN sortware_version v ON v.id = c.sort_ver_id LEFT JOIN sortware s ON s.id = c.sort_id ORDER BY e.id desc LIMIT 1  
[ 2016-07-13T11:31:33+08:00 ] SQL:  RunTime:0.001000s SQL = SELECT e.id,e.sort_client_id,e.topdate,e.amount,e.degreen,c.sort_id,c.sort_ver_id,c.company,c.mobile,c.subbranch,v.version,s.name FROM expense_collect e LEFT JOIN sortware_client c ON c.id = e.sort_client_id LEFT JOIN sortware_version v ON v.id = c.sort_ver_id LEFT JOIN sortware s ON s.id = c.sort_id ORDER BY e.id desc LIMIT 0,20  
[ 2016-07-13T11:31:33+08:00 ] NOTIC: [8] Undefined index: img4 E:\xampp\htdocs\finance\app\library\helper\view.php 第 58 行.
[ 2016-07-13T11:31:33+08:00 ] NOTIC: [8] Undefined index: img4 E:\xampp\htdocs\finance\app\library\helper\view.php 第 58 行.
[ 2016-07-13T11:31:33+08:00 ] NOTIC: [8] Undefined index: img4 E:\xampp\htdocs\finance\app\library\helper\view.php 第 120 行.
[ 2016-07-13T11:31:33+08:00 ] NOTIC: [8] Undefined index: img4 E:\xampp\htdocs\finance\app\library\helper\view.php 第 120 行.
[ 2016-07-13T11:31:33+08:00 ] NOTIC: [8] Undefined index: img4 E:\xampp\htdocs\finance\app\library\helper\view.php 第 120 行.
[ 2016-07-13T11:31:33+08:00 ] NOTIC: [8] Undefined index: img4 E:\xampp\htdocs\finance\app\library\helper\view.php 第 120 行.
[ 2016-07-13T11:31:33+08:00 ] NOTIC: [8] Undefined variable: mobile E:\xampp\htdocs\finance\app\data\cache\tpl\admin\9ed69551cca0d969cc2c89f9046a23ad.php 第 27 行.
[ 2016-07-13T11:31:33+08:00 ] NOTIC: [8] Undefined variable: subbranch E:\xampp\htdocs\finance\app\data\cache\tpl\admin\9ed69551cca0d969cc2c89f9046a23ad.php 第 29 行.
[ 2016-07-13T11:36:30+08:00 ] SQL:  RunTime:0.001000s SQL = SHOW COLUMNS FROM `admin_menu`
[ 2016-07-13T11:36:30+08:00 ] NOTIC: [8] Use of undefined constant EFFECTIVE_TIME - assumed 'EFFECTIVE_TIME' E:\xampp\htdocs\finance\app\controller\admin\abstract.php 第 21 行.
[ 2016-07-13T11:39:40+08:00 ] SQL:  RunTime:0.002000s SQL = SHOW COLUMNS FROM `admin_menu`
[ 2016-07-13T11:39:40+08:00 ] NOTIC: [8] Use of undefined constant EFFECTIVE_TIME - assumed 'EFFECTIVE_TIME' E:\xampp\htdocs\finance\app\controller\admin\abstract.php 第 21 行.
[ 2016-07-13T11:46:30+08:00 ] SQL:  RunTime:0.001000s SQL = SHOW COLUMNS FROM `admin_menu`
[ 2016-07-13T11:46:30+08:00 ] NOTIC: [8] Use of undefined constant EFFECTIVE_TIME - assumed 'EFFECTIVE_TIME' E:\xampp\htdocs\finance\app\controller\admin\abstract.php 第 21 行.
[ 2016-07-13T11:49:40+08:00 ] SQL:  RunTime:0.002000s SQL = SHOW COLUMNS FROM `admin_menu`
[ 2016-07-13T11:49:40+08:00 ] NOTIC: [8] Use of undefined constant EFFECTIVE_TIME - assumed 'EFFECTIVE_TIME' E:\xampp\htdocs\finance\app\controller\admin\abstract.php 第 21 行.
[ 2016-07-13T11:56:30+08:00 ] SQL:  RunTime:0.001000s SQL = SHOW COLUMNS FROM `admin_menu`
[ 2016-07-13T11:56:30+08:00 ] NOTIC: [8] Use of undefined constant EFFECTIVE_TIME - assumed 'EFFECTIVE_TIME' E:\xampp\htdocs\finance\app\controller\admin\abstract.php 第 21 行.
[ 2016-07-13T11:59:40+08:00 ] SQL:  RunTime:0.001000s SQL = SHOW COLUMNS FROM `admin_menu`
[ 2016-07-13T11:59:40+08:00 ] NOTIC: [8] Use of undefined constant EFFECTIVE_TIME - assumed 'EFFECTIVE_TIME' E:\xampp\htdocs\finance\app\controller\admin\abstract.php 第 21 行.
[ 2016-07-13T12:06:30+08:00 ] SQL:  RunTime:0.002000s SQL = SHOW COLUMNS FROM `admin_menu`
[ 2016-07-13T12:06:30+08:00 ] NOTIC: [8] Use of undefined constant EFFECTIVE_TIME - assumed 'EFFECTIVE_TIME' E:\xampp\htdocs\finance\app\controller\admin\abstract.php 第 21 行.
[ 2016-07-13T12:09:40+08:00 ] SQL:  RunTime:0.001000s SQL = SHOW COLUMNS FROM `admin_menu`
[ 2016-07-13T12:09:40+08:00 ] NOTIC: [8] Use of undefined constant EFFECTIVE_TIME - assumed 'EFFECTIVE_TIME' E:\xampp\htdocs\finance\app\controller\admin\abstract.php 第 21 行.
[ 2016-07-13T12:16:30+08:00 ] SQL:  RunTime:0.002000s SQL = SHOW COLUMNS FROM `admin_menu`
[ 2016-07-13T12:16:30+08:00 ] NOTIC: [8] Use of undefined constant EFFECTIVE_TIME - assumed 'EFFECTIVE_TIME' E:\xampp\htdocs\finance\app\controller\admin\abstract.php 第 21 行.
[ 2016-07-13T12:19:40+08:00 ] SQL:  RunTime:0.002000s SQL = SHOW COLUMNS FROM `admin_menu`
[ 2016-07-13T12:19:40+08:00 ] NOTIC: [8] Use of undefined constant EFFECTIVE_TIME - assumed 'EFFECTIVE_TIME' E:\xampp\htdocs\finance\app\controller\admin\abstract.php 第 21 行.
[ 2016-07-13T12:26:30+08:00 ] SQL:  RunTime:0.002000s SQL = SHOW COLUMNS FROM `admin_menu`
[ 2016-07-13T12:26:30+08:00 ] NOTIC: [8] Use of undefined constant EFFECTIVE_TIME - assumed 'EFFECTIVE_TIME' E:\xampp\htdocs\finance\app\controller\admin\abstract.php 第 21 行.
[ 2016-07-13T12:29:40+08:00 ] SQL:  RunTime:0.002000s SQL = SHOW COLUMNS FROM `admin_menu`
[ 2016-07-13T12:29:40+08:00 ] NOTIC: [8] Use of undefined constant EFFECTIVE_TIME - assumed 'EFFECTIVE_TIME' E:\xampp\htdocs\finance\app\controller\admin\abstract.php 第 21 行.
[ 2016-07-13T12:36:30+08:00 ] SQL:  RunTime:0.002000s SQL = SHOW COLUMNS FROM `admin_menu`
[ 2016-07-13T12:36:30+08:00 ] NOTIC: [8] Use of undefined constant EFFECTIVE_TIME - assumed 'EFFECTIVE_TIME' E:\xampp\htdocs\finance\app\controller\admin\abstract.php 第 21 行.
[ 2016-07-13T12:39:40+08:00 ] SQL:  RunTime:0.001000s SQL = SHOW COLUMNS FROM `admin_menu`
[ 2016-07-13T12:39:40+08:00 ] NOTIC: [8] Use of undefined constant EFFECTIVE_TIME - assumed 'EFFECTIVE_TIME' E:\xampp\htdocs\finance\app\controller\admin\abstract.php 第 21 行.
[ 2016-07-13T12:46:30+08:00 ] SQL:  RunTime:0.001000s SQL = SHOW COLUMNS FROM `admin_menu`
[ 2016-07-13T12:46:30+08:00 ] NOTIC: [8] Use of undefined constant EFFECTIVE_TIME - assumed 'EFFECTIVE_TIME' E:\xampp\htdocs\finance\app\controller\admin\abstract.php 第 21 行.
[ 2016-07-13T12:49:40+08:00 ] SQL:  RunTime:0.001000s SQL = SHOW COLUMNS FROM `admin_menu`
[ 2016-07-13T12:49:40+08:00 ] NOTIC: [8] Use of undefined constant EFFECTIVE_TIME - assumed 'EFFECTIVE_TIME' E:\xampp\htdocs\finance\app\controller\admin\abstract.php 第 21 行.
[ 2016-07-13T12:56:30+08:00 ] SQL:  RunTime:0.001000s SQL = SHOW COLUMNS FROM `admin_menu`
[ 2016-07-13T12:56:30+08:00 ] NOTIC: [8] Use of undefined constant EFFECTIVE_TIME - assumed 'EFFECTIVE_TIME' E:\xampp\htdocs\finance\app\controller\admin\abstract.php 第 21 行.
[ 2016-07-13T12:59:40+08:00 ] SQL:  RunTime:0.001000s SQL = SHOW COLUMNS FROM `admin_menu`
[ 2016-07-13T12:59:40+08:00 ] NOTIC: [8] Use of undefined constant EFFECTIVE_TIME - assumed 'EFFECTIVE_TIME' E:\xampp\htdocs\finance\app\controller\admin\abstract.php 第 21 行.
[ 2016-07-13T13:06:30+08:00 ] SQL:  RunTime:0.002000s SQL = SHOW COLUMNS FROM `admin_menu`
[ 2016-07-13T13:06:30+08:00 ] NOTIC: [8] Use of undefined constant EFFECTIVE_TIME - assumed 'EFFECTIVE_TIME' E:\xampp\htdocs\finance\app\controller\admin\abstract.php 第 21 行.
[ 2016-07-13T13:09:40+08:00 ] SQL:  RunTime:0.001000s SQL = SHOW COLUMNS FROM `admin_menu`
[ 2016-07-13T13:09:40+08:00 ] NOTIC: [8] Use of undefined constant EFFECTIVE_TIME - assumed 'EFFECTIVE_TIME' E:\xampp\htdocs\finance\app\controller\admin\abstract.php 第 21 行.
[ 2016-07-13T13:16:30+08:00 ] SQL:  RunTime:0.001000s SQL = SHOW COLUMNS FROM `admin_menu`
[ 2016-07-13T13:16:30+08:00 ] NOTIC: [8] Use of undefined constant EFFECTIVE_TIME - assumed 'EFFECTIVE_TIME' E:\xampp\htdocs\finance\app\controller\admin\abstract.php 第 21 行.
[ 2016-07-13T13:49:41+08:00 ] SQL:  RunTime:0.001000s SQL = SHOW COLUMNS FROM `admin_menu`
[ 2016-07-13T13:49:41+08:00 ] NOTIC: [8] Use of undefined constant EFFECTIVE_TIME - assumed 'EFFECTIVE_TIME' E:\xampp\htdocs\finance\app\controller\admin\abstract.php 第 21 行.
[ 2016-07-13T13:56:30+08:00 ] SQL:  RunTime:0.002001s SQL = SHOW COLUMNS FROM `admin_menu`
[ 2016-07-13T13:56:30+08:00 ] NOTIC: [8] Use of undefined constant EFFECTIVE_TIME - assumed 'EFFECTIVE_TIME' E:\xampp\htdocs\finance\app\controller\admin\abstract.php 第 21 行.
[ 2016-07-13T13:59:41+08:00 ] SQL:  RunTime:0.002000s SQL = SHOW COLUMNS FROM `admin_menu`
[ 2016-07-13T13:59:41+08:00 ] NOTIC: [8] Use of undefined constant EFFECTIVE_TIME - assumed 'EFFECTIVE_TIME' E:\xampp\htdocs\finance\app\controller\admin\abstract.php 第 21 行.
[ 2016-07-13T14:06:51+08:00 ] WARN: [2] mysql_connect() [<a href='function.mysql-connect'>function.mysql-connect</a>]: [2002] ӷһʱûȷ𸴻ӵûзӦӳʧܡ
 (trying to connect via tcp://172.16.0.252:3306) E:\xampp\htdocs\finance\framework\library\db\mysql.php 第 34 行.
[ 2016-07-13T14:06:51+08:00 ] WARN: [2] mysql_connect() [<a href='function.mysql-connect'>function.mysql-connect</a>]: ӷһʱûȷ𸴻ӵûзӦӳʧܡ
 E:\xampp\htdocs\finance\framework\library\db\mysql.php 第 34 行.
[ 2016-07-13T14:09:48+08:00 ] SQL:  RunTime:0.002000s SQL = SHOW COLUMNS FROM `admin_menu`
[ 2016-07-13T14:09:48+08:00 ] NOTIC: [8] Use of undefined constant EFFECTIVE_TIME - assumed 'EFFECTIVE_TIME' E:\xampp\htdocs\finance\app\controller\admin\abstract.php 第 21 行.
[ 2016-07-13T14:16:30+08:00 ] SQL:  RunTime:0.001000s SQL = SHOW COLUMNS FROM `admin_menu`
[ 2016-07-13T14:16:30+08:00 ] NOTIC: [8] Use of undefined constant EFFECTIVE_TIME - assumed 'EFFECTIVE_TIME' E:\xampp\htdocs\finance\app\controller\admin\abstract.php 第 21 行.
[ 2016-07-13T14:19:41+08:00 ] SQL:  RunTime:0.001000s SQL = SHOW COLUMNS FROM `admin_menu`
[ 2016-07-13T14:19:41+08:00 ] NOTIC: [8] Use of undefined constant EFFECTIVE_TIME - assumed 'EFFECTIVE_TIME' E:\xampp\htdocs\finance\app\controller\admin\abstract.php 第 21 行.
[ 2016-07-13T14:19:41+08:00 ] SQL:  RunTime:0.001001s SQL = SELECT sort_client_id, code, SUM(`amount`) as `amount`, COUNT(*) as `degreen` FROM `expense` where start_time >= 1468339200 AND start_time <= 1468425599 group by sort_client_id
[ 2016-07-13T14:19:41+08:00 ] SQL:  RunTime:0.002000s SQL = SHOW COLUMNS FROM `expense_collect`
[ 2016-07-13T14:19:41+08:00 ] SQL:  RunTime:0.011000s SQL = INSERT INTO `expense_collect` (`sort_client_id`,`code`,`amount`,`degreen`,`add_time`,`topdate`) VALUES (102,'9FE23230-E987-4402-CED3-6044AE1023CB','1578.00',2,1468390781,'2016-07-13')
[ 2016-07-13T14:19:41+08:00 ] SQL:  RunTime:0.002000s SQL = SHOW COLUMNS FROM `admin_menu`
[ 2016-07-13T14:19:41+08:00 ] NOTIC: [8] Use of undefined constant EFFECTIVE_TIME - assumed 'EFFECTIVE_TIME' E:\xampp\htdocs\finance\app\controller\admin\abstract.php 第 21 行.
[ 2016-07-13T14:20:22+08:00 ] SQL:  RunTime:0.001000s SQL = SHOW COLUMNS FROM `admin_menu`
[ 2016-07-13T14:20:22+08:00 ] NOTIC: [8] Use of undefined constant EFFECTIVE_TIME - assumed 'EFFECTIVE_TIME' E:\xampp\htdocs\finance\app\controller\admin\abstract.php 第 21 行.
[ 2016-07-13T14:20:22+08:00 ] SQL:  RunTime:0.001000s SQL = SELECT sort_client_id, code, SUM(`amount`) as `amount`, COUNT(*) as `degreen` FROM `expense` where start_time >= 1468339200 AND start_time <= 1468425599 group by sort_client_id
[ 2016-07-13T14:20:22+08:00 ] SQL:  RunTime:0.002000s SQL = SHOW COLUMNS FROM `expense_collect`
[ 2016-07-13T14:20:22+08:00 ] SQL:  RunTime:0.011000s SQL = INSERT INTO `expense_collect` (`sort_client_id`,`code`,`amount`,`degreen`,`add_time`,`topdate`) VALUES (102,'9FE23230-E987-4402-CED3-6044AE1023CB','1578.00',2,1468390822,'2016-07-13')
[ 2016-07-13T14:20:42+08:00 ] SQL:  RunTime:0.002000s SQL = SHOW COLUMNS FROM `admin_menu`
[ 2016-07-13T14:20:42+08:00 ] NOTIC: [8] Use of undefined constant EFFECTIVE_TIME - assumed 'EFFECTIVE_TIME' E:\xampp\htdocs\finance\app\controller\admin\abstract.php 第 21 行.
[ 2016-07-13T14:20:42+08:00 ] SQL:  RunTime:0.001000s SQL = SELECT sort_client_id, code, SUM(`amount`) as `amount`, COUNT(*) as `degreen` FROM `expense` where start_time >= 1468339200 AND start_time <= 1468425599 group by sort_client_id
[ 2016-07-13T14:20:42+08:00 ] SQL:  RunTime:0.001000s SQL = SHOW COLUMNS FROM `expense_collect`
[ 2016-07-13T14:20:42+08:00 ] SQL:  RunTime:0.011001s SQL = INSERT INTO `expense_collect` (`sort_client_id`,`code`,`amount`,`degreen`,`add_time`,`topdate`) VALUES (102,'9FE23230-E987-4402-CED3-6044AE1023CB','1578.00',2,1468390842,'2016-07-13')
[ 2016-07-13T14:20:44+08:00 ] SQL:  RunTime:0.002001s SQL = SHOW COLUMNS FROM `admin_menu`
[ 2016-07-13T14:20:44+08:00 ] NOTIC: [8] Use of undefined constant EFFECTIVE_TIME - assumed 'EFFECTIVE_TIME' E:\xampp\htdocs\finance\app\controller\admin\abstract.php 第 21 行.
[ 2016-07-13T14:20:44+08:00 ] SQL:  RunTime:0.003000s SQL = SELECT sort_client_id, code, SUM(`amount`) as `amount`, COUNT(*) as `degreen` FROM `expense` where start_time >= 1468339200 AND start_time <= 1468425599 group by sort_client_id
[ 2016-07-13T14:20:44+08:00 ] SQL:  RunTime:0.001000s SQL = SHOW COLUMNS FROM `expense_collect`
[ 2016-07-13T14:20:44+08:00 ] SQL:  RunTime:0.004000s SQL = INSERT INTO `expense_collect` (`sort_client_id`,`code`,`amount`,`degreen`,`add_time`,`topdate`) VALUES (102,'9FE23230-E987-4402-CED3-6044AE1023CB','1578.00',2,1468390844,'2016-07-13')
[ 2016-07-13T14:20:45+08:00 ] SQL:  RunTime:0.001000s SQL = SHOW COLUMNS FROM `admin_menu`
[ 2016-07-13T14:20:45+08:00 ] NOTIC: [8] Use of undefined constant EFFECTIVE_TIME - assumed 'EFFECTIVE_TIME' E:\xampp\htdocs\finance\app\controller\admin\abstract.php 第 21 行.
[ 2016-07-13T14:20:45+08:00 ] SQL:  RunTime:0.001000s SQL = SELECT sort_client_id, code, SUM(`amount`) as `amount`, COUNT(*) as `degreen` FROM `expense` where start_time >= 1468339200 AND start_time <= 1468425599 group by sort_client_id
[ 2016-07-13T14:20:45+08:00 ] SQL:  RunTime:0.001000s SQL = SHOW COLUMNS FROM `expense_collect`
[ 2016-07-13T14:20:45+08:00 ] SQL:  RunTime:0.009001s SQL = INSERT INTO `expense_collect` (`sort_client_id`,`code`,`amount`,`degreen`,`add_time`,`topdate`) VALUES (102,'9FE23230-E987-4402-CED3-6044AE1023CB','1578.00',2,1468390845,'2016-07-13')
[ 2016-07-13T14:21:07+08:00 ] SQL:  RunTime:0.001000s SQL = SHOW COLUMNS FROM `admin_menu`
[ 2016-07-13T14:21:07+08:00 ] NOTIC: [8] Use of undefined constant EFFECTIVE_TIME - assumed 'EFFECTIVE_TIME' E:\xampp\htdocs\finance\app\controller\admin\abstract.php 第 21 行.
[ 2016-07-13T14:21:07+08:00 ] SQL:  RunTime:0.001000s SQL = SELECT sort_client_id, code, SUM(`amount`) as `amount`, COUNT(*) as `degreen` FROM `expense` where start_time >= 1468339200 AND start_time <= 1468425599 group by sort_client_id
[ 2016-07-13T14:21:07+08:00 ] SQL:  RunTime:0.002000s SQL = SHOW COLUMNS FROM `expense_collect`
[ 2016-07-13T14:21:07+08:00 ] SQL:  RunTime:0.011000s SQL = INSERT INTO `expense_collect` (`sort_client_id`,`code`,`amount`,`degreen`,`add_time`,`topdate`) VALUES (102,'9FE23230-E987-4402-CED3-6044AE1023CB','1578.00',2,1468390867,'2016-07-13')
[ 2016-07-13T14:21:09+08:00 ] SQL:  RunTime:0.001000s SQL = SHOW COLUMNS FROM `admin_menu`
[ 2016-07-13T14:21:09+08:00 ] NOTIC: [8] Use of undefined constant EFFECTIVE_TIME - assumed 'EFFECTIVE_TIME' E:\xampp\htdocs\finance\app\controller\admin\abstract.php 第 21 行.
[ 2016-07-13T14:21:09+08:00 ] SQL:  RunTime:0.002000s SQL = SELECT sort_client_id, code, SUM(`amount`) as `amount`, COUNT(*) as `degreen` FROM `expense` where start_time >= 1468339200 AND start_time <= 1468425599 group by sort_client_id
[ 2016-07-13T14:21:09+08:00 ] SQL:  RunTime:0.001000s SQL = SHOW COLUMNS FROM `expense_collect`
[ 2016-07-13T14:21:09+08:00 ] SQL:  RunTime:0.003000s SQL = INSERT INTO `expense_collect` (`sort_client_id`,`code`,`amount`,`degreen`,`add_time`,`topdate`) VALUES (102,'9FE23230-E987-4402-CED3-6044AE1023CB','1578.00',2,1468390869,'2016-07-13')
[ 2016-07-13T14:21:10+08:00 ] SQL:  RunTime:0.002000s SQL = SHOW COLUMNS FROM `admin_menu`
[ 2016-07-13T14:21:10+08:00 ] NOTIC: [8] Use of undefined constant EFFECTIVE_TIME - assumed 'EFFECTIVE_TIME' E:\xampp\htdocs\finance\app\controller\admin\abstract.php 第 21 行.
[ 2016-07-13T14:21:10+08:00 ] SQL:  RunTime:0.001000s SQL = SELECT sort_client_id, code, SUM(`amount`) as `amount`, COUNT(*) as `degreen` FROM `expense` where start_time >= 1468339200 AND start_time <= 1468425599 group by sort_client_id
[ 2016-07-13T14:21:10+08:00 ] SQL:  RunTime:0.002000s SQL = SHOW COLUMNS FROM `expense_collect`
[ 2016-07-13T14:21:10+08:00 ] SQL:  RunTime:0.009000s SQL = INSERT INTO `expense_collect` (`sort_client_id`,`code`,`amount`,`degreen`,`add_time`,`topdate`) VALUES (102,'9FE23230-E987-4402-CED3-6044AE1023CB','1578.00',2,1468390870,'2016-07-13')
[ 2016-07-13T14:21:11+08:00 ] SQL:  RunTime:0.001000s SQL = SHOW COLUMNS FROM `admin_menu`
[ 2016-07-13T14:21:11+08:00 ] NOTIC: [8] Use of undefined constant EFFECTIVE_TIME - assumed 'EFFECTIVE_TIME' E:\xampp\htdocs\finance\app\controller\admin\abstract.php 第 21 行.
[ 2016-07-13T14:21:11+08:00 ] SQL:  RunTime:0.001000s SQL = SELECT sort_client_id, code, SUM(`amount`) as `amount`, COUNT(*) as `degreen` FROM `expense` where start_time >= 1468339200 AND start_time <= 1468425599 group by sort_client_id
[ 2016-07-13T14:21:11+08:00 ] SQL:  RunTime:0.002000s SQL = SHOW COLUMNS FROM `expense_collect`
[ 2016-07-13T14:21:11+08:00 ] SQL:  RunTime:0.010000s SQL = INSERT INTO `expense_collect` (`sort_client_id`,`code`,`amount`,`degreen`,`add_time`,`topdate`) VALUES (102,'9FE23230-E987-4402-CED3-6044AE1023CB','1578.00',2,1468390871,'2016-07-13')
[ 2016-07-13T14:21:12+08:00 ] SQL:  RunTime:0.001000s SQL = SHOW COLUMNS FROM `admin_menu`
[ 2016-07-13T14:21:12+08:00 ] NOTIC: [8] Use of undefined constant EFFECTIVE_TIME - assumed 'EFFECTIVE_TIME' E:\xampp\htdocs\finance\app\controller\admin\abstract.php 第 21 行.
[ 2016-07-13T14:21:12+08:00 ] SQL:  RunTime:0.001000s SQL = SELECT sort_client_id, code, SUM(`amount`) as `amount`, COUNT(*) as `degreen` FROM `expense` where start_time >= 1468339200 AND start_time <= 1468425599 group by sort_client_id
[ 2016-07-13T14:21:12+08:00 ] SQL:  RunTime:0.001000s SQL = SHOW COLUMNS FROM `expense_collect`
[ 2016-07-13T14:21:12+08:00 ] SQL:  RunTime:0.024002s SQL = INSERT INTO `expense_collect` (`sort_client_id`,`code`,`amount`,`degreen`,`add_time`,`topdate`) VALUES (102,'9FE23230-E987-4402-CED3-6044AE1023CB','1578.00',2,1468390872,'2016-07-13')
[ 2016-07-13T14:21:13+08:00 ] SQL:  RunTime:0.002000s SQL = SHOW COLUMNS FROM `admin_menu`
[ 2016-07-13T14:21:13+08:00 ] NOTIC: [8] Use of undefined constant EFFECTIVE_TIME - assumed 'EFFECTIVE_TIME' E:\xampp\htdocs\finance\app\controller\admin\abstract.php 第 21 行.
[ 2016-07-13T14:21:13+08:00 ] SQL:  RunTime:0.001000s SQL = SELECT sort_client_id, code, SUM(`amount`) as `amount`, COUNT(*) as `degreen` FROM `expense` where start_time >= 1468339200 AND start_time <= 1468425599 group by sort_client_id
[ 2016-07-13T14:21:13+08:00 ] SQL:  RunTime:0.002000s SQL = SHOW COLUMNS FROM `expense_collect`
[ 2016-07-13T14:21:13+08:00 ] SQL:  RunTime:0.003001s SQL = INSERT INTO `expense_collect` (`sort_client_id`,`code`,`amount`,`degreen`,`add_time`,`topdate`) VALUES (102,'9FE23230-E987-4402-CED3-6044AE1023CB','1578.00',2,1468390873,'2016-07-13')
[ 2016-07-13T14:26:31+08:00 ] SQL:  RunTime:0.001000s SQL = SHOW COLUMNS FROM `admin_menu`
[ 2016-07-13T14:26:31+08:00 ] NOTIC: [8] Use of undefined constant EFFECTIVE_TIME - assumed 'EFFECTIVE_TIME' E:\xampp\htdocs\finance\app\controller\admin\abstract.php 第 21 行.
[ 2016-07-13T14:29:41+08:00 ] SQL:  RunTime:0.001000s SQL = SHOW COLUMNS FROM `admin_menu`
[ 2016-07-13T14:29:41+08:00 ] NOTIC: [8] Use of undefined constant EFFECTIVE_TIME - assumed 'EFFECTIVE_TIME' E:\xampp\htdocs\finance\app\controller\admin\abstract.php 第 21 行.
[ 2016-07-13T14:29:41+08:00 ] SQL:  RunTime:0.002000s SQL = SHOW COLUMNS FROM `admin_menu`
[ 2016-07-13T14:29:41+08:00 ] NOTIC: [8] Use of undefined constant EFFECTIVE_TIME - assumed 'EFFECTIVE_TIME' E:\xampp\htdocs\finance\app\controller\admin\abstract.php 第 21 行.
[ 2016-07-13T14:29:42+08:00 ] SQL:  RunTime:0.001000s SQL = SELECT sort_client_id, code, SUM(`amount`) as `amount`, COUNT(*) as `degreen` FROM `expense` where start_time >= 1468339200 AND start_time <= 1468425599 group by sort_client_id
[ 2016-07-13T14:29:42+08:00 ] SQL:  RunTime:0.002001s SQL = SHOW COLUMNS FROM `expense_collect`
[ 2016-07-13T14:29:42+08:00 ] SQL:  RunTime:0.003000s SQL = INSERT INTO `expense_collect` (`sort_client_id`,`code`,`amount`,`degreen`,`add_time`,`topdate`) VALUES (102,'9FE23230-E987-4402-CED3-6044AE1023CB','1578.00',2,1468391382,'2016-07-13')
[ 2016-07-13T14:31:35+08:00 ] SQL:  RunTime:0.002000s SQL = SHOW COLUMNS FROM `admin_menu`
[ 2016-07-13T14:31:36+08:00 ] NOTIC: [8] Use of undefined constant EFFECTIVE_TIME - assumed 'EFFECTIVE_TIME' E:\xampp\htdocs\finance\app\controller\admin\abstract.php 第 21 行.
[ 2016-07-13T14:31:36+08:00 ] SQL:  RunTime:0.001000s SQL = SELECT sort_client_id, code, SUM(`amount`) as `amount`, COUNT(*) as `degreen` FROM `expense` where start_time >= 1468339200 AND start_time <= 1468425599 group by sort_client_id
[ 2016-07-13T14:31:36+08:00 ] SQL:  RunTime:0.003000s SQL = SHOW COLUMNS FROM `expense_collect`
[ 2016-07-13T14:31:36+08:00 ] SQL:  RunTime:0.014001s SQL = INSERT INTO `expense_collect` (`sort_client_id`,`code`,`amount`,`degreen`,`add_time`,`topdate`) VALUES (102,'9FE23230-E987-4402-CED3-6044AE1023CB','1578.00',2,1468391496,'2016-07-13')
[ 2016-07-13T14:36:31+08:00 ] SQL:  RunTime:0.002000s SQL = SHOW COLUMNS FROM `admin_menu`
[ 2016-07-13T14:36:31+08:00 ] NOTIC: [8] Use of undefined constant EFFECTIVE_TIME - assumed 'EFFECTIVE_TIME' E:\xampp\htdocs\finance\app\controller\admin\abstract.php 第 21 行.
[ 2016-07-13T14:39:24+08:00 ] SQL:  RunTime:0.002000s SQL = SHOW COLUMNS FROM `admin_menu`
[ 2016-07-13T14:40:05+08:00 ] NOTIC: [8] Use of undefined constant EFFECTIVE_TIME - assumed 'EFFECTIVE_TIME' E:\xampp\htdocs\finance\app\controller\admin\abstract.php 第 21 行.
[ 2016-07-13T14:40:47+08:00 ] SQL:  RunTime:0.003000s SQL = SELECT sort_client_id, code, SUM(`amount`) as `amount`, COUNT(*) as `degreen` FROM `expense` where start_time >= 1468339200 AND start_time <= 1468425599 group by sort_client_id
[ 2016-07-13T14:40:47+08:00 ] SQL:  RunTime:0.002000s SQL = SHOW COLUMNS FROM `expense_collect`
[ 2016-07-13T14:40:47+08:00 ] SQL:  RunTime:0.012000s SQL = INSERT INTO `expense_collect` (`sort_client_id`,`code`,`amount`,`degreen`,`add_time`,`topdate`) VALUES (102,'9FE23230-E987-4402-CED3-6044AE1023CB','1578.00',2,1468392047,'2016-07-13')
[ 2016-07-13T14:40:48+08:00 ] SQL:  RunTime:0.002000s SQL = SHOW COLUMNS FROM `admin_menu`
[ 2016-07-13T14:40:48+08:00 ] NOTIC: [8] Use of undefined constant EFFECTIVE_TIME - assumed 'EFFECTIVE_TIME' E:\xampp\htdocs\finance\app\controller\admin\abstract.php 第 21 行.
[ 2016-07-13T14:41:33+08:00 ] SQL:  RunTime:0.002000s SQL = SHOW COLUMNS FROM `admin_menu`
[ 2016-07-13T14:41:33+08:00 ] NOTIC: [8] Use of undefined constant EFFECTIVE_TIME - assumed 'EFFECTIVE_TIME' E:\xampp\htdocs\finance\app\controller\admin\abstract.php 第 21 行.
[ 2016-07-13T14:45:03+08:00 ] SQL:  RunTime:12.777731s SQL = SELECT sort_client_id, code, SUM(`amount`) as `amount`, COUNT(*) as `degreen` FROM `expense` where start_time >= 1468339200 AND start_time <= 1468425599 group by sort_client_id
[ 2016-07-13T14:46:40+08:00 ] SQL:  RunTime:0.002000s SQL = SHOW COLUMNS FROM `expense_collect`
[ 2016-07-13T14:46:40+08:00 ] SQL:  RunTime:0.003001s SQL = INSERT INTO `expense_collect` (`sort_client_id`,`code`,`amount`,`degreen`,`add_time`,`topdate`) VALUES (102,'9FE23230-E987-4402-CED3-6044AE1023CB','1578.00',2,1468392369,'2016-07-13')
[ 2016-07-13T14:46:40+08:00 ] SQL:  RunTime:0.002000s SQL = SHOW COLUMNS FROM `admin_menu`
[ 2016-07-13T14:46:40+08:00 ] NOTIC: [8] Use of undefined constant EFFECTIVE_TIME - assumed 'EFFECTIVE_TIME' E:\xampp\htdocs\finance\app\controller\admin\abstract.php 第 21 行.
[ 2016-07-13T14:47:17+08:00 ] SQL:  RunTime:0.002000s SQL = SHOW COLUMNS FROM `admin_menu`
[ 2016-07-13T14:47:17+08:00 ] NOTIC: [8] Use of undefined constant EFFECTIVE_TIME - assumed 'EFFECTIVE_TIME' E:\xampp\htdocs\finance\app\controller\admin\abstract.php 第 21 行.
[ 2016-07-13T14:47:17+08:00 ] SQL:  RunTime:0.002000s SQL = SELECT sort_client_id, code, SUM(`amount`) as `amount`, COUNT(*) as `degreen` FROM `expense` where start_time >= 1468339200 AND start_time <= 1468425599 group by sort_client_id
[ 2016-07-13T14:47:17+08:00 ] SQL:  RunTime:0.002000s SQL = SHOW COLUMNS FROM `expense_collect`
[ 2016-07-13T14:47:17+08:00 ] SQL:  RunTime:0.012001s SQL = INSERT INTO `expense_collect` (`sort_client_id`,`code`,`amount`,`degreen`,`add_time`,`topdate`) VALUES (102,'9FE23230-E987-4402-CED3-6044AE1023CB','1578.00',2,1468392437,'2016-07-13')
[ 2016-07-13T14:49:41+08:00 ] SQL:  RunTime:0.002000s SQL = SHOW COLUMNS FROM `admin_menu`
[ 2016-07-13T14:49:41+08:00 ] NOTIC: [8] Use of undefined constant EFFECTIVE_TIME - assumed 'EFFECTIVE_TIME' E:\xampp\htdocs\finance\app\controller\admin\abstract.php 第 21 行.
[ 2016-07-13T14:56:31+08:00 ] SQL:  RunTime:0.001000s SQL = SHOW COLUMNS FROM `admin_menu`
[ 2016-07-13T14:56:31+08:00 ] NOTIC: [8] Use of undefined constant EFFECTIVE_TIME - assumed 'EFFECTIVE_TIME' E:\xampp\htdocs\finance\app\controller\admin\abstract.php 第 21 行.
[ 2016-07-13T14:59:41+08:00 ] SQL:  RunTime:0.007000s SQL = SHOW COLUMNS FROM `admin_menu`
[ 2016-07-13T14:59:41+08:00 ] NOTIC: [8] Use of undefined constant EFFECTIVE_TIME - assumed 'EFFECTIVE_TIME' E:\xampp\htdocs\finance\app\controller\admin\abstract.php 第 21 行.
[ 2016-07-13T15:06:31+08:00 ] SQL:  RunTime:0.002000s SQL = SHOW COLUMNS FROM `admin_menu`
[ 2016-07-13T15:06:31+08:00 ] NOTIC: [8] Use of undefined constant EFFECTIVE_TIME - assumed 'EFFECTIVE_TIME' E:\xampp\htdocs\finance\app\controller\admin\abstract.php 第 21 行.
[ 2016-07-13T15:09:41+08:00 ] SQL:  RunTime:0.002000s SQL = SHOW COLUMNS FROM `admin_menu`
[ 2016-07-13T15:09:41+08:00 ] NOTIC: [8] Use of undefined constant EFFECTIVE_TIME - assumed 'EFFECTIVE_TIME' E:\xampp\htdocs\finance\app\controller\admin\abstract.php 第 21 行.
[ 2016-07-13T15:16:31+08:00 ] SQL:  RunTime:0.002000s SQL = SHOW COLUMNS FROM `admin_menu`
[ 2016-07-13T15:16:31+08:00 ] NOTIC: [8] Use of undefined constant EFFECTIVE_TIME - assumed 'EFFECTIVE_TIME' E:\xampp\htdocs\finance\app\controller\admin\abstract.php 第 21 行.
[ 2016-07-13T15:19:41+08:00 ] SQL:  RunTime:0.002000s SQL = SHOW COLUMNS FROM `admin_menu`
[ 2016-07-13T15:19:41+08:00 ] NOTIC: [8] Use of undefined constant EFFECTIVE_TIME - assumed 'EFFECTIVE_TIME' E:\xampp\htdocs\finance\app\controller\admin\abstract.php 第 21 行.
[ 2016-07-13T15:26:31+08:00 ] SQL:  RunTime:0.018001s SQL = SHOW COLUMNS FROM `admin_menu`
[ 2016-07-13T15:26:31+08:00 ] NOTIC: [8] Use of undefined constant EFFECTIVE_TIME - assumed 'EFFECTIVE_TIME' E:\xampp\htdocs\finance\app\controller\admin\abstract.php 第 21 行.
[ 2016-07-13T15:29:41+08:00 ] SQL:  RunTime:0.016001s SQL = SHOW COLUMNS FROM `admin_menu`
[ 2016-07-13T15:29:41+08:00 ] NOTIC: [8] Use of undefined constant EFFECTIVE_TIME - assumed 'EFFECTIVE_TIME' E:\xampp\htdocs\finance\app\controller\admin\abstract.php 第 21 行.
[ 2016-07-13T15:36:31+08:00 ] SQL:  RunTime:0.002000s SQL = SHOW COLUMNS FROM `admin_menu`
[ 2016-07-13T15:36:31+08:00 ] NOTIC: [8] Use of undefined constant EFFECTIVE_TIME - assumed 'EFFECTIVE_TIME' E:\xampp\htdocs\finance\app\controller\admin\abstract.php 第 21 行.
[ 2016-07-13T15:39:41+08:00 ] SQL:  RunTime:0.002000s SQL = SHOW COLUMNS FROM `admin_menu`
[ 2016-07-13T15:39:41+08:00 ] SQL:  RunTime:0.002500s SQL = SELECT * FROM `admin_menu` ORDER BY `sort` ASC,id ASC 
[ 2016-07-13T15:39:41+08:00 ] NOTIC: [8] Use of undefined constant EFFECTIVE_TIME - assumed 'EFFECTIVE_TIME' E:\xampp\htdocs\finance\app\controller\admin\abstract.php 第 21 行.
[ 2016-07-13T15:46:38+08:00 ] SQL:  RunTime:0.002000s SQL = SHOW COLUMNS FROM `admin_menu`
[ 2016-07-13T15:46:38+08:00 ] NOTIC: [8] Use of undefined constant EFFECTIVE_TIME - assumed 'EFFECTIVE_TIME' E:\xampp\htdocs\finance\app\controller\admin\abstract.php 第 21 行.
[ 2016-07-13T15:50:02+08:00 ] WARN: [2] mysql_connect() [<a href='function.mysql-connect'>function.mysql-connect</a>]: [2002] ӷһʱûȷ𸴻ӵûзӦӳʧܡ
 (trying to connect via tcp://172.16.0.252:3306) E:\xampp\htdocs\finance\framework\library\db\mysql.php 第 34 行.
[ 2016-07-13T15:50:02+08:00 ] WARN: [2] mysql_connect() [<a href='function.mysql-connect'>function.mysql-connect</a>]: ӷһʱûȷ𸴻ӵûзӦӳʧܡ
 E:\xampp\htdocs\finance\framework\library\db\mysql.php 第 34 行.
[ 2016-07-13T15:57:00+08:00 ] WARN: [2] mysql_connect() [<a href='function.mysql-connect'>function.mysql-connect</a>]: [2002] ӷһʱûȷ𸴻ӵûзӦӳʧܡ
 (trying to connect via tcp://172.16.0.252:3306) E:\xampp\htdocs\finance\framework\library\db\mysql.php 第 34 行.
[ 2016-07-13T15:57:00+08:00 ] WARN: [2] mysql_connect() [<a href='function.mysql-connect'>function.mysql-connect</a>]: ӷһʱûȷ𸴻ӵûзӦӳʧܡ
 E:\xampp\htdocs\finance\framework\library\db\mysql.php 第 34 行.
[ 2016-07-13T16:00:02+08:00 ] WARN: [2] mysql_connect() [<a href='function.mysql-connect'>function.mysql-connect</a>]: [2002] ӷһʱûȷ𸴻ӵûзӦӳʧܡ
 (trying to connect via tcp://172.16.0.252:3306) E:\xampp\htdocs\finance\framework\library\db\mysql.php 第 34 行.
[ 2016-07-13T16:00:02+08:00 ] WARN: [2] mysql_connect() [<a href='function.mysql-connect'>function.mysql-connect</a>]: ӷһʱûȷ𸴻ӵûзӦӳʧܡ
 E:\xampp\htdocs\finance\framework\library\db\mysql.php 第 34 行.
[ 2016-07-13T16:07:14+08:00 ] WARN: [2] mysql_connect() [<a href='function.mysql-connect'>function.mysql-connect</a>]: [2002] ӷһʱûȷ𸴻ӵûзӦӳʧܡ
 (trying to connect via tcp://172.16.0.252:3306) E:\xampp\htdocs\finance\framework\library\db\mysql.php 第 34 行.
[ 2016-07-13T16:07:14+08:00 ] WARN: [2] mysql_connect() [<a href='function.mysql-connect'>function.mysql-connect</a>]: ӷһʱûȷ𸴻ӵûзӦӳʧܡ
 E:\xampp\htdocs\finance\framework\library\db\mysql.php 第 34 行.
[ 2016-07-13T16:10:56+08:00 ] SQL:  RunTime:1.073061s SQL = SHOW COLUMNS FROM `admin_menu`
[ 2016-07-13T16:11:23+08:00 ] NOTIC: [8] Use of undefined constant EFFECTIVE_TIME - assumed 'EFFECTIVE_TIME' E:\xampp\htdocs\finance\app\controller\admin\abstract.php 第 21 行.
[ 2016-07-13T16:19:08+08:00 ] SQL:  RunTime:0.002001s SQL = SHOW COLUMNS FROM `admin_menu`
[ 2016-07-13T16:19:08+08:00 ] NOTIC: [8] Use of undefined constant EFFECTIVE_TIME - assumed 'EFFECTIVE_TIME' E:\xampp\htdocs\finance\app\controller\admin\abstract.php 第 21 行.
[ 2016-07-13T16:19:43+08:00 ] SQL:  RunTime:0.002000s SQL = SHOW COLUMNS FROM `admin_menu`
[ 2016-07-13T16:19:43+08:00 ] NOTIC: [8] Use of undefined constant EFFECTIVE_TIME - assumed 'EFFECTIVE_TIME' E:\xampp\htdocs\finance\app\controller\admin\abstract.php 第 21 行.
[ 2016-07-13T16:30:03+08:00 ] WARN: [2] mysql_connect() [<a href='function.mysql-connect'>function.mysql-connect</a>]: [2002] ӷһʱûȷ𸴻ӵûзӦӳʧܡ
 (trying to connect via tcp://172.16.0.252:3306) E:\xampp\htdocs\finance\framework\library\db\mysql.php 第 34 行.
[ 2016-07-13T16:30:03+08:00 ] WARN: [2] mysql_connect() [<a href='function.mysql-connect'>function.mysql-connect</a>]: ӷһʱûȷ𸴻ӵûзӦӳʧܡ
 E:\xampp\htdocs\finance\framework\library\db\mysql.php 第 34 行.
[ 2016-07-13T16:36:52+08:00 ] WARN: [2] mysql_connect() [<a href='function.mysql-connect'>function.mysql-connect</a>]: [2002] ӷһʱûȷ𸴻ӵûзӦӳʧܡ
 (trying to connect via tcp://172.16.0.252:3306) E:\xampp\htdocs\finance\framework\library\db\mysql.php 第 34 行.
[ 2016-07-13T16:36:52+08:00 ] WARN: [2] mysql_connect() [<a href='function.mysql-connect'>function.mysql-connect</a>]: ӷһʱûȷ𸴻ӵûзӦӳʧܡ
 E:\xampp\htdocs\finance\framework\library\db\mysql.php 第 34 行.
[ 2016-07-13T16:40:02+08:00 ] WARN: [2] mysql_connect() [<a href='function.mysql-connect'>function.mysql-connect</a>]: [2002] ӷһʱûȷ𸴻ӵûзӦӳʧܡ
 (trying to connect via tcp://172.16.0.252:3306) E:\xampp\htdocs\finance\framework\library\db\mysql.php 第 34 行.
[ 2016-07-13T16:40:02+08:00 ] WARN: [2] mysql_connect() [<a href='function.mysql-connect'>function.mysql-connect</a>]: ӷһʱûȷ𸴻ӵûзӦӳʧܡ
 E:\xampp\htdocs\finance\framework\library\db\mysql.php 第 34 行.
[ 2016-07-13T16:47:10+08:00 ] WARN: [2] mysql_connect() [<a href='function.mysql-connect'>function.mysql-connect</a>]: [2002] ӷһʱûȷ𸴻ӵûзӦӳʧܡ
 (trying to connect via tcp://172.16.0.252:3306) E:\xampp\htdocs\finance\framework\library\db\mysql.php 第 34 行.
[ 2016-07-13T16:47:10+08:00 ] WARN: [2] mysql_connect() [<a href='function.mysql-connect'>function.mysql-connect</a>]: ӷһʱûȷ𸴻ӵûзӦӳʧܡ
 E:\xampp\htdocs\finance\framework\library\db\mysql.php 第 34 行.
[ 2016-07-13T16:50:08+08:00 ] WARN: [2] mysql_connect() [<a href='function.mysql-connect'>function.mysql-connect</a>]: [2002] ӷһʱûȷ𸴻ӵûзӦӳʧܡ
 (trying to connect via tcp://172.16.0.252:3306) E:\xampp\htdocs\finance\framework\library\db\mysql.php 第 34 行.
[ 2016-07-13T16:50:08+08:00 ] WARN: [2] mysql_connect() [<a href='function.mysql-connect'>function.mysql-connect</a>]: ӷһʱûȷ𸴻ӵûзӦӳʧܡ
 E:\xampp\htdocs\finance\framework\library\db\mysql.php 第 34 行.
[ 2016-07-13T16:56:33+08:00 ] SQL:  RunTime:0.036002s SQL = SHOW COLUMNS FROM `admin_menu`
[ 2016-07-13T16:56:33+08:00 ] NOTIC: [8] Use of undefined constant EFFECTIVE_TIME - assumed 'EFFECTIVE_TIME' E:\xampp\htdocs\finance\app\controller\admin\abstract.php 第 21 行.
[ 2016-07-13T16:59:41+08:00 ] SQL:  RunTime:0.002000s SQL = SHOW COLUMNS FROM `admin_menu`
[ 2016-07-13T16:59:41+08:00 ] NOTIC: [8] Use of undefined constant EFFECTIVE_TIME - assumed 'EFFECTIVE_TIME' E:\xampp\htdocs\finance\app\controller\admin\abstract.php 第 21 行.
[ 2016-07-13T17:06:31+08:00 ] SQL:  RunTime:0.002000s SQL = SHOW COLUMNS FROM `admin_menu`
[ 2016-07-13T17:06:31+08:00 ] NOTIC: [8] Use of undefined constant EFFECTIVE_TIME - assumed 'EFFECTIVE_TIME' E:\xampp\htdocs\finance\app\controller\admin\abstract.php 第 21 行.
[ 2016-07-13T17:09:41+08:00 ] SQL:  RunTime:0.003000s SQL = SHOW COLUMNS FROM `admin_menu`
[ 2016-07-13T17:09:41+08:00 ] NOTIC: [8] Use of undefined constant EFFECTIVE_TIME - assumed 'EFFECTIVE_TIME' E:\xampp\htdocs\finance\app\controller\admin\abstract.php 第 21 行.
[ 2016-07-13T17:10:15+08:00 ] SQL:  RunTime:0.002000s SQL = SHOW COLUMNS FROM `admin_menu`
[ 2016-07-13T17:10:15+08:00 ] NOTIC: [8] Use of undefined constant EFFECTIVE_TIME - assumed 'EFFECTIVE_TIME' E:\xampp\htdocs\finance\app\controller\admin\abstract.php 第 21 行.
[ 2016-07-13T17:10:15+08:00 ] NOTIC: [8] Use of undefined constant id - assumed 'id' E:\xampp\htdocs\finance\app\controller\admin\statistics.php 第 71 行.
[ 2016-07-13T17:10:15+08:00 ] SQL:  RunTime:0.002001s SQL = SHOW COLUMNS FROM expense e
[ 2016-07-13T17:10:15+08:00 ] ERR: You have an error in your SQL syntax; check the manual that corresponds to your MySQL server version for the right syntax to use near 'e' at line 1
 [ SQL语句 ] : SHOW COLUMNS FROM expense e
[ 2016-07-13T17:10:15+08:00 ] SQL:  RunTime:0.002000s SQL = SELECT count(*) AS count FROM expense e LEFT JOIN sortware_client c ON c.id = e.sort_client_id LEFT JOIN sortware s ON s.id = c.sort_id WHERE sort_client_id = 101 ORDER BY e.id desc LIMIT 1  
[ 2016-07-13T17:10:15+08:00 ] SQL:  RunTime:0.002000s SQL = SELECT e.id,e.amount,e.start_time,e.end_time,c.sort_id,c.sort_ver_id,c.subbranch,c.company,c.mobile,s.name FROM expense e LEFT JOIN sortware_client c ON c.id = e.sort_client_id LEFT JOIN sortware s ON s.id = c.sort_id WHERE sort_client_id = 101 ORDER BY e.id desc LIMIT 0,20  
[ 2016-07-13T17:10:15+08:00 ] WARN: [2048] Declaration of model_finance_softwareVersion::save() should be compatible with that of model::save() E:\xampp\htdocs\finance\app\model\finance\softwareversion.php 第 77 行.
[ 2016-07-13T17:10:15+08:00 ] SQL:  RunTime:0.003000s SQL = SHOW COLUMNS FROM `sortware_version`
[ 2016-07-13T17:10:16+08:00 ] NOTIC: [8] Undefined index: img4 E:\xampp\htdocs\finance\app\library\helper\view.php 第 58 行.
[ 2016-07-13T17:10:16+08:00 ] NOTIC: [8] Undefined index: img4 E:\xampp\htdocs\finance\app\library\helper\view.php 第 58 行.
[ 2016-07-13T17:10:16+08:00 ] NOTIC: [8] Undefined index: img4 E:\xampp\htdocs\finance\app\library\helper\view.php 第 120 行.
[ 2016-07-13T17:10:16+08:00 ] NOTIC: [8] Undefined index: img4 E:\xampp\htdocs\finance\app\library\helper\view.php 第 120 行.
[ 2016-07-13T17:10:16+08:00 ] NOTIC: [8] Undefined index: img4 E:\xampp\htdocs\finance\app\library\helper\view.php 第 120 行.
[ 2016-07-13T17:10:16+08:00 ] NOTIC: [8] Undefined index: img4 E:\xampp\htdocs\finance\app\library\helper\view.php 第 120 行.
[ 2016-07-13T17:12:20+08:00 ] SQL:  RunTime:0.002000s SQL = SHOW COLUMNS FROM `admin_menu`
[ 2016-07-13T17:12:20+08:00 ] NOTIC: [8] Undefined index: 46 E:\xampp\htdocs\finance\app\library\helper\tree.php 第 90 行.
[ 2016-07-13T17:12:20+08:00 ] NOTIC: [8] Use of undefined constant EFFECTIVE_TIME - assumed 'EFFECTIVE_TIME' E:\xampp\htdocs\finance\app\controller\admin\abstract.php 第 21 行.
[ 2016-07-13T17:12:20+08:00 ] NOTIC: [8] Undefined index: 43 E:\xampp\htdocs\finance\app\library\helper\tree.php 第 134 行.
[ 2016-07-13T17:12:21+08:00 ] SQL:  RunTime:0.002000s SQL = SHOW COLUMNS FROM `admin_menu`
[ 2016-07-13T17:12:21+08:00 ] NOTIC: [8] Use of undefined constant EFFECTIVE_TIME - assumed 'EFFECTIVE_TIME' E:\xampp\htdocs\finance\app\controller\admin\abstract.php 第 21 行.
[ 2016-07-13T17:12:21+08:00 ] SQL:  RunTime:0.002000s SQL = SHOW COLUMNS FROM `sortware_client`
[ 2016-07-13T17:12:21+08:00 ] SQL:  RunTime:0.002001s SQL = SHOW COLUMNS FROM `sortware`
[ 2016-07-13T17:12:21+08:00 ] SQL:  RunTime:0.001000s SQL = SHOW COLUMNS FROM expense e
[ 2016-07-13T17:12:21+08:00 ] ERR: You have an error in your SQL syntax; check the manual that corresponds to your MySQL server version for the right syntax to use near 'e' at line 1
 [ SQL语句 ] : SHOW COLUMNS FROM expense e
[ 2016-07-13T17:12:21+08:00 ] SQL:  RunTime:0.002000s SQL = SELECT count(*) AS count FROM expense e LEFT JOIN sortware_client c ON c.id = e.sort_client_id LEFT JOIN sortware s ON s.id = c.sort_id ORDER BY e.id desc LIMIT 1  
[ 2016-07-13T17:12:21+08:00 ] SQL:  RunTime:0.002000s SQL = SELECT e.id,e.amount,e.start_time,e.end_time,c.sort_id,c.sort_ver_id,c.subbranch,c.company,c.mobile,s.name FROM expense e LEFT JOIN sortware_client c ON c.id = e.sort_client_id LEFT JOIN sortware s ON s.id = c.sort_id ORDER BY e.id desc LIMIT 0,20  
[ 2016-07-13T17:12:21+08:00 ] WARN: [2048] Declaration of model_finance_softwareVersion::save() should be compatible with that of model::save() E:\xampp\htdocs\finance\app\model\finance\softwareversion.php 第 77 行.
[ 2016-07-13T17:12:21+08:00 ] SQL:  RunTime:0.001000s SQL = SHOW COLUMNS FROM `sortware_version`
[ 2016-07-13T17:12:22+08:00 ] NOTIC: [8] Undefined index: img4 E:\xampp\htdocs\finance\app\library\helper\view.php 第 58 行.
[ 2016-07-13T17:12:22+08:00 ] NOTIC: [8] Undefined index: img4 E:\xampp\htdocs\finance\app\library\helper\view.php 第 58 行.
[ 2016-07-13T17:12:22+08:00 ] NOTIC: [8] Undefined index: img4 E:\xampp\htdocs\finance\app\library\helper\view.php 第 120 行.
[ 2016-07-13T17:12:22+08:00 ] NOTIC: [8] Undefined index: img4 E:\xampp\htdocs\finance\app\library\helper\view.php 第 120 行.
[ 2016-07-13T17:12:22+08:00 ] NOTIC: [8] Undefined index: img4 E:\xampp\htdocs\finance\app\library\helper\view.php 第 120 行.
[ 2016-07-13T17:12:22+08:00 ] NOTIC: [8] Undefined index: img4 E:\xampp\htdocs\finance\app\library\helper\view.php 第 120 行.
[ 2016-07-13T17:12:22+08:00 ] NOTIC: [8] Undefined variable: name E:\xampp\htdocs\finance\app\data\cache\tpl\admin\2efc3f1830f838dc3eea8ca3f1aeabba.php 第 27 行.
[ 2016-07-13T17:12:22+08:00 ] NOTIC: [8] Undefined variable: mobile E:\xampp\htdocs\finance\app\data\cache\tpl\admin\2efc3f1830f838dc3eea8ca3f1aeabba.php 第 29 行.
[ 2016-07-13T17:12:22+08:00 ] NOTIC: [8] Undefined variable: subbranch E:\xampp\htdocs\finance\app\data\cache\tpl\admin\2efc3f1830f838dc3eea8ca3f1aeabba.php 第 31 行.
[ 2016-07-13T17:12:39+08:00 ] SQL:  RunTime:0.002000s SQL = SHOW COLUMNS FROM `admin_menu`
[ 2016-07-13T17:12:39+08:00 ] NOTIC: [8] Undefined index: 45 E:\xampp\htdocs\finance\app\library\helper\tree.php 第 90 行.
[ 2016-07-13T17:12:39+08:00 ] NOTIC: [8] Use of undefined constant EFFECTIVE_TIME - assumed 'EFFECTIVE_TIME' E:\xampp\htdocs\finance\app\controller\admin\abstract.php 第 21 行.
[ 2016-07-13T17:12:39+08:00 ] NOTIC: [8] Undefined index: 43 E:\xampp\htdocs\finance\app\library\helper\tree.php 第 134 行.
[ 2016-07-13T17:12:40+08:00 ] SQL:  RunTime:0.002000s SQL = SHOW COLUMNS FROM `admin_menu`
[ 2016-07-13T17:12:40+08:00 ] NOTIC: [8] Use of undefined constant EFFECTIVE_TIME - assumed 'EFFECTIVE_TIME' E:\xampp\htdocs\finance\app\controller\admin\abstract.php 第 21 行.
[ 2016-07-13T17:12:40+08:00 ] SQL:  RunTime:0.003000s SQL = SHOW COLUMNS FROM `sortware_client`
[ 2016-07-13T17:12:41+08:00 ] SQL:  RunTime:0.000000s SQL = SHOW COLUMNS FROM expense_collect e
[ 2016-07-13T17:12:41+08:00 ] ERR: You have an error in your SQL syntax; check the manual that corresponds to your MySQL server version for the right syntax to use near 'e' at line 1
 [ SQL语句 ] : SHOW COLUMNS FROM expense_collect e
[ 2016-07-13T17:12:41+08:00 ] SQL:  RunTime:0.002000s SQL = SELECT count(*) AS count FROM expense_collect e LEFT JOIN sortware_client c ON c.id = e.sort_client_id LEFT JOIN sortware_version v ON v.id = c.sort_ver_id LEFT JOIN sortware s ON s.id = c.sort_id ORDER BY e.id desc LIMIT 1  
[ 2016-07-13T17:12:41+08:00 ] SQL:  RunTime:0.005000s SQL = SELECT e.id,e.sort_client_id,e.topdate,e.amount,e.degreen,c.sort_id,c.sort_ver_id,c.company,c.mobile,c.subbranch,v.version,s.name FROM expense_collect e LEFT JOIN sortware_client c ON c.id = e.sort_client_id LEFT JOIN sortware_version v ON v.id = c.sort_ver_id LEFT JOIN sortware s ON s.id = c.sort_id ORDER BY e.id desc LIMIT 0,20  
[ 2016-07-13T17:12:41+08:00 ] NOTIC: [8] Undefined index: img4 E:\xampp\htdocs\finance\app\library\helper\view.php 第 58 行.
[ 2016-07-13T17:12:41+08:00 ] NOTIC: [8] Undefined index: img4 E:\xampp\htdocs\finance\app\library\helper\view.php 第 58 行.
[ 2016-07-13T17:12:41+08:00 ] NOTIC: [8] Undefined index: img4 E:\xampp\htdocs\finance\app\library\helper\view.php 第 120 行.
[ 2016-07-13T17:12:41+08:00 ] NOTIC: [8] Undefined index: img4 E:\xampp\htdocs\finance\app\library\helper\view.php 第 120 行.
[ 2016-07-13T17:12:41+08:00 ] NOTIC: [8] Undefined index: img4 E:\xampp\htdocs\finance\app\library\helper\view.php 第 120 行.
[ 2016-07-13T17:12:41+08:00 ] NOTIC: [8] Undefined index: img4 E:\xampp\htdocs\finance\app\library\helper\view.php 第 120 行.
[ 2016-07-13T17:12:41+08:00 ] NOTIC: [8] Undefined variable: mobile E:\xampp\htdocs\finance\app\data\cache\tpl\admin\9ed69551cca0d969cc2c89f9046a23ad.php 第 27 行.
[ 2016-07-13T17:12:41+08:00 ] NOTIC: [8] Undefined variable: subbranch E:\xampp\htdocs\finance\app\data\cache\tpl\admin\9ed69551cca0d969cc2c89f9046a23ad.php 第 29 行.
[ 2016-07-13T17:12:46+08:00 ] SQL:  RunTime:0.002000s SQL = SHOW COLUMNS FROM `admin_menu`
[ 2016-07-13T17:12:47+08:00 ] NOTIC: [8] Undefined index: 45 E:\xampp\htdocs\finance\app\library\helper\tree.php 第 90 行.
[ 2016-07-13T17:12:47+08:00 ] NOTIC: [8] Use of undefined constant EFFECTIVE_TIME - assumed 'EFFECTIVE_TIME' E:\xampp\htdocs\finance\app\controller\admin\abstract.php 第 21 行.
[ 2016-07-13T17:12:47+08:00 ] NOTIC: [8] Undefined index: 43 E:\xampp\htdocs\finance\app\library\helper\tree.php 第 134 行.
[ 2016-07-13T17:12:49+08:00 ] SQL:  RunTime:0.002000s SQL = SHOW COLUMNS FROM `admin_menu`
[ 2016-07-13T17:12:49+08:00 ] NOTIC: [8] Use of undefined constant EFFECTIVE_TIME - assumed 'EFFECTIVE_TIME' E:\xampp\htdocs\finance\app\controller\admin\abstract.php 第 21 行.
[ 2016-07-13T17:12:49+08:00 ] NOTIC: [8] Use of undefined constant id - assumed 'id' E:\xampp\htdocs\finance\app\controller\admin\statistics.php 第 71 行.
[ 2016-07-13T17:12:49+08:00 ] SQL:  RunTime:0.002000s SQL = SHOW COLUMNS FROM expense e
[ 2016-07-13T17:12:49+08:00 ] ERR: You have an error in your SQL syntax; check the manual that corresponds to your MySQL server version for the right syntax to use near 'e' at line 1
 [ SQL语句 ] : SHOW COLUMNS FROM expense e
[ 2016-07-13T17:12:49+08:00 ] SQL:  RunTime:0.001000s SQL = SELECT count(*) AS count FROM expense e LEFT JOIN sortware_client c ON c.id = e.sort_client_id LEFT JOIN sortware s ON s.id = c.sort_id WHERE sort_client_id = 102 ORDER BY e.id desc LIMIT 1  
[ 2016-07-13T17:12:49+08:00 ] SQL:  RunTime:0.003000s SQL = SELECT e.id,e.amount,e.start_time,e.end_time,c.sort_id,c.sort_ver_id,c.subbranch,c.company,c.mobile,s.name FROM expense e LEFT JOIN sortware_client c ON c.id = e.sort_client_id LEFT JOIN sortware s ON s.id = c.sort_id WHERE sort_client_id = 102 ORDER BY e.id desc LIMIT 0,20  
[ 2016-07-13T17:12:49+08:00 ] WARN: [2048] Declaration of model_finance_softwareVersion::save() should be compatible with that of model::save() E:\xampp\htdocs\finance\app\model\finance\softwareversion.php 第 77 行.
[ 2016-07-13T17:12:49+08:00 ] SQL:  RunTime:0.002000s SQL = SHOW COLUMNS FROM `sortware_version`
[ 2016-07-13T17:12:49+08:00 ] NOTIC: [8] Undefined index: img4 E:\xampp\htdocs\finance\app\library\helper\view.php 第 58 行.
[ 2016-07-13T17:12:49+08:00 ] NOTIC: [8] Undefined index: img4 E:\xampp\htdocs\finance\app\library\helper\view.php 第 58 行.
[ 2016-07-13T17:12:49+08:00 ] NOTIC: [8] Undefined index: img4 E:\xampp\htdocs\finance\app\library\helper\view.php 第 120 行.
[ 2016-07-13T17:12:49+08:00 ] NOTIC: [8] Undefined index: img4 E:\xampp\htdocs\finance\app\library\helper\view.php 第 120 行.
[ 2016-07-13T17:12:49+08:00 ] NOTIC: [8] Undefined index: img4 E:\xampp\htdocs\finance\app\library\helper\view.php 第 120 行.
[ 2016-07-13T17:12:49+08:00 ] NOTIC: [8] Undefined index: img4 E:\xampp\htdocs\finance\app\library\helper\view.php 第 120 行.
[ 2016-07-13T17:16:56+08:00 ] SQL:  RunTime:0.002000s SQL = SHOW COLUMNS FROM `admin_menu`
[ 2016-07-13T17:16:56+08:00 ] NOTIC: [8] Use of undefined constant EFFECTIVE_TIME - assumed 'EFFECTIVE_TIME' E:\xampp\htdocs\finance\app\controller\admin\abstract.php 第 21 行.
[ 2016-07-13T17:19:42+08:00 ] SQL:  RunTime:0.003000s SQL = SHOW COLUMNS FROM `admin_menu`
[ 2016-07-13T17:19:42+08:00 ] NOTIC: [8] Use of undefined constant EFFECTIVE_TIME - assumed 'EFFECTIVE_TIME' E:\xampp\htdocs\finance\app\controller\admin\abstract.php 第 21 行.
[ 2016-07-13T17:26:31+08:00 ] SQL:  RunTime:0.002000s SQL = SHOW COLUMNS FROM `admin_menu`
[ 2016-07-13T17:26:31+08:00 ] NOTIC: [8] Use of undefined constant EFFECTIVE_TIME - assumed 'EFFECTIVE_TIME' E:\xampp\htdocs\finance\app\controller\admin\abstract.php 第 21 行.
[ 2016-07-13T17:34:45+08:00 ] SQL:  RunTime:0.002000s SQL = SHOW COLUMNS FROM `admin_menu`
[ 2016-07-13T17:34:45+08:00 ] NOTIC: [8] Use of undefined constant EFFECTIVE_TIME - assumed 'EFFECTIVE_TIME' E:\xampp\htdocs\finance\app\controller\admin\abstract.php 第 21 行.
[ 2016-07-13T17:40:07+08:00 ] SQL:  RunTime:0.002000s SQL = SHOW COLUMNS FROM `admin_menu`
[ 2016-07-13T17:40:07+08:00 ] NOTIC: [8] Use of undefined constant EFFECTIVE_TIME - assumed 'EFFECTIVE_TIME' E:\xampp\htdocs\finance\app\controller\admin\abstract.php 第 21 行.
[ 2016-07-13T17:40:07+08:00 ] SQL:  RunTime:0.002000s SQL = SHOW COLUMNS FROM `admin_menu`
[ 2016-07-13T17:40:07+08:00 ] NOTIC: [8] Use of undefined constant EFFECTIVE_TIME - assumed 'EFFECTIVE_TIME' E:\xampp\htdocs\finance\app\controller\admin\abstract.php 第 21 行.
[ 2016-07-13T17:46:31+08:00 ] SQL:  RunTime:0.002000s SQL = SHOW COLUMNS FROM `admin_menu`
[ 2016-07-13T17:46:31+08:00 ] NOTIC: [8] Use of undefined constant EFFECTIVE_TIME - assumed 'EFFECTIVE_TIME' E:\xampp\htdocs\finance\app\controller\admin\abstract.php 第 21 行.
[ 2016-07-13T17:49:41+08:00 ] SQL:  RunTime:0.001000s SQL = SHOW COLUMNS FROM `admin_menu`
[ 2016-07-13T17:49:41+08:00 ] NOTIC: [8] Use of undefined constant EFFECTIVE_TIME - assumed 'EFFECTIVE_TIME' E:\xampp\htdocs\finance\app\controller\admin\abstract.php 第 21 行.
[ 2016-07-13T17:56:31+08:00 ] SQL:  RunTime:0.001000s SQL = SHOW COLUMNS FROM `admin_menu`
[ 2016-07-13T17:56:31+08:00 ] NOTIC: [8] Use of undefined constant EFFECTIVE_TIME - assumed 'EFFECTIVE_TIME' E:\xampp\htdocs\finance\app\controller\admin\abstract.php 第 21 行.
[ 2016-07-13T17:59:41+08:00 ] SQL:  RunTime:0.001000s SQL = SHOW COLUMNS FROM `admin_menu`
[ 2016-07-13T17:59:41+08:00 ] NOTIC: [8] Use of undefined constant EFFECTIVE_TIME - assumed 'EFFECTIVE_TIME' E:\xampp\htdocs\finance\app\controller\admin\abstract.php 第 21 行.
[ 2016-07-13T18:06:31+08:00 ] SQL:  RunTime:0.003000s SQL = SHOW COLUMNS FROM `admin_menu`
[ 2016-07-13T18:06:31+08:00 ] NOTIC: [8] Use of undefined constant EFFECTIVE_TIME - assumed 'EFFECTIVE_TIME' E:\xampp\htdocs\finance\app\controller\admin\abstract.php 第 21 行.
[ 2016-07-13T18:10:03+08:00 ] WARN: [2] mysql_connect() [<a href='function.mysql-connect'>function.mysql-connect</a>]: [2002] ӷһʱûȷ𸴻ӵûзӦӳʧܡ
 (trying to connect via tcp://172.16.0.252:3306) E:\xampp\htdocs\finance\framework\library\db\mysql.php 第 34 行.
[ 2016-07-13T18:10:03+08:00 ] WARN: [2] mysql_connect() [<a href='function.mysql-connect'>function.mysql-connect</a>]: ӷһʱûȷ𸴻ӵûзӦӳʧܡ
 E:\xampp\htdocs\finance\framework\library\db\mysql.php 第 34 行.
[ 2016-07-13T18:16:52+08:00 ] WARN: [2] mysql_connect() [<a href='function.mysql-connect'>function.mysql-connect</a>]: [2002] ӷһʱûȷ𸴻ӵûзӦӳʧܡ
 (trying to connect via tcp://172.16.0.252:3306) E:\xampp\htdocs\finance\framework\library\db\mysql.php 第 34 行.
[ 2016-07-13T18:16:52+08:00 ] WARN: [2] mysql_connect() [<a href='function.mysql-connect'>function.mysql-connect</a>]: ӷһʱûȷ𸴻ӵûзӦӳʧܡ
 E:\xampp\htdocs\finance\framework\library\db\mysql.php 第 34 行.
[ 2016-07-13T18:20:02+08:00 ] WARN: [2] mysql_connect() [<a href='function.mysql-connect'>function.mysql-connect</a>]: [2002] ӷһʱûȷ𸴻ӵûзӦӳʧܡ
 (trying to connect via tcp://172.16.0.252:3306) E:\xampp\htdocs\finance\framework\library\db\mysql.php 第 34 行.
[ 2016-07-13T18:20:02+08:00 ] WARN: [2] mysql_connect() [<a href='function.mysql-connect'>function.mysql-connect</a>]: ӷһʱûȷ𸴻ӵûзӦӳʧܡ
 E:\xampp\htdocs\finance\framework\library\db\mysql.php 第 34 行.
