[ 2016-06-30T08:53:17+08:00 ] WARN: [2048] Declaration of model_finance_softwareInstallVerify::save() should be compatible with that of model::save() E:\xampp\htdocs\finance\app\model\finance\softwareinstallverify.php 第 31 行.
[ 2016-06-30T08:53:17+08:00 ] SQL:  RunTime:0.001000s SQL = SHOW COLUMNS FROM `sortware_install_verify`
[ 2016-06-30T08:53:17+08:00 ] SQL:  RunTime:0.001000s SQL = SHOW COLUMNS FROM `sortware_install_verify`
[ 2016-06-30T08:53:17+08:00 ] SQL:  RunTime:0.001000s SQL = SELECT COUNT(*) AS tp_count FROM `sortware_install_verify` WHERE ( `mobile` = 1234 ) AND ( `identification` = 'abcde' ) AND ( `type` = 0 ) LIMIT 1  
[ 2016-06-30T08:53:17+08:00 ] SQL:  RunTime:0.002000s SQL = INSERT INTO `sortware_install_verify` (`mobile`,`identification`,`type`) VALUES (1234,'abcde',0)
[ 2016-06-30T08:53:17+08:00 ] ERR: Duplicate entry '1234' for key 'unique_mobile'
 [ SQL语句 ] : INSERT INTO `sortware_install_verify` (`mobile`,`identification`,`type`) VALUES (1234,'abcde',0)
[ 2016-06-30T09:34:03+08:00 ] WARN: [2048] Declaration of model_finance_softwareInstallVerify::save() should be compatible with that of model::save() E:\xampp\htdocs\finance\app\model\finance\softwareinstallverify.php 第 31 行.
[ 2016-06-30T09:34:03+08:00 ] SQL:  RunTime:0.001000s SQL = SHOW COLUMNS FROM `sortware_install_verify`
[ 2016-06-30T09:34:03+08:00 ] SQL:  RunTime:0.001000s SQL = SHOW COLUMNS FROM `sortware_install_verify`
[ 2016-06-30T09:34:03+08:00 ] SQL:  RunTime:0.001000s SQL = SELECT COUNT(*) AS tp_count FROM `sortware_install_verify` WHERE ( `mobile` = 2147483647 ) AND ( `identification` = 'abcde' ) AND ( `type` = 0 ) LIMIT 1  
[ 2016-06-30T09:34:03+08:00 ] SQL:  RunTime:0.013001s SQL = INSERT INTO `sortware_install_verify` (`mobile`,`identification`,`type`) VALUES (2147483647,'abcde',0)
[ 2016-06-30T09:34:05+08:00 ] WARN: [2048] Declaration of model_finance_softwareInstallVerify::save() should be compatible with that of model::save() E:\xampp\htdocs\finance\app\model\finance\softwareinstallverify.php 第 31 行.
[ 2016-06-30T09:34:05+08:00 ] SQL:  RunTime:0.002000s SQL = SHOW COLUMNS FROM `sortware_install_verify`
[ 2016-06-30T09:34:05+08:00 ] SQL:  RunTime:0.001000s SQL = SHOW COLUMNS FROM `sortware_install_verify`
[ 2016-06-30T09:34:05+08:00 ] SQL:  RunTime:0.001000s SQL = SELECT COUNT(*) AS tp_count FROM `sortware_install_verify` WHERE ( `mobile` = 2147483647 ) AND ( `identification` = 'abcde' ) AND ( `type` = 0 ) LIMIT 1  
[ 2016-06-30T09:34:07+08:00 ] WARN: [2048] Declaration of model_finance_softwareInstallVerify::save() should be compatible with that of model::save() E:\xampp\htdocs\finance\app\model\finance\softwareinstallverify.php 第 31 行.
[ 2016-06-30T09:34:07+08:00 ] SQL:  RunTime:0.001000s SQL = SHOW COLUMNS FROM `sortware_install_verify`
[ 2016-06-30T09:34:07+08:00 ] SQL:  RunTime:0.001000s SQL = SHOW COLUMNS FROM `sortware_install_verify`
[ 2016-06-30T09:34:07+08:00 ] SQL:  RunTime:0.001000s SQL = SELECT COUNT(*) AS tp_count FROM `sortware_install_verify` WHERE ( `mobile` = 2147483647 ) AND ( `identification` = 'abcde' ) AND ( `type` = 0 ) LIMIT 1  
[ 2016-06-30T09:35:04+08:00 ] WARN: [2048] Declaration of model_finance_softwareInstallVerify::save() should be compatible with that of model::save() E:\xampp\htdocs\finance\app\model\finance\softwareinstallverify.php 第 31 行.
[ 2016-06-30T09:35:04+08:00 ] SQL:  RunTime:0.002001s SQL = SHOW COLUMNS FROM `sortware_install_verify`
[ 2016-06-30T09:35:04+08:00 ] SQL:  RunTime:0.001000s SQL = SHOW COLUMNS FROM `sortware_install_verify`
[ 2016-06-30T09:35:04+08:00 ] SQL:  RunTime:0.001000s SQL = SELECT COUNT(*) AS tp_count FROM `sortware_install_verify` WHERE ( `mobile` = 2147483647 ) AND ( `identification` = 'abcde' ) AND ( `type` = 0 ) LIMIT 1  
[ 2016-06-30T09:35:05+08:00 ] WARN: [2048] Declaration of model_finance_softwareInstallVerify::save() should be compatible with that of model::save() E:\xampp\htdocs\finance\app\model\finance\softwareinstallverify.php 第 31 行.
[ 2016-06-30T09:35:05+08:00 ] SQL:  RunTime:0.002001s SQL = SHOW COLUMNS FROM `sortware_install_verify`
[ 2016-06-30T09:35:05+08:00 ] SQL:  RunTime:0.001000s SQL = SHOW COLUMNS FROM `sortware_install_verify`
[ 2016-06-30T09:35:05+08:00 ] SQL:  RunTime:0.000000s SQL = SELECT COUNT(*) AS tp_count FROM `sortware_install_verify` WHERE ( `mobile` = 2147483647 ) AND ( `identification` = 'abcde' ) AND ( `type` = 0 ) LIMIT 1  
[ 2016-06-30T09:40:29+08:00 ] WARN: [2048] Declaration of model_finance_softwareInstallVerify::save() should be compatible with that of model::save() E:\xampp\htdocs\finance\app\model\finance\softwareinstallverify.php 第 31 行.
[ 2016-06-30T09:40:29+08:00 ] SQL:  RunTime:0.001001s SQL = SHOW COLUMNS FROM `sortware_install_verify`
[ 2016-06-30T09:40:29+08:00 ] SQL:  RunTime:0.002000s SQL = SHOW COLUMNS FROM `sortware_install_verify`
[ 2016-06-30T09:40:29+08:00 ] SQL:  RunTime:0.001000s SQL = SELECT COUNT(*) AS tp_count FROM `sortware_install_verify` WHERE ( `mobile` = '18519184446' ) AND ( `identification` = 'abcde' ) AND ( `type` = 0 ) LIMIT 1  
[ 2016-06-30T09:40:29+08:00 ] SQL:  RunTime:0.011000s SQL = INSERT INTO `sortware_install_verify` (`mobile`,`identification`,`type`) VALUES ('18519184446','abcde',0)
[ 2016-06-30T09:49:40+08:00 ] WARN: [2048] Declaration of model_finance_softwareInstallVerify::save() should be compatible with that of model::save() E:\xampp\htdocs\finance\app\model\finance\softwareinstallverify.php 第 33 行.
[ 2016-06-30T09:49:40+08:00 ] SQL:  RunTime:0.001000s SQL = SHOW COLUMNS FROM `sortware_install_verify`
[ 2016-06-30T09:49:40+08:00 ] SQL:  RunTime:0.001000s SQL = SHOW COLUMNS FROM `sortware_install_verify`
[ 2016-06-30T09:49:40+08:00 ] SQL:  RunTime:0.001000s SQL = SELECT * FROM `sortware_install_verify` WHERE ( `identification` = 'abcde' ) AND ( `type` = 0 ) LIMIT 1  
[ 2016-06-30T09:49:40+08:00 ] SQL:  RunTime:0.000000s SQL = SELECT COUNT(*) AS tp_count FROM `sortware_install_verify` WHERE ( `mobile` = '18519184446' ) AND ( `identification` = 'abcde' ) AND ( `type` = 0 ) LIMIT 1  
[ 2016-06-30T09:50:50+08:00 ] WARN: [2048] Declaration of model_finance_softwareInstallVerify::save() should be compatible with that of model::save() E:\xampp\htdocs\finance\app\model\finance\softwareinstallverify.php 第 33 行.
[ 2016-06-30T09:50:50+08:00 ] SQL:  RunTime:0.001001s SQL = SHOW COLUMNS FROM `sortware_install_verify`
[ 2016-06-30T09:50:50+08:00 ] SQL:  RunTime:0.001000s SQL = SHOW COLUMNS FROM `sortware_install_verify`
[ 2016-06-30T09:50:50+08:00 ] SQL:  RunTime:0.001000s SQL = SELECT * FROM `sortware_install_verify` WHERE ( `identification` = 'abcde111' ) AND ( `type` = 0 ) LIMIT 1  
[ 2016-06-30T09:50:52+08:00 ] WARN: [2048] Declaration of model_finance_softwareInstallVerify::save() should be compatible with that of model::save() E:\xampp\htdocs\finance\app\model\finance\softwareinstallverify.php 第 33 行.
[ 2016-06-30T09:50:52+08:00 ] SQL:  RunTime:0.001000s SQL = SHOW COLUMNS FROM `sortware_install_verify`
[ 2016-06-30T09:50:52+08:00 ] SQL:  RunTime:0.001000s SQL = SHOW COLUMNS FROM `sortware_install_verify`
[ 2016-06-30T09:50:52+08:00 ] SQL:  RunTime:0.001000s SQL = SELECT * FROM `sortware_install_verify` WHERE ( `identification` = 'abcde111' ) AND ( `type` = 0 ) LIMIT 1  
[ 2016-06-30T09:50:53+08:00 ] WARN: [2048] Declaration of model_finance_softwareInstallVerify::save() should be compatible with that of model::save() E:\xampp\htdocs\finance\app\model\finance\softwareinstallverify.php 第 33 行.
[ 2016-06-30T09:50:53+08:00 ] SQL:  RunTime:0.011001s SQL = SHOW COLUMNS FROM `sortware_install_verify`
[ 2016-06-30T09:50:53+08:00 ] SQL:  RunTime:0.001000s SQL = SHOW COLUMNS FROM `sortware_install_verify`
[ 2016-06-30T09:50:53+08:00 ] SQL:  RunTime:0.001000s SQL = SELECT * FROM `sortware_install_verify` WHERE ( `identification` = 'abcde111' ) AND ( `type` = 0 ) LIMIT 1  
[ 2016-06-30T09:55:41+08:00 ] WARN: [2048] Declaration of model_finance_softwareInstallVerify::save() should be compatible with that of model::save() E:\xampp\htdocs\finance\app\model\finance\softwareinstallverify.php 第 36 行.
[ 2016-06-30T09:55:41+08:00 ] SQL:  RunTime:0.001000s SQL = SHOW COLUMNS FROM `sortware_install_verify`
[ 2016-06-30T09:55:41+08:00 ] SQL:  RunTime:0.002001s SQL = SHOW COLUMNS FROM `sortware_install_verify`
[ 2016-06-30T09:55:41+08:00 ] SQL:  RunTime:0.001000s SQL = SELECT * FROM `sortware_install_verify` WHERE ( `identification` = 'abcde111' ) AND ( `type` = 0 ) LIMIT 1  
[ 2016-06-30T09:55:41+08:00 ] SQL:  RunTime:0.000000s SQL = SELECT COUNT(*) AS tp_count FROM `sortware_install_verify` WHERE ( `mobile` = '18519184446' ) AND ( `type` = 0 ) LIMIT 1  
[ 2016-06-30T09:55:42+08:00 ] WARN: [2048] Declaration of model_finance_softwareInstallVerify::save() should be compatible with that of model::save() E:\xampp\htdocs\finance\app\model\finance\softwareinstallverify.php 第 36 行.
[ 2016-06-30T09:55:42+08:00 ] SQL:  RunTime:0.002000s SQL = SHOW COLUMNS FROM `sortware_install_verify`
[ 2016-06-30T09:55:42+08:00 ] SQL:  RunTime:0.001000s SQL = SHOW COLUMNS FROM `sortware_install_verify`
[ 2016-06-30T09:55:42+08:00 ] SQL:  RunTime:0.001000s SQL = SELECT * FROM `sortware_install_verify` WHERE ( `identification` = 'abcde111' ) AND ( `type` = 0 ) LIMIT 1  
[ 2016-06-30T09:55:42+08:00 ] SQL:  RunTime:0.001000s SQL = SELECT COUNT(*) AS tp_count FROM `sortware_install_verify` WHERE ( `mobile` = '18519184446' ) AND ( `type` = 0 ) LIMIT 1  
[ 2016-06-30T09:55:43+08:00 ] WARN: [2048] Declaration of model_finance_softwareInstallVerify::save() should be compatible with that of model::save() E:\xampp\htdocs\finance\app\model\finance\softwareinstallverify.php 第 36 行.
[ 2016-06-30T09:55:43+08:00 ] SQL:  RunTime:0.001000s SQL = SHOW COLUMNS FROM `sortware_install_verify`
[ 2016-06-30T09:55:43+08:00 ] SQL:  RunTime:0.001001s SQL = SHOW COLUMNS FROM `sortware_install_verify`
[ 2016-06-30T09:55:43+08:00 ] SQL:  RunTime:0.001000s SQL = SELECT * FROM `sortware_install_verify` WHERE ( `identification` = 'abcde111' ) AND ( `type` = 0 ) LIMIT 1  
[ 2016-06-30T09:55:43+08:00 ] SQL:  RunTime:0.001000s SQL = SELECT COUNT(*) AS tp_count FROM `sortware_install_verify` WHERE ( `mobile` = '18519184446' ) AND ( `type` = 0 ) LIMIT 1  
[ 2016-06-30T09:55:58+08:00 ] WARN: [2048] Declaration of model_finance_softwareInstallVerify::save() should be compatible with that of model::save() E:\xampp\htdocs\finance\app\model\finance\softwareinstallverify.php 第 36 行.
[ 2016-06-30T09:55:58+08:00 ] SQL:  RunTime:0.001000s SQL = SHOW COLUMNS FROM `sortware_install_verify`
[ 2016-06-30T09:55:58+08:00 ] SQL:  RunTime:0.001000s SQL = SHOW COLUMNS FROM `sortware_install_verify`
[ 2016-06-30T09:55:58+08:00 ] SQL:  RunTime:0.002000s SQL = SELECT * FROM `sortware_install_verify` WHERE ( `identification` = 'abcde111' ) AND ( `type` = 0 ) LIMIT 1  
[ 2016-06-30T09:55:58+08:00 ] SQL:  RunTime:0.001000s SQL = SELECT COUNT(*) AS tp_count FROM `sortware_install_verify` WHERE ( `mobile` = '18519184446' ) AND ( `type` = 0 ) LIMIT 1  
[ 2016-06-30T09:55:59+08:00 ] WARN: [2048] Declaration of model_finance_softwareInstallVerify::save() should be compatible with that of model::save() E:\xampp\htdocs\finance\app\model\finance\softwareinstallverify.php 第 36 行.
[ 2016-06-30T09:55:59+08:00 ] SQL:  RunTime:0.001000s SQL = SHOW COLUMNS FROM `sortware_install_verify`
[ 2016-06-30T09:55:59+08:00 ] SQL:  RunTime:0.001000s SQL = SHOW COLUMNS FROM `sortware_install_verify`
[ 2016-06-30T09:55:59+08:00 ] SQL:  RunTime:0.002000s SQL = SELECT * FROM `sortware_install_verify` WHERE ( `identification` = 'abcde111' ) AND ( `type` = 0 ) LIMIT 1  
[ 2016-06-30T09:55:59+08:00 ] SQL:  RunTime:0.001000s SQL = SELECT COUNT(*) AS tp_count FROM `sortware_install_verify` WHERE ( `mobile` = '18519184446' ) AND ( `type` = 0 ) LIMIT 1  
[ 2016-06-30T09:56:00+08:00 ] WARN: [2048] Declaration of model_finance_softwareInstallVerify::save() should be compatible with that of model::save() E:\xampp\htdocs\finance\app\model\finance\softwareinstallverify.php 第 36 行.
[ 2016-06-30T09:56:00+08:00 ] SQL:  RunTime:0.001000s SQL = SHOW COLUMNS FROM `sortware_install_verify`
[ 2016-06-30T09:56:00+08:00 ] SQL:  RunTime:0.001000s SQL = SHOW COLUMNS FROM `sortware_install_verify`
[ 2016-06-30T09:56:00+08:00 ] SQL:  RunTime:0.001000s SQL = SELECT * FROM `sortware_install_verify` WHERE ( `identification` = 'abcde111' ) AND ( `type` = 0 ) LIMIT 1  
[ 2016-06-30T09:56:00+08:00 ] SQL:  RunTime:0.001001s SQL = SELECT COUNT(*) AS tp_count FROM `sortware_install_verify` WHERE ( `mobile` = '18519184446' ) AND ( `type` = 0 ) LIMIT 1  
[ 2016-06-30T09:56:58+08:00 ] WARN: [2048] Declaration of model_finance_softwareInstallVerify::save() should be compatible with that of model::save() E:\xampp\htdocs\finance\app\model\finance\softwareinstallverify.php 第 36 行.
[ 2016-06-30T09:56:58+08:00 ] SQL:  RunTime:0.001000s SQL = SHOW COLUMNS FROM `sortware_install_verify`
[ 2016-06-30T09:56:58+08:00 ] SQL:  RunTime:0.002000s SQL = SHOW COLUMNS FROM `sortware_install_verify`
[ 2016-06-30T09:56:58+08:00 ] SQL:  RunTime:0.002000s SQL = SELECT * FROM `sortware_install_verify` WHERE ( `identification` = 'abcde' ) AND ( `type` = 0 ) LIMIT 1  
[ 2016-06-30T09:56:59+08:00 ] WARN: [2048] Declaration of model_finance_softwareInstallVerify::save() should be compatible with that of model::save() E:\xampp\htdocs\finance\app\model\finance\softwareinstallverify.php 第 36 行.
[ 2016-06-30T09:56:59+08:00 ] SQL:  RunTime:0.002000s SQL = SHOW COLUMNS FROM `sortware_install_verify`
[ 2016-06-30T09:56:59+08:00 ] SQL:  RunTime:0.001000s SQL = SHOW COLUMNS FROM `sortware_install_verify`
[ 2016-06-30T09:56:59+08:00 ] SQL:  RunTime:0.001000s SQL = SELECT * FROM `sortware_install_verify` WHERE ( `identification` = 'abcde' ) AND ( `type` = 0 ) LIMIT 1  
[ 2016-06-30T09:57:00+08:00 ] WARN: [2048] Declaration of model_finance_softwareInstallVerify::save() should be compatible with that of model::save() E:\xampp\htdocs\finance\app\model\finance\softwareinstallverify.php 第 36 行.
[ 2016-06-30T09:57:00+08:00 ] SQL:  RunTime:0.001000s SQL = SHOW COLUMNS FROM `sortware_install_verify`
[ 2016-06-30T09:57:00+08:00 ] SQL:  RunTime:0.002000s SQL = SHOW COLUMNS FROM `sortware_install_verify`
[ 2016-06-30T09:57:00+08:00 ] SQL:  RunTime:0.001000s SQL = SELECT * FROM `sortware_install_verify` WHERE ( `identification` = 'abcde' ) AND ( `type` = 0 ) LIMIT 1  
[ 2016-06-30T09:57:14+08:00 ] WARN: [2048] Declaration of model_finance_softwareInstallVerify::save() should be compatible with that of model::save() E:\xampp\htdocs\finance\app\model\finance\softwareinstallverify.php 第 36 行.
[ 2016-06-30T09:57:14+08:00 ] SQL:  RunTime:0.002000s SQL = SHOW COLUMNS FROM `sortware_install_verify`
[ 2016-06-30T09:57:14+08:00 ] SQL:  RunTime:0.001000s SQL = SHOW COLUMNS FROM `sortware_install_verify`
[ 2016-06-30T09:57:14+08:00 ] SQL:  RunTime:0.001000s SQL = SELECT * FROM `sortware_install_verify` WHERE ( `identification` = 'abcde' ) AND ( `type` = 0 ) LIMIT 1  
[ 2016-06-30T09:57:15+08:00 ] WARN: [2048] Declaration of model_finance_softwareInstallVerify::save() should be compatible with that of model::save() E:\xampp\htdocs\finance\app\model\finance\softwareinstallverify.php 第 36 行.
[ 2016-06-30T09:57:15+08:00 ] SQL:  RunTime:0.001000s SQL = SHOW COLUMNS FROM `sortware_install_verify`
[ 2016-06-30T09:57:15+08:00 ] SQL:  RunTime:0.002000s SQL = SHOW COLUMNS FROM `sortware_install_verify`
[ 2016-06-30T09:57:15+08:00 ] SQL:  RunTime:0.001000s SQL = SELECT * FROM `sortware_install_verify` WHERE ( `identification` = 'abcde' ) AND ( `type` = 0 ) LIMIT 1  
[ 2016-06-30T09:58:06+08:00 ] WARN: [2048] Declaration of model_finance_softwareInstallVerify::save() should be compatible with that of model::save() E:\xampp\htdocs\finance\app\model\finance\softwareinstallverify.php 第 37 行.
[ 2016-06-30T09:58:06+08:00 ] SQL:  RunTime:0.001000s SQL = SHOW COLUMNS FROM `sortware_install_verify`
[ 2016-06-30T09:58:06+08:00 ] SQL:  RunTime:0.002001s SQL = SHOW COLUMNS FROM `sortware_install_verify`
[ 2016-06-30T09:58:06+08:00 ] SQL:  RunTime:0.002000s SQL = SELECT * FROM `sortware_install_verify` WHERE ( `identification` = 'abcde' ) AND ( `type` = 0 ) LIMIT 1  
[ 2016-06-30T10:00:56+08:00 ] WARN: [2048] Declaration of model_finance_softwareInstallVerify::save() should be compatible with that of model::save() E:\xampp\htdocs\finance\app\model\finance\softwareinstallverify.php 第 37 行.
[ 2016-06-30T10:00:56+08:00 ] SQL:  RunTime:0.001000s SQL = SHOW COLUMNS FROM `sortware_install_verify`
[ 2016-06-30T10:00:56+08:00 ] SQL:  RunTime:0.002000s SQL = SHOW COLUMNS FROM `sortware_install_verify`
[ 2016-06-30T10:00:56+08:00 ] SQL:  RunTime:0.001000s SQL = SELECT * FROM `sortware_install_verify` WHERE ( `identification` = 'abcde' ) AND ( `type` = 0 ) LIMIT 1  
[ 2016-06-30T10:02:11+08:00 ] WARN: [2048] Declaration of model_finance_softwareInstallVerify::save() should be compatible with that of model::save() E:\xampp\htdocs\finance\app\model\finance\softwareinstallverify.php 第 37 行.
[ 2016-06-30T10:02:11+08:00 ] SQL:  RunTime:0.001000s SQL = SHOW COLUMNS FROM `sortware_install_verify`
[ 2016-06-30T10:02:11+08:00 ] SQL:  RunTime:0.001000s SQL = SHOW COLUMNS FROM `sortware_install_verify`
[ 2016-06-30T10:02:11+08:00 ] SQL:  RunTime:0.001000s SQL = SELECT `mobile` FROM `sortware_install_verify` WHERE ( `identification` = 'abcde' ) AND ( `type` = 0 ) LIMIT 1  
[ 2016-06-30T10:03:34+08:00 ] WARN: [2048] Declaration of model_finance_softwareInstallVerify::save() should be compatible with that of model::save() E:\xampp\htdocs\finance\app\model\finance\softwareinstallverify.php 第 37 行.
[ 2016-06-30T10:03:34+08:00 ] SQL:  RunTime:0.001000s SQL = SHOW COLUMNS FROM `sortware_install_verify`
[ 2016-06-30T10:03:34+08:00 ] SQL:  RunTime:0.001000s SQL = SHOW COLUMNS FROM `sortware_install_verify`
[ 2016-06-30T10:03:34+08:00 ] SQL:  RunTime:0.006000s SQL = SELECT `mobile` FROM `sortware_install_verify` WHERE ( `identification` = 'abcde' ) AND ( `type` = 0 ) LIMIT 1  
[ 2016-06-30T10:03:35+08:00 ] WARN: [2048] Declaration of model_finance_softwareInstallVerify::save() should be compatible with that of model::save() E:\xampp\htdocs\finance\app\model\finance\softwareinstallverify.php 第 37 行.
[ 2016-06-30T10:03:35+08:00 ] SQL:  RunTime:0.001000s SQL = SHOW COLUMNS FROM `sortware_install_verify`
[ 2016-06-30T10:03:35+08:00 ] SQL:  RunTime:0.001000s SQL = SHOW COLUMNS FROM `sortware_install_verify`
[ 2016-06-30T10:03:35+08:00 ] SQL:  RunTime:0.011000s SQL = SELECT `mobile` FROM `sortware_install_verify` WHERE ( `identification` = 'abcde' ) AND ( `type` = 0 ) LIMIT 1  
[ 2016-06-30T10:03:36+08:00 ] WARN: [2048] Declaration of model_finance_softwareInstallVerify::save() should be compatible with that of model::save() E:\xampp\htdocs\finance\app\model\finance\softwareinstallverify.php 第 37 行.
[ 2016-06-30T10:03:36+08:00 ] SQL:  RunTime:0.002000s SQL = SHOW COLUMNS FROM `sortware_install_verify`
[ 2016-06-30T10:03:36+08:00 ] SQL:  RunTime:0.001000s SQL = SHOW COLUMNS FROM `sortware_install_verify`
[ 2016-06-30T10:03:36+08:00 ] SQL:  RunTime:0.001000s SQL = SELECT `mobile` FROM `sortware_install_verify` WHERE ( `identification` = 'abcde' ) AND ( `type` = 0 ) LIMIT 1  
[ 2016-06-30T10:03:37+08:00 ] WARN: [2048] Declaration of model_finance_softwareInstallVerify::save() should be compatible with that of model::save() E:\xampp\htdocs\finance\app\model\finance\softwareinstallverify.php 第 37 行.
[ 2016-06-30T10:03:37+08:00 ] SQL:  RunTime:0.001000s SQL = SHOW COLUMNS FROM `sortware_install_verify`
[ 2016-06-30T10:03:37+08:00 ] SQL:  RunTime:0.002000s SQL = SHOW COLUMNS FROM `sortware_install_verify`
[ 2016-06-30T10:03:37+08:00 ] SQL:  RunTime:0.001000s SQL = SELECT `mobile` FROM `sortware_install_verify` WHERE ( `identification` = 'abcde' ) AND ( `type` = 0 ) LIMIT 1  
[ 2016-06-30T10:03:37+08:00 ] WARN: [2048] Declaration of model_finance_softwareInstallVerify::save() should be compatible with that of model::save() E:\xampp\htdocs\finance\app\model\finance\softwareinstallverify.php 第 37 行.
[ 2016-06-30T10:03:37+08:00 ] SQL:  RunTime:0.002000s SQL = SHOW COLUMNS FROM `sortware_install_verify`
[ 2016-06-30T10:03:37+08:00 ] SQL:  RunTime:0.001000s SQL = SHOW COLUMNS FROM `sortware_install_verify`
[ 2016-06-30T10:03:37+08:00 ] SQL:  RunTime:0.000000s SQL = SELECT `mobile` FROM `sortware_install_verify` WHERE ( `identification` = 'abcde' ) AND ( `type` = 0 ) LIMIT 1  
[ 2016-06-30T10:04:07+08:00 ] WARN: [2048] Declaration of model_finance_softwareInstallVerify::save() should be compatible with that of model::save() E:\xampp\htdocs\finance\app\model\finance\softwareinstallverify.php 第 37 行.
[ 2016-06-30T10:04:07+08:00 ] SQL:  RunTime:0.001000s SQL = SHOW COLUMNS FROM `sortware_install_verify`
[ 2016-06-30T10:04:07+08:00 ] SQL:  RunTime:0.002000s SQL = SHOW COLUMNS FROM `sortware_install_verify`
[ 2016-06-30T10:04:07+08:00 ] SQL:  RunTime:0.102006s SQL = SELECT `mobile` FROM `sortware_install_verify` WHERE ( `identification` = 'dddddddddddd' ) AND ( `type` = 0 ) LIMIT 1  
[ 2016-06-30T10:04:07+08:00 ] SQL:  RunTime:0.002000s SQL = SELECT COUNT(*) AS tp_count FROM `sortware_install_verify` WHERE ( `mobile` = '18519184446' ) AND ( `type` = 0 ) LIMIT 1  
[ 2016-06-30T10:04:09+08:00 ] WARN: [2048] Declaration of model_finance_softwareInstallVerify::save() should be compatible with that of model::save() E:\xampp\htdocs\finance\app\model\finance\softwareinstallverify.php 第 37 行.
[ 2016-06-30T10:04:09+08:00 ] SQL:  RunTime:0.002000s SQL = SHOW COLUMNS FROM `sortware_install_verify`
[ 2016-06-30T10:04:09+08:00 ] SQL:  RunTime:0.001000s SQL = SHOW COLUMNS FROM `sortware_install_verify`
[ 2016-06-30T10:04:09+08:00 ] SQL:  RunTime:0.001000s SQL = SELECT `mobile` FROM `sortware_install_verify` WHERE ( `identification` = 'dddddddddddd' ) AND ( `type` = 0 ) LIMIT 1  
[ 2016-06-30T10:04:09+08:00 ] SQL:  RunTime:0.000000s SQL = SELECT COUNT(*) AS tp_count FROM `sortware_install_verify` WHERE ( `mobile` = '18519184446' ) AND ( `type` = 0 ) LIMIT 1  
[ 2016-06-30T10:04:10+08:00 ] WARN: [2048] Declaration of model_finance_softwareInstallVerify::save() should be compatible with that of model::save() E:\xampp\htdocs\finance\app\model\finance\softwareinstallverify.php 第 37 行.
[ 2016-06-30T10:04:10+08:00 ] SQL:  RunTime:0.001000s SQL = SHOW COLUMNS FROM `sortware_install_verify`
[ 2016-06-30T10:04:10+08:00 ] SQL:  RunTime:0.001000s SQL = SHOW COLUMNS FROM `sortware_install_verify`
[ 2016-06-30T10:04:10+08:00 ] SQL:  RunTime:0.132007s SQL = SELECT `mobile` FROM `sortware_install_verify` WHERE ( `identification` = 'dddddddddddd' ) AND ( `type` = 0 ) LIMIT 1  
[ 2016-06-30T10:04:10+08:00 ] SQL:  RunTime:0.002000s SQL = SELECT COUNT(*) AS tp_count FROM `sortware_install_verify` WHERE ( `mobile` = '18519184446' ) AND ( `type` = 0 ) LIMIT 1  
[ 2016-06-30T10:04:11+08:00 ] WARN: [2048] Declaration of model_finance_softwareInstallVerify::save() should be compatible with that of model::save() E:\xampp\htdocs\finance\app\model\finance\softwareinstallverify.php 第 37 行.
[ 2016-06-30T10:04:11+08:00 ] SQL:  RunTime:0.001000s SQL = SHOW COLUMNS FROM `sortware_install_verify`
[ 2016-06-30T10:04:11+08:00 ] SQL:  RunTime:0.001000s SQL = SHOW COLUMNS FROM `sortware_install_verify`
[ 2016-06-30T10:04:11+08:00 ] SQL:  RunTime:0.175010s SQL = SELECT `mobile` FROM `sortware_install_verify` WHERE ( `identification` = 'dddddddddddd' ) AND ( `type` = 0 ) LIMIT 1  
[ 2016-06-30T10:04:11+08:00 ] SQL:  RunTime:0.001000s SQL = SELECT COUNT(*) AS tp_count FROM `sortware_install_verify` WHERE ( `mobile` = '18519184446' ) AND ( `type` = 0 ) LIMIT 1  
[ 2016-06-30T10:04:12+08:00 ] WARN: [2048] Declaration of model_finance_softwareInstallVerify::save() should be compatible with that of model::save() E:\xampp\htdocs\finance\app\model\finance\softwareinstallverify.php 第 37 行.
[ 2016-06-30T10:04:12+08:00 ] SQL:  RunTime:0.002000s SQL = SHOW COLUMNS FROM `sortware_install_verify`
[ 2016-06-30T10:04:12+08:00 ] SQL:  RunTime:0.001000s SQL = SHOW COLUMNS FROM `sortware_install_verify`
[ 2016-06-30T10:04:12+08:00 ] SQL:  RunTime:0.099005s SQL = SELECT `mobile` FROM `sortware_install_verify` WHERE ( `identification` = 'dddddddddddd' ) AND ( `type` = 0 ) LIMIT 1  
[ 2016-06-30T10:04:12+08:00 ] SQL:  RunTime:0.001000s SQL = SELECT COUNT(*) AS tp_count FROM `sortware_install_verify` WHERE ( `mobile` = '18519184446' ) AND ( `type` = 0 ) LIMIT 1  
[ 2016-06-30T10:05:08+08:00 ] WARN: [2048] Declaration of model_finance_softwareInstallVerify::save() should be compatible with that of model::save() E:\xampp\htdocs\finance\app\model\finance\softwareinstallverify.php 第 37 行.
[ 2016-06-30T10:05:08+08:00 ] SQL:  RunTime:0.001000s SQL = SHOW COLUMNS FROM `sortware_install_verify`
[ 2016-06-30T10:05:08+08:00 ] SQL:  RunTime:0.002000s SQL = SHOW COLUMNS FROM `sortware_install_verify`
[ 2016-06-30T10:05:08+08:00 ] SQL:  RunTime:0.127008s SQL = SELECT `mobile` FROM `sortware_install_verify` WHERE ( `identification` = 'dddddddddddd' ) AND ( `type` = 0 ) LIMIT 1  
[ 2016-06-30T10:05:08+08:00 ] SQL:  RunTime:0.001000s SQL = SELECT COUNT(*) AS tp_count FROM `sortware_install_verify` WHERE ( `mobile` = '18519184446' ) AND ( `type` = 0 ) LIMIT 1  
[ 2016-06-30T10:05:09+08:00 ] WARN: [2048] Declaration of model_finance_softwareInstallVerify::save() should be compatible with that of model::save() E:\xampp\htdocs\finance\app\model\finance\softwareinstallverify.php 第 37 行.
[ 2016-06-30T10:05:09+08:00 ] SQL:  RunTime:0.001000s SQL = SHOW COLUMNS FROM `sortware_install_verify`
[ 2016-06-30T10:05:09+08:00 ] SQL:  RunTime:0.001000s SQL = SHOW COLUMNS FROM `sortware_install_verify`
[ 2016-06-30T10:05:09+08:00 ] SQL:  RunTime:0.151008s SQL = SELECT `mobile` FROM `sortware_install_verify` WHERE ( `identification` = 'dddddddddddd' ) AND ( `type` = 0 ) LIMIT 1  
[ 2016-06-30T10:05:09+08:00 ] SQL:  RunTime:0.002001s SQL = SELECT COUNT(*) AS tp_count FROM `sortware_install_verify` WHERE ( `mobile` = '18519184446' ) AND ( `type` = 0 ) LIMIT 1  
[ 2016-06-30T10:05:40+08:00 ] WARN: [2048] Declaration of model_finance_softwareInstallVerify::save() should be compatible with that of model::save() E:\xampp\htdocs\finance\app\model\finance\softwareinstallverify.php 第 37 行.
[ 2016-06-30T10:05:40+08:00 ] SQL:  RunTime:0.001000s SQL = SHOW COLUMNS FROM `sortware_install_verify`
[ 2016-06-30T10:05:40+08:00 ] SQL:  RunTime:0.002001s SQL = SHOW COLUMNS FROM `sortware_install_verify`
[ 2016-06-30T10:05:40+08:00 ] SQL:  RunTime:0.019001s SQL = SELECT `mobile` FROM `sortware_install_verify` WHERE ( `identification` = 'dddddddddddd' ) AND ( `type` = 0 ) LIMIT 1  
[ 2016-06-30T10:05:40+08:00 ] SQL:  RunTime:0.001000s SQL = SELECT COUNT(*) AS tp_count FROM `sortware_install_verify` WHERE ( `mobile` = '18519184446' ) AND ( `type` = 0 ) LIMIT 1  
[ 2016-06-30T10:05:41+08:00 ] WARN: [2048] Declaration of model_finance_softwareInstallVerify::save() should be compatible with that of model::save() E:\xampp\htdocs\finance\app\model\finance\softwareinstallverify.php 第 37 行.
[ 2016-06-30T10:05:41+08:00 ] SQL:  RunTime:0.001000s SQL = SHOW COLUMNS FROM `sortware_install_verify`
[ 2016-06-30T10:05:41+08:00 ] SQL:  RunTime:0.001000s SQL = SHOW COLUMNS FROM `sortware_install_verify`
[ 2016-06-30T10:05:41+08:00 ] SQL:  RunTime:0.001000s SQL = SELECT `mobile` FROM `sortware_install_verify` WHERE ( `identification` = 'dddddddddddd' ) AND ( `type` = 0 ) LIMIT 1  
[ 2016-06-30T10:05:41+08:00 ] SQL:  RunTime:0.000000s SQL = SELECT COUNT(*) AS tp_count FROM `sortware_install_verify` WHERE ( `mobile` = '18519184446' ) AND ( `type` = 0 ) LIMIT 1  
[ 2016-06-30T10:05:54+08:00 ] WARN: [2048] Declaration of model_finance_softwareInstallVerify::save() should be compatible with that of model::save() E:\xampp\htdocs\finance\app\model\finance\softwareinstallverify.php 第 37 行.
[ 2016-06-30T10:05:54+08:00 ] SQL:  RunTime:0.002000s SQL = SHOW COLUMNS FROM `sortware_install_verify`
[ 2016-06-30T10:05:54+08:00 ] SQL:  RunTime:0.001000s SQL = SHOW COLUMNS FROM `sortware_install_verify`
[ 2016-06-30T10:05:54+08:00 ] SQL:  RunTime:0.001000s SQL = SELECT `mobile` FROM `sortware_install_verify` WHERE ( `identification` = 'dddddddddddd' ) AND ( `type` = 0 ) LIMIT 1  
[ 2016-06-30T10:05:54+08:00 ] SQL:  RunTime:0.001000s SQL = SELECT COUNT(*) AS tp_count FROM `sortware_install_verify` WHERE ( `mobile` = '18519184444' ) AND ( `type` = 0 ) LIMIT 1  
[ 2016-06-30T10:05:55+08:00 ] SQL:  RunTime:0.236014s SQL = INSERT INTO `sortware_install_verify` (`mobile`,`identification`,`type`) VALUES ('18519184444','dddddddddddd',0)
[ 2016-06-30T10:06:08+08:00 ] WARN: [2048] Declaration of model_finance_softwareInstallVerify::save() should be compatible with that of model::save() E:\xampp\htdocs\finance\app\model\finance\softwareinstallverify.php 第 37 行.
[ 2016-06-30T10:06:09+08:00 ] SQL:  RunTime:0.001000s SQL = SHOW COLUMNS FROM `sortware_install_verify`
[ 2016-06-30T10:06:09+08:00 ] SQL:  RunTime:0.002000s SQL = SHOW COLUMNS FROM `sortware_install_verify`
[ 2016-06-30T10:06:09+08:00 ] SQL:  RunTime:0.001000s SQL = SELECT `mobile` FROM `sortware_install_verify` WHERE ( `identification` = 'dddddddddddd' ) AND ( `type` = 0 ) LIMIT 1  
[ 2016-06-30T10:06:09+08:00 ] SQL:  RunTime:0.120007s SQL = INSERT INTO `sortware_install_verify` (`mobile`,`identification`,`type`) VALUES ('18519184444','dddddddddddd',0)
[ 2016-06-30T10:06:09+08:00 ] ERR: Duplicate entry '18519184444' for key 'unique_mobile'
 [ SQL语句 ] : INSERT INTO `sortware_install_verify` (`mobile`,`identification`,`type`) VALUES ('18519184444','dddddddddddd',0)
[ 2016-06-30T10:06:10+08:00 ] WARN: [2048] Declaration of model_finance_softwareInstallVerify::save() should be compatible with that of model::save() E:\xampp\htdocs\finance\app\model\finance\softwareinstallverify.php 第 37 行.
[ 2016-06-30T10:06:10+08:00 ] SQL:  RunTime:0.002000s SQL = SHOW COLUMNS FROM `sortware_install_verify`
[ 2016-06-30T10:06:10+08:00 ] SQL:  RunTime:0.001000s SQL = SHOW COLUMNS FROM `sortware_install_verify`
[ 2016-06-30T10:06:10+08:00 ] SQL:  RunTime:0.086005s SQL = SELECT `mobile` FROM `sortware_install_verify` WHERE ( `identification` = 'dddddddddddd' ) AND ( `type` = 0 ) LIMIT 1  
[ 2016-06-30T10:06:10+08:00 ] SQL:  RunTime:0.115007s SQL = INSERT INTO `sortware_install_verify` (`mobile`,`identification`,`type`) VALUES ('18519184444','dddddddddddd',0)
[ 2016-06-30T10:06:10+08:00 ] ERR: Duplicate entry '18519184444' for key 'unique_mobile'
 [ SQL语句 ] : INSERT INTO `sortware_install_verify` (`mobile`,`identification`,`type`) VALUES ('18519184444','dddddddddddd',0)
[ 2016-06-30T10:06:12+08:00 ] WARN: [2048] Declaration of model_finance_softwareInstallVerify::save() should be compatible with that of model::save() E:\xampp\htdocs\finance\app\model\finance\softwareinstallverify.php 第 37 行.
[ 2016-06-30T10:06:12+08:00 ] SQL:  RunTime:0.001000s SQL = SHOW COLUMNS FROM `sortware_install_verify`
[ 2016-06-30T10:06:12+08:00 ] SQL:  RunTime:0.001000s SQL = SHOW COLUMNS FROM `sortware_install_verify`
[ 2016-06-30T10:06:12+08:00 ] SQL:  RunTime:0.024002s SQL = SELECT `mobile` FROM `sortware_install_verify` WHERE ( `identification` = 'dddddddddddd' ) AND ( `type` = 0 ) LIMIT 1  
[ 2016-06-30T10:06:12+08:00 ] SQL:  RunTime:0.175010s SQL = INSERT INTO `sortware_install_verify` (`mobile`,`identification`,`type`) VALUES ('18519184444','dddddddddddd',0)
[ 2016-06-30T10:06:12+08:00 ] ERR: Duplicate entry '18519184444' for key 'unique_mobile'
 [ SQL语句 ] : INSERT INTO `sortware_install_verify` (`mobile`,`identification`,`type`) VALUES ('18519184444','dddddddddddd',0)
[ 2016-06-30T10:06:13+08:00 ] WARN: [2048] Declaration of model_finance_softwareInstallVerify::save() should be compatible with that of model::save() E:\xampp\htdocs\finance\app\model\finance\softwareinstallverify.php 第 37 行.
[ 2016-06-30T10:06:13+08:00 ] SQL:  RunTime:0.001000s SQL = SHOW COLUMNS FROM `sortware_install_verify`
[ 2016-06-30T10:06:13+08:00 ] SQL:  RunTime:0.001000s SQL = SHOW COLUMNS FROM `sortware_install_verify`
[ 2016-06-30T10:06:13+08:00 ] SQL:  RunTime:0.045003s SQL = SELECT `mobile` FROM `sortware_install_verify` WHERE ( `identification` = 'dddddddddddd' ) AND ( `type` = 0 ) LIMIT 1  
[ 2016-06-30T10:06:13+08:00 ] SQL:  RunTime:0.132007s SQL = INSERT INTO `sortware_install_verify` (`mobile`,`identification`,`type`) VALUES ('18519184444','dddddddddddd',0)
[ 2016-06-30T10:06:13+08:00 ] ERR: Duplicate entry '18519184444' for key 'unique_mobile'
 [ SQL语句 ] : INSERT INTO `sortware_install_verify` (`mobile`,`identification`,`type`) VALUES ('18519184444','dddddddddddd',0)
[ 2016-06-30T10:06:14+08:00 ] WARN: [2048] Declaration of model_finance_softwareInstallVerify::save() should be compatible with that of model::save() E:\xampp\htdocs\finance\app\model\finance\softwareinstallverify.php 第 37 行.
[ 2016-06-30T10:06:14+08:00 ] SQL:  RunTime:0.001000s SQL = SHOW COLUMNS FROM `sortware_install_verify`
[ 2016-06-30T10:06:14+08:00 ] SQL:  RunTime:0.002000s SQL = SHOW COLUMNS FROM `sortware_install_verify`
[ 2016-06-30T10:06:14+08:00 ] SQL:  RunTime:0.015001s SQL = SELECT `mobile` FROM `sortware_install_verify` WHERE ( `identification` = 'dddddddddddd' ) AND ( `type` = 0 ) LIMIT 1  
[ 2016-06-30T10:06:14+08:00 ] SQL:  RunTime:0.136008s SQL = INSERT INTO `sortware_install_verify` (`mobile`,`identification`,`type`) VALUES ('18519184444','dddddddddddd',0)
[ 2016-06-30T10:06:14+08:00 ] ERR: Duplicate entry '18519184444' for key 'unique_mobile'
 [ SQL语句 ] : INSERT INTO `sortware_install_verify` (`mobile`,`identification`,`type`) VALUES ('18519184444','dddddddddddd',0)
[ 2016-06-30T10:06:58+08:00 ] WARN: [2048] Declaration of model_finance_softwareInstallVerify::save() should be compatible with that of model::save() E:\xampp\htdocs\finance\app\model\finance\softwareinstallverify.php 第 36 行.
[ 2016-06-30T10:06:58+08:00 ] SQL:  RunTime:0.001000s SQL = SHOW COLUMNS FROM `sortware_install_verify`
[ 2016-06-30T10:06:58+08:00 ] SQL:  RunTime:0.002000s SQL = SHOW COLUMNS FROM `sortware_install_verify`
[ 2016-06-30T10:06:58+08:00 ] SQL:  RunTime:0.096006s SQL = SELECT `mobile` FROM `sortware_install_verify` WHERE ( `identification` = 'dddddddddddd' ) AND ( `type` = 0 ) LIMIT 1  
[ 2016-06-30T10:06:58+08:00 ] SQL:  RunTime:0.129007s SQL = INSERT INTO `sortware_install_verify` (`mobile`,`identification`,`type`) VALUES ('18519184444','dddddddddddd',0)
[ 2016-06-30T10:06:58+08:00 ] ERR: Duplicate entry '18519184444' for key 'unique_mobile'
 [ SQL语句 ] : INSERT INTO `sortware_install_verify` (`mobile`,`identification`,`type`) VALUES ('18519184444','dddddddddddd',0)
[ 2016-06-30T10:06:59+08:00 ] WARN: [2048] Declaration of model_finance_softwareInstallVerify::save() should be compatible with that of model::save() E:\xampp\htdocs\finance\app\model\finance\softwareinstallverify.php 第 36 行.
[ 2016-06-30T10:06:59+08:00 ] SQL:  RunTime:0.002000s SQL = SHOW COLUMNS FROM `sortware_install_verify`
[ 2016-06-30T10:06:59+08:00 ] SQL:  RunTime:0.002000s SQL = SHOW COLUMNS FROM `sortware_install_verify`
[ 2016-06-30T10:06:59+08:00 ] SQL:  RunTime:0.015001s SQL = SELECT `mobile` FROM `sortware_install_verify` WHERE ( `identification` = 'dddddddddddd' ) AND ( `type` = 0 ) LIMIT 1  
[ 2016-06-30T10:06:59+08:00 ] SQL:  RunTime:0.115007s SQL = INSERT INTO `sortware_install_verify` (`mobile`,`identification`,`type`) VALUES ('18519184444','dddddddddddd',0)
[ 2016-06-30T10:06:59+08:00 ] ERR: Duplicate entry '18519184444' for key 'unique_mobile'
 [ SQL语句 ] : INSERT INTO `sortware_install_verify` (`mobile`,`identification`,`type`) VALUES ('18519184444','dddddddddddd',0)
[ 2016-06-30T10:07:00+08:00 ] WARN: [2048] Declaration of model_finance_softwareInstallVerify::save() should be compatible with that of model::save() E:\xampp\htdocs\finance\app\model\finance\softwareinstallverify.php 第 36 行.
[ 2016-06-30T10:07:00+08:00 ] SQL:  RunTime:0.001000s SQL = SHOW COLUMNS FROM `sortware_install_verify`
[ 2016-06-30T10:07:00+08:00 ] SQL:  RunTime:0.001000s SQL = SHOW COLUMNS FROM `sortware_install_verify`
[ 2016-06-30T10:07:00+08:00 ] SQL:  RunTime:0.044002s SQL = SELECT `mobile` FROM `sortware_install_verify` WHERE ( `identification` = 'dddddddddddd' ) AND ( `type` = 0 ) LIMIT 1  
[ 2016-06-30T10:07:00+08:00 ] SQL:  RunTime:0.097006s SQL = INSERT INTO `sortware_install_verify` (`mobile`,`identification`,`type`) VALUES ('18519184444','dddddddddddd',0)
[ 2016-06-30T10:07:00+08:00 ] ERR: Duplicate entry '18519184444' for key 'unique_mobile'
 [ SQL语句 ] : INSERT INTO `sortware_install_verify` (`mobile`,`identification`,`type`) VALUES ('18519184444','dddddddddddd',0)
[ 2016-06-30T10:07:01+08:00 ] WARN: [2048] Declaration of model_finance_softwareInstallVerify::save() should be compatible with that of model::save() E:\xampp\htdocs\finance\app\model\finance\softwareinstallverify.php 第 36 行.
[ 2016-06-30T10:07:01+08:00 ] SQL:  RunTime:0.001000s SQL = SHOW COLUMNS FROM `sortware_install_verify`
[ 2016-06-30T10:07:01+08:00 ] SQL:  RunTime:0.001001s SQL = SHOW COLUMNS FROM `sortware_install_verify`
[ 2016-06-30T10:07:01+08:00 ] SQL:  RunTime:0.115006s SQL = SELECT `mobile` FROM `sortware_install_verify` WHERE ( `identification` = 'dddddddddddd' ) AND ( `type` = 0 ) LIMIT 1  
[ 2016-06-30T10:07:01+08:00 ] SQL:  RunTime:0.198011s SQL = INSERT INTO `sortware_install_verify` (`mobile`,`identification`,`type`) VALUES ('18519184444','dddddddddddd',0)
[ 2016-06-30T10:07:01+08:00 ] ERR: Duplicate entry '18519184444' for key 'unique_mobile'
 [ SQL语句 ] : INSERT INTO `sortware_install_verify` (`mobile`,`identification`,`type`) VALUES ('18519184444','dddddddddddd',0)
[ 2016-06-30T10:07:23+08:00 ] WARN: [2048] Declaration of model_finance_softwareInstallVerify::save() should be compatible with that of model::save() E:\xampp\htdocs\finance\app\model\finance\softwareinstallverify.php 第 36 行.
[ 2016-06-30T10:07:23+08:00 ] SQL:  RunTime:0.001000s SQL = SHOW COLUMNS FROM `sortware_install_verify`
[ 2016-06-30T10:07:23+08:00 ] SQL:  RunTime:0.002001s SQL = SHOW COLUMNS FROM `sortware_install_verify`
[ 2016-06-30T10:07:23+08:00 ] SQL:  RunTime:0.053003s SQL = SELECT `mobile` FROM `sortware_install_verify` WHERE ( `identification` = 'dddddddddddd' ) AND ( `type` = 0 ) LIMIT 1  
[ 2016-06-30T10:07:24+08:00 ] SQL:  RunTime:0.060003s SQL = INSERT INTO `sortware_install_verify` (`mobile`,`identification`,`type`) VALUES ('18519184444','dddddddddddd',0)
[ 2016-06-30T10:07:24+08:00 ] ERR: Duplicate entry '18519184444' for key 'unique_mobile'
 [ SQL语句 ] : INSERT INTO `sortware_install_verify` (`mobile`,`identification`,`type`) VALUES ('18519184444','dddddddddddd',0)
[ 2016-06-30T10:07:24+08:00 ] WARN: [2048] Declaration of model_finance_softwareInstallVerify::save() should be compatible with that of model::save() E:\xampp\htdocs\finance\app\model\finance\softwareinstallverify.php 第 36 行.
[ 2016-06-30T10:07:24+08:00 ] SQL:  RunTime:0.001000s SQL = SHOW COLUMNS FROM `sortware_install_verify`
[ 2016-06-30T10:07:24+08:00 ] SQL:  RunTime:0.001000s SQL = SHOW COLUMNS FROM `sortware_install_verify`
[ 2016-06-30T10:07:24+08:00 ] SQL:  RunTime:0.076005s SQL = SELECT `mobile` FROM `sortware_install_verify` WHERE ( `identification` = 'dddddddddddd' ) AND ( `type` = 0 ) LIMIT 1  
[ 2016-06-30T10:07:25+08:00 ] SQL:  RunTime:0.165009s SQL = INSERT INTO `sortware_install_verify` (`mobile`,`identification`,`type`) VALUES ('18519184444','dddddddddddd',0)
[ 2016-06-30T10:07:25+08:00 ] ERR: Duplicate entry '18519184444' for key 'unique_mobile'
 [ SQL语句 ] : INSERT INTO `sortware_install_verify` (`mobile`,`identification`,`type`) VALUES ('18519184444','dddddddddddd',0)
[ 2016-06-30T10:07:25+08:00 ] WARN: [2048] Declaration of model_finance_softwareInstallVerify::save() should be compatible with that of model::save() E:\xampp\htdocs\finance\app\model\finance\softwareinstallverify.php 第 36 行.
[ 2016-06-30T10:07:25+08:00 ] SQL:  RunTime:0.002000s SQL = SHOW COLUMNS FROM `sortware_install_verify`
[ 2016-06-30T10:07:25+08:00 ] SQL:  RunTime:0.001001s SQL = SHOW COLUMNS FROM `sortware_install_verify`
[ 2016-06-30T10:07:25+08:00 ] SQL:  RunTime:0.086004s SQL = SELECT `mobile` FROM `sortware_install_verify` WHERE ( `identification` = 'dddddddddddd' ) AND ( `type` = 0 ) LIMIT 1  
[ 2016-06-30T10:07:26+08:00 ] SQL:  RunTime:0.152008s SQL = INSERT INTO `sortware_install_verify` (`mobile`,`identification`,`type`) VALUES ('18519184444','dddddddddddd',0)
[ 2016-06-30T10:07:26+08:00 ] ERR: Duplicate entry '18519184444' for key 'unique_mobile'
 [ SQL语句 ] : INSERT INTO `sortware_install_verify` (`mobile`,`identification`,`type`) VALUES ('18519184444','dddddddddddd',0)
[ 2016-06-30T10:07:26+08:00 ] WARN: [2048] Declaration of model_finance_softwareInstallVerify::save() should be compatible with that of model::save() E:\xampp\htdocs\finance\app\model\finance\softwareinstallverify.php 第 36 行.
[ 2016-06-30T10:07:26+08:00 ] SQL:  RunTime:0.002000s SQL = SHOW COLUMNS FROM `sortware_install_verify`
[ 2016-06-30T10:07:26+08:00 ] SQL:  RunTime:0.001000s SQL = SHOW COLUMNS FROM `sortware_install_verify`
[ 2016-06-30T10:07:27+08:00 ] SQL:  RunTime:0.111007s SQL = SELECT `mobile` FROM `sortware_install_verify` WHERE ( `identification` = 'dddddddddddd' ) AND ( `type` = 0 ) LIMIT 1  
[ 2016-06-30T10:07:27+08:00 ] SQL:  RunTime:0.156009s SQL = INSERT INTO `sortware_install_verify` (`mobile`,`identification`,`type`) VALUES ('18519184444','dddddddddddd',0)
[ 2016-06-30T10:07:27+08:00 ] ERR: Duplicate entry '18519184444' for key 'unique_mobile'
 [ SQL语句 ] : INSERT INTO `sortware_install_verify` (`mobile`,`identification`,`type`) VALUES ('18519184444','dddddddddddd',0)
[ 2016-06-30T10:07:27+08:00 ] WARN: [2048] Declaration of model_finance_softwareInstallVerify::save() should be compatible with that of model::save() E:\xampp\htdocs\finance\app\model\finance\softwareinstallverify.php 第 36 行.
[ 2016-06-30T10:07:27+08:00 ] SQL:  RunTime:0.002000s SQL = SHOW COLUMNS FROM `sortware_install_verify`
[ 2016-06-30T10:07:27+08:00 ] SQL:  RunTime:0.001000s SQL = SHOW COLUMNS FROM `sortware_install_verify`
[ 2016-06-30T10:07:28+08:00 ] SQL:  RunTime:0.145008s SQL = SELECT `mobile` FROM `sortware_install_verify` WHERE ( `identification` = 'dddddddddddd' ) AND ( `type` = 0 ) LIMIT 1  
[ 2016-06-30T10:07:28+08:00 ] SQL:  RunTime:0.145008s SQL = INSERT INTO `sortware_install_verify` (`mobile`,`identification`,`type`) VALUES ('18519184444','dddddddddddd',0)
[ 2016-06-30T10:07:28+08:00 ] ERR: Duplicate entry '18519184444' for key 'unique_mobile'
 [ SQL语句 ] : INSERT INTO `sortware_install_verify` (`mobile`,`identification`,`type`) VALUES ('18519184444','dddddddddddd',0)
[ 2016-06-30T10:07:28+08:00 ] WARN: [2048] Declaration of model_finance_softwareInstallVerify::save() should be compatible with that of model::save() E:\xampp\htdocs\finance\app\model\finance\softwareinstallverify.php 第 36 行.
[ 2016-06-30T10:07:28+08:00 ] SQL:  RunTime:0.002000s SQL = SHOW COLUMNS FROM `sortware_install_verify`
[ 2016-06-30T10:07:28+08:00 ] SQL:  RunTime:0.001000s SQL = SHOW COLUMNS FROM `sortware_install_verify`
[ 2016-06-30T10:07:28+08:00 ] SQL:  RunTime:0.135008s SQL = SELECT `mobile` FROM `sortware_install_verify` WHERE ( `identification` = 'dddddddddddd' ) AND ( `type` = 0 ) LIMIT 1  
[ 2016-06-30T10:07:29+08:00 ] SQL:  RunTime:0.143008s SQL = INSERT INTO `sortware_install_verify` (`mobile`,`identification`,`type`) VALUES ('18519184444','dddddddddddd',0)
[ 2016-06-30T10:07:29+08:00 ] ERR: Duplicate entry '18519184444' for key 'unique_mobile'
 [ SQL语句 ] : INSERT INTO `sortware_install_verify` (`mobile`,`identification`,`type`) VALUES ('18519184444','dddddddddddd',0)
[ 2016-06-30T10:08:22+08:00 ] WARN: [2048] Declaration of model_finance_softwareInstallVerify::save() should be compatible with that of model::save() E:\xampp\htdocs\finance\app\model\finance\softwareinstallverify.php 第 36 行.
[ 2016-06-30T10:08:22+08:00 ] SQL:  RunTime:0.002000s SQL = SHOW COLUMNS FROM `sortware_install_verify`
[ 2016-06-30T10:08:22+08:00 ] SQL:  RunTime:0.001000s SQL = SHOW COLUMNS FROM `sortware_install_verify`
[ 2016-06-30T10:08:22+08:00 ] SQL:  RunTime:0.104006s SQL = SELECT `mobile` FROM `sortware_install_verify` WHERE ( `identification` = 'dddddddddddd' ) AND ( `type` = 0 ) LIMIT 1  
[ 2016-06-30T10:08:23+08:00 ] SQL:  RunTime:0.158009s SQL = INSERT INTO `sortware_install_verify` (`mobile`,`identification`,`type`) VALUES ('18519184444','dddddddddddd',0)
[ 2016-06-30T10:08:23+08:00 ] ERR: Duplicate entry '18519184444' for key 'unique_mobile'
 [ SQL语句 ] : INSERT INTO `sortware_install_verify` (`mobile`,`identification`,`type`) VALUES ('18519184444','dddddddddddd',0)
[ 2016-06-30T10:08:23+08:00 ] WARN: [2048] Declaration of model_finance_softwareInstallVerify::save() should be compatible with that of model::save() E:\xampp\htdocs\finance\app\model\finance\softwareinstallverify.php 第 36 行.
[ 2016-06-30T10:08:23+08:00 ] SQL:  RunTime:0.002001s SQL = SHOW COLUMNS FROM `sortware_install_verify`
[ 2016-06-30T10:08:23+08:00 ] SQL:  RunTime:0.001000s SQL = SHOW COLUMNS FROM `sortware_install_verify`
[ 2016-06-30T10:08:23+08:00 ] SQL:  RunTime:0.122007s SQL = SELECT `mobile` FROM `sortware_install_verify` WHERE ( `identification` = 'dddddddddddd' ) AND ( `type` = 0 ) LIMIT 1  
[ 2016-06-30T10:08:24+08:00 ] SQL:  RunTime:0.261014s SQL = INSERT INTO `sortware_install_verify` (`mobile`,`identification`,`type`) VALUES ('18519184444','dddddddddddd',0)
[ 2016-06-30T10:08:24+08:00 ] ERR: Duplicate entry '18519184444' for key 'unique_mobile'
 [ SQL语句 ] : INSERT INTO `sortware_install_verify` (`mobile`,`identification`,`type`) VALUES ('18519184444','dddddddddddd',0)
[ 2016-06-30T10:09:06+08:00 ] WARN: [2048] Declaration of model_finance_softwareInstallVerify::save() should be compatible with that of model::save() E:\xampp\htdocs\finance\app\model\finance\softwareinstallverify.php 第 36 行.
[ 2016-06-30T10:09:06+08:00 ] SQL:  RunTime:0.001000s SQL = SHOW COLUMNS FROM `sortware_install_verify`
[ 2016-06-30T10:09:06+08:00 ] SQL:  RunTime:0.002000s SQL = SHOW COLUMNS FROM `sortware_install_verify`
[ 2016-06-30T10:09:07+08:00 ] SQL:  RunTime:0.082005s SQL = SELECT `mobile` FROM `sortware_install_verify` WHERE ( `identification` = 'dddddddddddd' ) AND ( `type` = 0 ) LIMIT 1  
[ 2016-06-30T10:09:07+08:00 ] SQL:  RunTime:0.190011s SQL = INSERT INTO `sortware_install_verify` (`mobile`,`identification`,`type`) VALUES ('18519184444','dddddddddddd',0)
[ 2016-06-30T10:09:07+08:00 ] ERR: Duplicate entry '18519184444' for key 'unique_mobile'
 [ SQL语句 ] : INSERT INTO `sortware_install_verify` (`mobile`,`identification`,`type`) VALUES ('18519184444','dddddddddddd',0)
[ 2016-06-30T12:08:04+08:00 ] SQL:  RunTime:0.002000s SQL = SHOW COLUMNS FROM `sortware_client_oparation`
[ 2016-06-30T12:08:04+08:00 ] SQL:  RunTime:0.001000s SQL = SHOW COLUMNS FROM `sortware_client_oparation`
[ 2016-06-30T12:08:04+08:00 ] SQL:  RunTime:0.002000s SQL = SELECT * FROM `sortware_client_oparation` WHERE ( `id` = 16 ) LIMIT 1  
[ 2016-06-30T12:08:04+08:00 ] NOTIC: [8] Undefined index: sign E:\xampp\htdocs\finance\app\controller\api\software.php 第 913 行.
[ 2016-06-30T12:08:07+08:00 ] SQL:  RunTime:0.001000s SQL = SHOW COLUMNS FROM `sortware_client_oparation`
[ 2016-06-30T12:08:07+08:00 ] NOTIC: [8] Undefined index: sign E:\xampp\htdocs\finance\app\controller\api\software.php 第 913 行.
[ 2016-06-30T12:08:08+08:00 ] SQL:  RunTime:0.001000s SQL = SHOW COLUMNS FROM `sortware_client_oparation`
[ 2016-06-30T12:08:08+08:00 ] NOTIC: [8] Undefined index: sign E:\xampp\htdocs\finance\app\controller\api\software.php 第 913 行.
[ 2016-06-30T12:08:09+08:00 ] SQL:  RunTime:0.001000s SQL = SHOW COLUMNS FROM `sortware_client_oparation`
[ 2016-06-30T12:08:09+08:00 ] NOTIC: [8] Undefined index: sign E:\xampp\htdocs\finance\app\controller\api\software.php 第 913 行.
[ 2016-06-30T12:08:10+08:00 ] SQL:  RunTime:0.001000s SQL = SHOW COLUMNS FROM `sortware_client_oparation`
[ 2016-06-30T12:08:10+08:00 ] NOTIC: [8] Undefined index: sign E:\xampp\htdocs\finance\app\controller\api\software.php 第 913 行.
[ 2016-06-30T12:08:11+08:00 ] SQL:  RunTime:0.002001s SQL = SHOW COLUMNS FROM `sortware_client_oparation`
[ 2016-06-30T12:08:11+08:00 ] NOTIC: [8] Undefined index: sign E:\xampp\htdocs\finance\app\controller\api\software.php 第 913 行.
[ 2016-06-30T12:08:12+08:00 ] SQL:  RunTime:0.002000s SQL = SHOW COLUMNS FROM `sortware_client_oparation`
[ 2016-06-30T12:08:12+08:00 ] NOTIC: [8] Undefined index: sign E:\xampp\htdocs\finance\app\controller\api\software.php 第 913 行.
[ 2016-06-30T12:08:13+08:00 ] SQL:  RunTime:0.002000s SQL = SHOW COLUMNS FROM `sortware_client_oparation`
[ 2016-06-30T12:08:13+08:00 ] NOTIC: [8] Undefined index: sign E:\xampp\htdocs\finance\app\controller\api\software.php 第 913 行.
[ 2016-06-30T12:08:14+08:00 ] SQL:  RunTime:0.002000s SQL = SHOW COLUMNS FROM `sortware_client_oparation`
[ 2016-06-30T12:08:14+08:00 ] NOTIC: [8] Undefined index: sign E:\xampp\htdocs\finance\app\controller\api\software.php 第 913 行.
[ 2016-06-30T12:08:23+08:00 ] SQL:  RunTime:0.002001s SQL = SHOW COLUMNS FROM `sortware_client_oparation`
[ 2016-06-30T12:08:23+08:00 ] NOTIC: [8] Undefined index: sign E:\xampp\htdocs\finance\app\controller\api\software.php 第 913 行.
[ 2016-06-30T12:08:23+08:00 ] WARN: [2048] Declaration of model_finance_softwareInstallVerify::save() should be compatible with that of model::save() E:\xampp\htdocs\finance\app\model\finance\softwareinstallverify.php 第 36 行.
[ 2016-06-30T12:08:23+08:00 ] SQL:  RunTime:0.003000s SQL = SHOW COLUMNS FROM `sortware_install_verify`
[ 2016-06-30T12:08:23+08:00 ] SQL:  RunTime:0.001000s SQL = SHOW COLUMNS FROM `sortware_install_verify`
[ 2016-06-30T12:08:23+08:00 ] SQL:  RunTime:0.001000s SQL = SELECT `mobile` FROM `sortware_install_verify` WHERE ( `identification` = 'dddddddddddd' ) AND ( `type` = 0 ) LIMIT 1  
[ 2016-06-30T12:08:23+08:00 ] SQL:  RunTime:0.011001s SQL = INSERT INTO `sortware_install_verify` (`mobile`,`identification`,`type`) VALUES ('18519184444','dddddddddddd',0)
[ 2016-06-30T12:08:23+08:00 ] ERR: Duplicate entry '18519184444' for key 'unique_mobile'
 [ SQL语句 ] : INSERT INTO `sortware_install_verify` (`mobile`,`identification`,`type`) VALUES ('18519184444','dddddddddddd',0)
[ 2016-06-30T12:08:43+08:00 ] SQL:  RunTime:0.001000s SQL = SHOW COLUMNS FROM `sortware_client_oparation`
[ 2016-06-30T12:08:43+08:00 ] NOTIC: [8] Undefined index: sign E:\xampp\htdocs\finance\app\controller\api\software.php 第 913 行.
[ 2016-06-30T12:10:25+08:00 ] SQL:  RunTime:0.002001s SQL = SHOW COLUMNS FROM `sortware_client_oparation`
[ 2016-06-30T12:10:25+08:00 ] NOTIC: [8] Undefined index: sign E:\xampp\htdocs\finance\app\controller\api\software.php 第 914 行.
[ 2016-06-30T12:10:26+08:00 ] SQL:  RunTime:0.001000s SQL = SHOW COLUMNS FROM `sortware_client_oparation`
[ 2016-06-30T12:10:26+08:00 ] NOTIC: [8] Undefined index: sign E:\xampp\htdocs\finance\app\controller\api\software.php 第 914 行.
[ 2016-06-30T12:10:28+08:00 ] SQL:  RunTime:0.002000s SQL = SHOW COLUMNS FROM `sortware_client_oparation`
[ 2016-06-30T12:10:28+08:00 ] NOTIC: [8] Undefined index: sign E:\xampp\htdocs\finance\app\controller\api\software.php 第 914 行.
[ 2016-06-30T12:10:29+08:00 ] SQL:  RunTime:0.001000s SQL = SHOW COLUMNS FROM `sortware_client_oparation`
[ 2016-06-30T12:10:29+08:00 ] NOTIC: [8] Undefined index: sign E:\xampp\htdocs\finance\app\controller\api\software.php 第 914 行.
[ 2016-06-30T12:10:29+08:00 ] SQL:  RunTime:0.001001s SQL = SHOW COLUMNS FROM `sortware_client_oparation`
[ 2016-06-30T12:10:29+08:00 ] NOTIC: [8] Undefined index: sign E:\xampp\htdocs\finance\app\controller\api\software.php 第 914 行.
[ 2016-06-30T12:10:30+08:00 ] SQL:  RunTime:0.002000s SQL = SHOW COLUMNS FROM `sortware_client_oparation`
[ 2016-06-30T12:10:30+08:00 ] NOTIC: [8] Undefined index: sign E:\xampp\htdocs\finance\app\controller\api\software.php 第 914 行.
[ 2016-06-30T12:10:31+08:00 ] SQL:  RunTime:0.001000s SQL = SHOW COLUMNS FROM `sortware_client_oparation`
[ 2016-06-30T12:10:31+08:00 ] NOTIC: [8] Undefined index: sign E:\xampp\htdocs\finance\app\controller\api\software.php 第 914 行.
[ 2016-06-30T12:10:32+08:00 ] SQL:  RunTime:0.001000s SQL = SHOW COLUMNS FROM `sortware_client_oparation`
[ 2016-06-30T12:10:32+08:00 ] NOTIC: [8] Undefined index: sign E:\xampp\htdocs\finance\app\controller\api\software.php 第 914 行.
[ 2016-06-30T12:11:17+08:00 ] SQL:  RunTime:0.001000s SQL = SHOW COLUMNS FROM `sortware_client_oparation`
[ 2016-06-30T12:11:17+08:00 ] NOTIC: [8] Undefined index: sign E:\xampp\htdocs\finance\app\controller\api\software.php 第 914 行.
[ 2016-06-30T12:11:18+08:00 ] SQL:  RunTime:0.001000s SQL = SHOW COLUMNS FROM `sortware_client_oparation`
[ 2016-06-30T12:11:18+08:00 ] NOTIC: [8] Undefined index: sign E:\xampp\htdocs\finance\app\controller\api\software.php 第 914 行.
[ 2016-06-30T12:11:58+08:00 ] SQL:  RunTime:0.001000s SQL = SHOW COLUMNS FROM `sortware_client_oparation`
[ 2016-06-30T12:12:45+08:00 ] SQL:  RunTime:0.001000s SQL = SHOW COLUMNS FROM `sortware_client_oparation`
[ 2016-06-30T12:12:50+08:00 ] SQL:  RunTime:0.001000s SQL = SHOW COLUMNS FROM `sortware_client_oparation`
[ 2016-06-30T12:12:50+08:00 ] SQL:  RunTime:0.002000s SQL = SHOW COLUMNS FROM `sortware_client_oparation`
[ 2016-06-30T12:12:52+08:00 ] SQL:  RunTime:0.002000s SQL = SHOW COLUMNS FROM `sortware_client_oparation`
[ 2016-06-30T12:12:53+08:00 ] SQL:  RunTime:0.002001s SQL = SHOW COLUMNS FROM `sortware_client_oparation`
[ 2016-06-30T12:12:54+08:00 ] SQL:  RunTime:0.001000s SQL = SHOW COLUMNS FROM `sortware_client_oparation`
[ 2016-06-30T12:12:55+08:00 ] SQL:  RunTime:0.001000s SQL = SHOW COLUMNS FROM `sortware_client_oparation`
[ 2016-06-30T12:15:11+08:00 ] SQL:  RunTime:0.002000s SQL = SHOW COLUMNS FROM `sortware_client_oparation`
[ 2016-06-30T12:15:12+08:00 ] SQL:  RunTime:0.002000s SQL = SHOW COLUMNS FROM `sortware_client_oparation`
[ 2016-06-30T12:15:13+08:00 ] SQL:  RunTime:0.002000s SQL = SHOW COLUMNS FROM `sortware_client_oparation`
[ 2016-06-30T12:15:14+08:00 ] SQL:  RunTime:0.001000s SQL = SHOW COLUMNS FROM `sortware_client_oparation`
[ 2016-06-30T12:15:15+08:00 ] SQL:  RunTime:0.001000s SQL = SHOW COLUMNS FROM `sortware_client_oparation`
[ 2016-06-30T12:15:32+08:00 ] SQL:  RunTime:0.001000s SQL = SHOW COLUMNS FROM `sortware_client_oparation`
[ 2016-06-30T12:15:34+08:00 ] SQL:  RunTime:0.002000s SQL = SHOW COLUMNS FROM `sortware_client_oparation`
[ 2016-06-30T12:15:34+08:00 ] SQL:  RunTime:0.002000s SQL = SHOW COLUMNS FROM `sortware_client_oparation`
[ 2016-06-30T12:17:35+08:00 ] SQL:  RunTime:0.002000s SQL = SHOW COLUMNS FROM `sortware_client_oparation`
[ 2016-06-30T12:21:35+08:00 ] SQL:  RunTime:0.001001s SQL = SHOW COLUMNS FROM `sortware_client_oparation`
[ 2016-06-30T12:21:36+08:00 ] SQL:  RunTime:0.001000s SQL = SHOW COLUMNS FROM `sortware_client_oparation`
[ 2016-06-30T12:22:23+08:00 ] SQL:  RunTime:0.001000s SQL = SHOW COLUMNS FROM `sortware_client_oparation`
[ 2016-06-30T12:23:17+08:00 ] SQL:  RunTime:0.001000s SQL = SHOW COLUMNS FROM `sortware_client_oparation`
[ 2016-06-30T12:23:17+08:00 ] WARN: [2048] Declaration of model_finance_softwareInstallVerify::save() should be compatible with that of model::save() E:\xampp\htdocs\finance\app\model\finance\softwareinstallverify.php 第 36 行.
[ 2016-06-30T12:23:17+08:00 ] SQL:  RunTime:0.002000s SQL = SHOW COLUMNS FROM `sortware_install_verify`
[ 2016-06-30T12:23:17+08:00 ] SQL:  RunTime:0.001000s SQL = SHOW COLUMNS FROM `sortware_install_verify`
[ 2016-06-30T12:23:17+08:00 ] SQL:  RunTime:0.001000s SQL = SELECT `mobile` FROM `sortware_install_verify` WHERE ( `identification` = 'dddddddddddd' ) AND ( `type` = 0 ) LIMIT 1  
[ 2016-06-30T12:23:17+08:00 ] SQL:  RunTime:0.010001s SQL = INSERT INTO `sortware_install_verify` (`mobile`,`identification`,`type`) VALUES ('18519184444','dddddddddddd',0)
[ 2016-06-30T12:23:17+08:00 ] ERR: Duplicate entry '18519184444' for key 'unique_mobile'
 [ SQL语句 ] : INSERT INTO `sortware_install_verify` (`mobile`,`identification`,`type`) VALUES ('18519184444','dddddddddddd',0)
[ 2016-06-30T12:24:01+08:00 ] SQL:  RunTime:0.001000s SQL = SHOW COLUMNS FROM `sortware_client_oparation`
[ 2016-06-30T12:24:01+08:00 ] WARN: [2048] Declaration of model_finance_softwareInstallVerify::save() should be compatible with that of model::save() E:\xampp\htdocs\finance\app\model\finance\softwareinstallverify.php 第 36 行.
[ 2016-06-30T12:24:01+08:00 ] SQL:  RunTime:0.001000s SQL = SHOW COLUMNS FROM `sortware_install_verify`
[ 2016-06-30T12:24:01+08:00 ] SQL:  RunTime:0.001000s SQL = SHOW COLUMNS FROM `sortware_install_verify`
[ 2016-06-30T12:24:01+08:00 ] SQL:  RunTime:0.001000s SQL = SELECT `mobile` FROM `sortware_install_verify` WHERE ( `identification` = 'dddddddddddd' ) AND ( `type` = 0 ) LIMIT 1  
[ 2016-06-30T12:24:01+08:00 ] SQL:  RunTime:0.011001s SQL = INSERT INTO `sortware_install_verify` (`mobile`,`identification`,`type`) VALUES ('18519184444','dddddddddddd',0)
[ 2016-06-30T12:24:01+08:00 ] ERR: Duplicate entry '18519184444' for key 'unique_mobile'
 [ SQL语句 ] : INSERT INTO `sortware_install_verify` (`mobile`,`identification`,`type`) VALUES ('18519184444','dddddddddddd',0)
[ 2016-06-30T12:24:02+08:00 ] SQL:  RunTime:0.001000s SQL = SHOW COLUMNS FROM `sortware_client_oparation`
[ 2016-06-30T12:24:02+08:00 ] WARN: [2048] Declaration of model_finance_softwareInstallVerify::save() should be compatible with that of model::save() E:\xampp\htdocs\finance\app\model\finance\softwareinstallverify.php 第 36 行.
[ 2016-06-30T12:24:02+08:00 ] SQL:  RunTime:0.001000s SQL = SHOW COLUMNS FROM `sortware_install_verify`
[ 2016-06-30T12:24:02+08:00 ] SQL:  RunTime:0.001000s SQL = SHOW COLUMNS FROM `sortware_install_verify`
[ 2016-06-30T12:24:02+08:00 ] SQL:  RunTime:0.001000s SQL = SELECT `mobile` FROM `sortware_install_verify` WHERE ( `identification` = 'dddddddddddd' ) AND ( `type` = 0 ) LIMIT 1  
[ 2016-06-30T12:24:02+08:00 ] SQL:  RunTime:0.010001s SQL = INSERT INTO `sortware_install_verify` (`mobile`,`identification`,`type`) VALUES ('18519184444','dddddddddddd',0)
[ 2016-06-30T12:24:02+08:00 ] ERR: Duplicate entry '18519184444' for key 'unique_mobile'
 [ SQL语句 ] : INSERT INTO `sortware_install_verify` (`mobile`,`identification`,`type`) VALUES ('18519184444','dddddddddddd',0)
[ 2016-06-30T12:24:03+08:00 ] SQL:  RunTime:0.001000s SQL = SHOW COLUMNS FROM `sortware_client_oparation`
[ 2016-06-30T12:24:03+08:00 ] WARN: [2048] Declaration of model_finance_softwareInstallVerify::save() should be compatible with that of model::save() E:\xampp\htdocs\finance\app\model\finance\softwareinstallverify.php 第 36 行.
[ 2016-06-30T12:24:03+08:00 ] SQL:  RunTime:0.001000s SQL = SHOW COLUMNS FROM `sortware_install_verify`
[ 2016-06-30T12:24:03+08:00 ] SQL:  RunTime:0.002001s SQL = SHOW COLUMNS FROM `sortware_install_verify`
[ 2016-06-30T12:24:03+08:00 ] SQL:  RunTime:0.001000s SQL = SELECT `mobile` FROM `sortware_install_verify` WHERE ( `identification` = 'dddddddddddd' ) AND ( `type` = 0 ) LIMIT 1  
[ 2016-06-30T12:24:03+08:00 ] SQL:  RunTime:0.012000s SQL = INSERT INTO `sortware_install_verify` (`mobile`,`identification`,`type`) VALUES ('18519184444','dddddddddddd',0)
[ 2016-06-30T12:24:03+08:00 ] ERR: Duplicate entry '18519184444' for key 'unique_mobile'
 [ SQL语句 ] : INSERT INTO `sortware_install_verify` (`mobile`,`identification`,`type`) VALUES ('18519184444','dddddddddddd',0)
[ 2016-06-30T12:24:03+08:00 ] SQL:  RunTime:0.002001s SQL = SHOW COLUMNS FROM `sortware_client_oparation`
[ 2016-06-30T12:24:03+08:00 ] WARN: [2048] Declaration of model_finance_softwareInstallVerify::save() should be compatible with that of model::save() E:\xampp\htdocs\finance\app\model\finance\softwareinstallverify.php 第 36 行.
[ 2016-06-30T12:24:03+08:00 ] SQL:  RunTime:0.001000s SQL = SHOW COLUMNS FROM `sortware_install_verify`
[ 2016-06-30T12:24:03+08:00 ] SQL:  RunTime:0.001000s SQL = SHOW COLUMNS FROM `sortware_install_verify`
[ 2016-06-30T12:24:03+08:00 ] SQL:  RunTime:0.002000s SQL = SELECT `mobile` FROM `sortware_install_verify` WHERE ( `identification` = 'dddddddddddd' ) AND ( `type` = 0 ) LIMIT 1  
[ 2016-06-30T12:24:03+08:00 ] SQL:  RunTime:0.010001s SQL = INSERT INTO `sortware_install_verify` (`mobile`,`identification`,`type`) VALUES ('18519184444','dddddddddddd',0)
[ 2016-06-30T12:24:03+08:00 ] ERR: Duplicate entry '18519184444' for key 'unique_mobile'
 [ SQL语句 ] : INSERT INTO `sortware_install_verify` (`mobile`,`identification`,`type`) VALUES ('18519184444','dddddddddddd',0)
[ 2016-06-30T12:24:04+08:00 ] SQL:  RunTime:0.001000s SQL = SHOW COLUMNS FROM `sortware_client_oparation`
[ 2016-06-30T12:24:04+08:00 ] WARN: [2048] Declaration of model_finance_softwareInstallVerify::save() should be compatible with that of model::save() E:\xampp\htdocs\finance\app\model\finance\softwareinstallverify.php 第 36 行.
[ 2016-06-30T12:24:04+08:00 ] SQL:  RunTime:0.001000s SQL = SHOW COLUMNS FROM `sortware_install_verify`
[ 2016-06-30T12:24:04+08:00 ] SQL:  RunTime:0.001000s SQL = SHOW COLUMNS FROM `sortware_install_verify`
[ 2016-06-30T12:24:04+08:00 ] SQL:  RunTime:0.001000s SQL = SELECT `mobile` FROM `sortware_install_verify` WHERE ( `identification` = 'dddddddddddd' ) AND ( `type` = 0 ) LIMIT 1  
[ 2016-06-30T12:24:04+08:00 ] SQL:  RunTime:0.002000s SQL = INSERT INTO `sortware_install_verify` (`mobile`,`identification`,`type`) VALUES ('18519184444','dddddddddddd',0)
[ 2016-06-30T12:24:04+08:00 ] ERR: Duplicate entry '18519184444' for key 'unique_mobile'
 [ SQL语句 ] : INSERT INTO `sortware_install_verify` (`mobile`,`identification`,`type`) VALUES ('18519184444','dddddddddddd',0)
[ 2016-06-30T12:24:05+08:00 ] SQL:  RunTime:0.002000s SQL = SHOW COLUMNS FROM `sortware_client_oparation`
[ 2016-06-30T12:24:05+08:00 ] WARN: [2048] Declaration of model_finance_softwareInstallVerify::save() should be compatible with that of model::save() E:\xampp\htdocs\finance\app\model\finance\softwareinstallverify.php 第 36 行.
[ 2016-06-30T12:24:05+08:00 ] SQL:  RunTime:0.001000s SQL = SHOW COLUMNS FROM `sortware_install_verify`
[ 2016-06-30T12:24:05+08:00 ] SQL:  RunTime:0.001000s SQL = SHOW COLUMNS FROM `sortware_install_verify`
[ 2016-06-30T12:24:05+08:00 ] SQL:  RunTime:0.001000s SQL = SELECT `mobile` FROM `sortware_install_verify` WHERE ( `identification` = 'dddddddddddd' ) AND ( `type` = 0 ) LIMIT 1  
[ 2016-06-30T12:24:05+08:00 ] SQL:  RunTime:0.011001s SQL = INSERT INTO `sortware_install_verify` (`mobile`,`identification`,`type`) VALUES ('18519184444','dddddddddddd',0)
[ 2016-06-30T12:24:05+08:00 ] ERR: Duplicate entry '18519184444' for key 'unique_mobile'
 [ SQL语句 ] : INSERT INTO `sortware_install_verify` (`mobile`,`identification`,`type`) VALUES ('18519184444','dddddddddddd',0)
[ 2016-06-30T12:24:26+08:00 ] SQL:  RunTime:0.001000s SQL = SHOW COLUMNS FROM `sortware_client_oparation`
[ 2016-06-30T12:24:26+08:00 ] WARN: [2048] Declaration of model_finance_softwareInstallVerify::save() should be compatible with that of model::save() E:\xampp\htdocs\finance\app\model\finance\softwareinstallverify.php 第 36 行.
[ 2016-06-30T12:24:26+08:00 ] SQL:  RunTime:0.001000s SQL = SHOW COLUMNS FROM `sortware_install_verify`
[ 2016-06-30T12:24:26+08:00 ] SQL:  RunTime:0.001000s SQL = SHOW COLUMNS FROM `sortware_install_verify`
[ 2016-06-30T12:24:26+08:00 ] SQL:  RunTime:0.000000s SQL = SELECT `mobile` FROM `sortware_install_verify` WHERE ( `identification` = 'dddddddddddd' ) AND ( `type` = 0 ) LIMIT 1  
[ 2016-06-30T12:24:26+08:00 ] SQL:  RunTime:0.010000s SQL = INSERT INTO `sortware_install_verify` (`mobile`,`identification`,`type`) VALUES ('18519184444','dddddddddddd',0)
[ 2016-06-30T12:24:26+08:00 ] ERR: Duplicate entry '18519184444' for key 'unique_mobile'
 [ SQL语句 ] : INSERT INTO `sortware_install_verify` (`mobile`,`identification`,`type`) VALUES ('18519184444','dddddddddddd',0)
[ 2016-06-30T12:24:28+08:00 ] SQL:  RunTime:0.001000s SQL = SHOW COLUMNS FROM `sortware_client_oparation`
[ 2016-06-30T12:24:28+08:00 ] WARN: [2048] Declaration of model_finance_softwareInstallVerify::save() should be compatible with that of model::save() E:\xampp\htdocs\finance\app\model\finance\softwareinstallverify.php 第 36 行.
[ 2016-06-30T12:24:28+08:00 ] SQL:  RunTime:0.001000s SQL = SHOW COLUMNS FROM `sortware_install_verify`
[ 2016-06-30T12:24:28+08:00 ] SQL:  RunTime:0.001000s SQL = SHOW COLUMNS FROM `sortware_install_verify`
[ 2016-06-30T12:24:28+08:00 ] SQL:  RunTime:0.000000s SQL = SELECT `mobile` FROM `sortware_install_verify` WHERE ( `identification` = 'dddddddddddd' ) AND ( `type` = 0 ) LIMIT 1  
[ 2016-06-30T12:24:28+08:00 ] SQL:  RunTime:0.009000s SQL = INSERT INTO `sortware_install_verify` (`mobile`,`identification`,`type`) VALUES ('18519184444','dddddddddddd',0)
[ 2016-06-30T12:24:28+08:00 ] ERR: Duplicate entry '18519184444' for key 'unique_mobile'
 [ SQL语句 ] : INSERT INTO `sortware_install_verify` (`mobile`,`identification`,`type`) VALUES ('18519184444','dddddddddddd',0)
[ 2016-06-30T12:24:29+08:00 ] SQL:  RunTime:0.001000s SQL = SHOW COLUMNS FROM `sortware_client_oparation`
[ 2016-06-30T12:24:29+08:00 ] WARN: [2048] Declaration of model_finance_softwareInstallVerify::save() should be compatible with that of model::save() E:\xampp\htdocs\finance\app\model\finance\softwareinstallverify.php 第 36 行.
[ 2016-06-30T12:24:29+08:00 ] SQL:  RunTime:0.001001s SQL = SHOW COLUMNS FROM `sortware_install_verify`
[ 2016-06-30T12:24:29+08:00 ] SQL:  RunTime:0.000000s SQL = SHOW COLUMNS FROM `sortware_install_verify`
[ 2016-06-30T12:24:29+08:00 ] SQL:  RunTime:0.001000s SQL = SELECT `mobile` FROM `sortware_install_verify` WHERE ( `identification` = 'dddddddddddd' ) AND ( `type` = 0 ) LIMIT 1  
[ 2016-06-30T12:24:29+08:00 ] SQL:  RunTime:0.011000s SQL = INSERT INTO `sortware_install_verify` (`mobile`,`identification`,`type`) VALUES ('18519184444','dddddddddddd',0)
[ 2016-06-30T12:24:29+08:00 ] ERR: Duplicate entry '18519184444' for key 'unique_mobile'
 [ SQL语句 ] : INSERT INTO `sortware_install_verify` (`mobile`,`identification`,`type`) VALUES ('18519184444','dddddddddddd',0)
[ 2016-06-30T12:24:41+08:00 ] SQL:  RunTime:0.001000s SQL = SHOW COLUMNS FROM `sortware_client_oparation`
[ 2016-06-30T12:24:41+08:00 ] WARN: [2048] Declaration of model_finance_softwareInstallVerify::save() should be compatible with that of model::save() E:\xampp\htdocs\finance\app\model\finance\softwareinstallverify.php 第 36 行.
[ 2016-06-30T12:24:41+08:00 ] SQL:  RunTime:0.002000s SQL = SHOW COLUMNS FROM `sortware_install_verify`
[ 2016-06-30T12:24:41+08:00 ] SQL:  RunTime:0.001000s SQL = SHOW COLUMNS FROM `sortware_install_verify`
[ 2016-06-30T12:24:41+08:00 ] SQL:  RunTime:0.001000s SQL = SELECT `mobile` FROM `sortware_install_verify` WHERE ( `identification` = 'dddddddddddd' ) AND ( `type` = 0 ) LIMIT 1  
[ 2016-06-30T12:24:41+08:00 ] SQL:  RunTime:0.003000s SQL = INSERT INTO `sortware_install_verify` (`mobile`,`identification`,`type`) VALUES ('18519184444','dddddddddddd',0)
[ 2016-06-30T12:24:41+08:00 ] ERR: Duplicate entry '18519184444' for key 'unique_mobile'
 [ SQL语句 ] : INSERT INTO `sortware_install_verify` (`mobile`,`identification`,`type`) VALUES ('18519184444','dddddddddddd',0)
[ 2016-06-30T12:24:42+08:00 ] SQL:  RunTime:0.002000s SQL = SHOW COLUMNS FROM `sortware_client_oparation`
[ 2016-06-30T12:24:42+08:00 ] WARN: [2048] Declaration of model_finance_softwareInstallVerify::save() should be compatible with that of model::save() E:\xampp\htdocs\finance\app\model\finance\softwareinstallverify.php 第 36 行.
[ 2016-06-30T12:24:42+08:00 ] SQL:  RunTime:0.001000s SQL = SHOW COLUMNS FROM `sortware_install_verify`
[ 2016-06-30T12:24:42+08:00 ] SQL:  RunTime:0.002001s SQL = SHOW COLUMNS FROM `sortware_install_verify`
[ 2016-06-30T12:24:42+08:00 ] SQL:  RunTime:0.001000s SQL = SELECT `mobile` FROM `sortware_install_verify` WHERE ( `identification` = 'dddddddddddd' ) AND ( `type` = 0 ) LIMIT 1  
[ 2016-06-30T12:24:42+08:00 ] SQL:  RunTime:0.010000s SQL = INSERT INTO `sortware_install_verify` (`mobile`,`identification`,`type`) VALUES ('18519184444','dddddddddddd',0)
[ 2016-06-30T12:24:42+08:00 ] ERR: Duplicate entry '18519184444' for key 'unique_mobile'
 [ SQL语句 ] : INSERT INTO `sortware_install_verify` (`mobile`,`identification`,`type`) VALUES ('18519184444','dddddddddddd',0)
[ 2016-06-30T13:55:40+08:00 ] SQL:  RunTime:0.003001s SQL = SHOW COLUMNS FROM `sortware_client_oparation`
[ 2016-06-30T13:55:40+08:00 ] WARN: [2048] Declaration of model_finance_softwareInstallVerify::save() should be compatible with that of model::save() E:\xampp\htdocs\finance\app\model\finance\softwareinstallverify.php 第 36 行.
[ 2016-06-30T13:55:40+08:00 ] SQL:  RunTime:0.002001s SQL = SHOW COLUMNS FROM `sortware_install_verify`
[ 2016-06-30T13:55:40+08:00 ] SQL:  RunTime:0.001000s SQL = SHOW COLUMNS FROM `sortware_install_verify`
[ 2016-06-30T13:55:40+08:00 ] SQL:  RunTime:0.001000s SQL = SELECT `mobile` FROM `sortware_install_verify` WHERE ( `identification` = 'dddddddddddd' ) AND ( `type` = 0 ) LIMIT 1  
[ 2016-06-30T13:55:40+08:00 ] SQL:  RunTime:0.009000s SQL = INSERT INTO `sortware_install_verify` (`mobile`,`identification`,`type`) VALUES ('18519184444','dddddddddddd',0)
[ 2016-06-30T13:55:40+08:00 ] ERR: Duplicate entry '18519184444' for key 'unique_mobile'
 [ SQL语句 ] : INSERT INTO `sortware_install_verify` (`mobile`,`identification`,`type`) VALUES ('18519184444','dddddddddddd',0)
[ 2016-06-30T13:55:41+08:00 ] SQL:  RunTime:0.002000s SQL = SHOW COLUMNS FROM `sortware_client_oparation`
[ 2016-06-30T13:55:41+08:00 ] WARN: [2048] Declaration of model_finance_softwareInstallVerify::save() should be compatible with that of model::save() E:\xampp\htdocs\finance\app\model\finance\softwareinstallverify.php 第 36 行.
[ 2016-06-30T13:55:41+08:00 ] SQL:  RunTime:0.001000s SQL = SHOW COLUMNS FROM `sortware_install_verify`
[ 2016-06-30T13:55:41+08:00 ] SQL:  RunTime:0.001000s SQL = SHOW COLUMNS FROM `sortware_install_verify`
[ 2016-06-30T13:55:41+08:00 ] SQL:  RunTime:0.001000s SQL = SELECT `mobile` FROM `sortware_install_verify` WHERE ( `identification` = 'dddddddddddd' ) AND ( `type` = 0 ) LIMIT 1  
[ 2016-06-30T13:55:41+08:00 ] SQL:  RunTime:0.011001s SQL = INSERT INTO `sortware_install_verify` (`mobile`,`identification`,`type`) VALUES ('18519184444','dddddddddddd',0)
[ 2016-06-30T13:55:41+08:00 ] ERR: Duplicate entry '18519184444' for key 'unique_mobile'
 [ SQL语句 ] : INSERT INTO `sortware_install_verify` (`mobile`,`identification`,`type`) VALUES ('18519184444','dddddddddddd',0)
[ 2016-06-30T13:55:42+08:00 ] SQL:  RunTime:0.001000s SQL = SHOW COLUMNS FROM `sortware_client_oparation`
[ 2016-06-30T13:55:42+08:00 ] WARN: [2048] Declaration of model_finance_softwareInstallVerify::save() should be compatible with that of model::save() E:\xampp\htdocs\finance\app\model\finance\softwareinstallverify.php 第 36 行.
[ 2016-06-30T13:55:42+08:00 ] SQL:  RunTime:0.001000s SQL = SHOW COLUMNS FROM `sortware_install_verify`
[ 2016-06-30T13:55:42+08:00 ] SQL:  RunTime:0.001000s SQL = SHOW COLUMNS FROM `sortware_install_verify`
[ 2016-06-30T13:55:42+08:00 ] SQL:  RunTime:0.002000s SQL = SELECT `mobile` FROM `sortware_install_verify` WHERE ( `identification` = 'dddddddddddd' ) AND ( `type` = 0 ) LIMIT 1  
[ 2016-06-30T13:55:42+08:00 ] SQL:  RunTime:0.009001s SQL = INSERT INTO `sortware_install_verify` (`mobile`,`identification`,`type`) VALUES ('18519184444','dddddddddddd',0)
[ 2016-06-30T13:55:42+08:00 ] ERR: Duplicate entry '18519184444' for key 'unique_mobile'
 [ SQL语句 ] : INSERT INTO `sortware_install_verify` (`mobile`,`identification`,`type`) VALUES ('18519184444','dddddddddddd',0)
[ 2016-06-30T13:55:43+08:00 ] SQL:  RunTime:0.001000s SQL = SHOW COLUMNS FROM `sortware_client_oparation`
[ 2016-06-30T13:55:43+08:00 ] WARN: [2048] Declaration of model_finance_softwareInstallVerify::save() should be compatible with that of model::save() E:\xampp\htdocs\finance\app\model\finance\softwareinstallverify.php 第 36 行.
[ 2016-06-30T13:55:43+08:00 ] SQL:  RunTime:0.001000s SQL = SHOW COLUMNS FROM `sortware_install_verify`
[ 2016-06-30T13:55:43+08:00 ] SQL:  RunTime:0.001000s SQL = SHOW COLUMNS FROM `sortware_install_verify`
[ 2016-06-30T13:55:43+08:00 ] SQL:  RunTime:0.001000s SQL = SELECT `mobile` FROM `sortware_install_verify` WHERE ( `identification` = 'dddddddddddd' ) AND ( `type` = 0 ) LIMIT 1  
[ 2016-06-30T13:55:43+08:00 ] SQL:  RunTime:0.011001s SQL = INSERT INTO `sortware_install_verify` (`mobile`,`identification`,`type`) VALUES ('18519184444','dddddddddddd',0)
[ 2016-06-30T13:55:43+08:00 ] ERR: Duplicate entry '18519184444' for key 'unique_mobile'
 [ SQL语句 ] : INSERT INTO `sortware_install_verify` (`mobile`,`identification`,`type`) VALUES ('18519184444','dddddddddddd',0)
[ 2016-06-30T13:55:44+08:00 ] SQL:  RunTime:0.001000s SQL = SHOW COLUMNS FROM `sortware_client_oparation`
[ 2016-06-30T13:55:44+08:00 ] WARN: [2048] Declaration of model_finance_softwareInstallVerify::save() should be compatible with that of model::save() E:\xampp\htdocs\finance\app\model\finance\softwareinstallverify.php 第 36 行.
[ 2016-06-30T13:55:44+08:00 ] SQL:  RunTime:0.002000s SQL = SHOW COLUMNS FROM `sortware_install_verify`
[ 2016-06-30T13:55:44+08:00 ] SQL:  RunTime:0.001000s SQL = SHOW COLUMNS FROM `sortware_install_verify`
[ 2016-06-30T13:55:44+08:00 ] SQL:  RunTime:0.001000s SQL = SELECT `mobile` FROM `sortware_install_verify` WHERE ( `identification` = 'dddddddddddd' ) AND ( `type` = 0 ) LIMIT 1  
[ 2016-06-30T13:55:44+08:00 ] SQL:  RunTime:0.009000s SQL = INSERT INTO `sortware_install_verify` (`mobile`,`identification`,`type`) VALUES ('18519184444','dddddddddddd',0)
[ 2016-06-30T13:55:44+08:00 ] ERR: Duplicate entry '18519184444' for key 'unique_mobile'
 [ SQL语句 ] : INSERT INTO `sortware_install_verify` (`mobile`,`identification`,`type`) VALUES ('18519184444','dddddddddddd',0)
[ 2016-06-30T13:55:44+08:00 ] SQL:  RunTime:0.001000s SQL = SHOW COLUMNS FROM `sortware_client_oparation`
[ 2016-06-30T13:55:44+08:00 ] WARN: [2048] Declaration of model_finance_softwareInstallVerify::save() should be compatible with that of model::save() E:\xampp\htdocs\finance\app\model\finance\softwareinstallverify.php 第 36 行.
[ 2016-06-30T13:55:44+08:00 ] SQL:  RunTime:0.001001s SQL = SHOW COLUMNS FROM `sortware_install_verify`
[ 2016-06-30T13:55:44+08:00 ] SQL:  RunTime:0.001000s SQL = SHOW COLUMNS FROM `sortware_install_verify`
[ 2016-06-30T13:55:44+08:00 ] SQL:  RunTime:0.001000s SQL = SELECT `mobile` FROM `sortware_install_verify` WHERE ( `identification` = 'dddddddddddd' ) AND ( `type` = 0 ) LIMIT 1  
[ 2016-06-30T13:55:44+08:00 ] SQL:  RunTime:0.011000s SQL = INSERT INTO `sortware_install_verify` (`mobile`,`identification`,`type`) VALUES ('18519184444','dddddddddddd',0)
[ 2016-06-30T13:55:44+08:00 ] ERR: Duplicate entry '18519184444' for key 'unique_mobile'
 [ SQL语句 ] : INSERT INTO `sortware_install_verify` (`mobile`,`identification`,`type`) VALUES ('18519184444','dddddddddddd',0)
[ 2016-06-30T13:55:45+08:00 ] SQL:  RunTime:0.001000s SQL = SHOW COLUMNS FROM `sortware_client_oparation`
[ 2016-06-30T13:55:45+08:00 ] WARN: [2048] Declaration of model_finance_softwareInstallVerify::save() should be compatible with that of model::save() E:\xampp\htdocs\finance\app\model\finance\softwareinstallverify.php 第 36 行.
[ 2016-06-30T13:55:45+08:00 ] SQL:  RunTime:0.001000s SQL = SHOW COLUMNS FROM `sortware_install_verify`
[ 2016-06-30T13:55:45+08:00 ] SQL:  RunTime:0.002000s SQL = SHOW COLUMNS FROM `sortware_install_verify`
[ 2016-06-30T13:55:45+08:00 ] SQL:  RunTime:0.001000s SQL = SELECT `mobile` FROM `sortware_install_verify` WHERE ( `identification` = 'dddddddddddd' ) AND ( `type` = 0 ) LIMIT 1  
[ 2016-06-30T13:55:45+08:00 ] SQL:  RunTime:0.009001s SQL = INSERT INTO `sortware_install_verify` (`mobile`,`identification`,`type`) VALUES ('18519184444','dddddddddddd',0)
[ 2016-06-30T13:55:45+08:00 ] ERR: Duplicate entry '18519184444' for key 'unique_mobile'
 [ SQL语句 ] : INSERT INTO `sortware_install_verify` (`mobile`,`identification`,`type`) VALUES ('18519184444','dddddddddddd',0)
[ 2016-06-30T13:58:15+08:00 ] SQL:  RunTime:0.001000s SQL = SHOW COLUMNS FROM `sortware_client_oparation`
[ 2016-06-30T13:58:15+08:00 ] WARN: [2048] Declaration of model_finance_softwareInstallVerify::save() should be compatible with that of model::save() E:\xampp\htdocs\finance\app\model\finance\softwareinstallverify.php 第 36 行.
[ 2016-06-30T13:58:15+08:00 ] SQL:  RunTime:0.002000s SQL = SHOW COLUMNS FROM `sortware_install_verify`
[ 2016-06-30T13:58:15+08:00 ] SQL:  RunTime:0.001000s SQL = SHOW COLUMNS FROM `sortware_install_verify`
[ 2016-06-30T13:58:15+08:00 ] SQL:  RunTime:0.001000s SQL = SELECT `mobile` FROM `sortware_install_verify` WHERE ( `identification` = 'dddddddddddd' ) AND ( `type` = 0 ) LIMIT 1  
[ 2016-06-30T13:58:15+08:00 ] SQL:  RunTime:0.011001s SQL = INSERT INTO `sortware_install_verify` (`mobile`,`identification`,`type`) VALUES ('18519184444','dddddddddddd',0)
[ 2016-06-30T13:58:15+08:00 ] ERR: Duplicate entry '18519184444' for key 'unique_mobile'
 [ SQL语句 ] : INSERT INTO `sortware_install_verify` (`mobile`,`identification`,`type`) VALUES ('18519184444','dddddddddddd',0)
[ 2016-06-30T13:58:16+08:00 ] SQL:  RunTime:0.002000s SQL = SHOW COLUMNS FROM `sortware_client_oparation`
[ 2016-06-30T13:58:16+08:00 ] WARN: [2048] Declaration of model_finance_softwareInstallVerify::save() should be compatible with that of model::save() E:\xampp\htdocs\finance\app\model\finance\softwareinstallverify.php 第 36 行.
[ 2016-06-30T13:58:16+08:00 ] SQL:  RunTime:0.002000s SQL = SHOW COLUMNS FROM `sortware_install_verify`
[ 2016-06-30T13:58:16+08:00 ] SQL:  RunTime:0.001000s SQL = SHOW COLUMNS FROM `sortware_install_verify`
[ 2016-06-30T13:58:16+08:00 ] SQL:  RunTime:0.002000s SQL = SELECT `mobile` FROM `sortware_install_verify` WHERE ( `identification` = 'dddddddddddd' ) AND ( `type` = 0 ) LIMIT 1  
[ 2016-06-30T13:58:16+08:00 ] SQL:  RunTime:0.011001s SQL = INSERT INTO `sortware_install_verify` (`mobile`,`identification`,`type`) VALUES ('18519184444','dddddddddddd',0)
[ 2016-06-30T13:58:16+08:00 ] ERR: Duplicate entry '18519184444' for key 'unique_mobile'
 [ SQL语句 ] : INSERT INTO `sortware_install_verify` (`mobile`,`identification`,`type`) VALUES ('18519184444','dddddddddddd',0)
[ 2016-06-30T13:58:17+08:00 ] SQL:  RunTime:0.001000s SQL = SHOW COLUMNS FROM `sortware_client_oparation`
[ 2016-06-30T13:58:17+08:00 ] WARN: [2048] Declaration of model_finance_softwareInstallVerify::save() should be compatible with that of model::save() E:\xampp\htdocs\finance\app\model\finance\softwareinstallverify.php 第 36 行.
[ 2016-06-30T13:58:17+08:00 ] SQL:  RunTime:0.001000s SQL = SHOW COLUMNS FROM `sortware_install_verify`
[ 2016-06-30T13:58:17+08:00 ] SQL:  RunTime:0.001000s SQL = SHOW COLUMNS FROM `sortware_install_verify`
[ 2016-06-30T13:58:17+08:00 ] SQL:  RunTime:0.001000s SQL = SELECT `mobile` FROM `sortware_install_verify` WHERE ( `identification` = 'dddddddddddd' ) AND ( `type` = 0 ) LIMIT 1  
[ 2016-06-30T13:58:17+08:00 ] SQL:  RunTime:0.010001s SQL = INSERT INTO `sortware_install_verify` (`mobile`,`identification`,`type`) VALUES ('18519184444','dddddddddddd',0)
[ 2016-06-30T13:58:17+08:00 ] ERR: Duplicate entry '18519184444' for key 'unique_mobile'
 [ SQL语句 ] : INSERT INTO `sortware_install_verify` (`mobile`,`identification`,`type`) VALUES ('18519184444','dddddddddddd',0)
[ 2016-06-30T13:58:18+08:00 ] SQL:  RunTime:0.001000s SQL = SHOW COLUMNS FROM `sortware_client_oparation`
[ 2016-06-30T13:58:18+08:00 ] WARN: [2048] Declaration of model_finance_softwareInstallVerify::save() should be compatible with that of model::save() E:\xampp\htdocs\finance\app\model\finance\softwareinstallverify.php 第 36 行.
[ 2016-06-30T13:58:18+08:00 ] SQL:  RunTime:0.002000s SQL = SHOW COLUMNS FROM `sortware_install_verify`
[ 2016-06-30T13:58:18+08:00 ] SQL:  RunTime:0.001000s SQL = SHOW COLUMNS FROM `sortware_install_verify`
[ 2016-06-30T13:58:18+08:00 ] SQL:  RunTime:0.000000s SQL = SELECT `mobile` FROM `sortware_install_verify` WHERE ( `identification` = 'dddddddddddd' ) AND ( `type` = 0 ) LIMIT 1  
[ 2016-06-30T13:58:18+08:00 ] SQL:  RunTime:0.010001s SQL = INSERT INTO `sortware_install_verify` (`mobile`,`identification`,`type`) VALUES ('18519184444','dddddddddddd',0)
[ 2016-06-30T13:58:18+08:00 ] ERR: Duplicate entry '18519184444' for key 'unique_mobile'
 [ SQL语句 ] : INSERT INTO `sortware_install_verify` (`mobile`,`identification`,`type`) VALUES ('18519184444','dddddddddddd',0)
[ 2016-06-30T13:58:19+08:00 ] SQL:  RunTime:0.002000s SQL = SHOW COLUMNS FROM `sortware_client_oparation`
[ 2016-06-30T13:58:19+08:00 ] WARN: [2048] Declaration of model_finance_softwareInstallVerify::save() should be compatible with that of model::save() E:\xampp\htdocs\finance\app\model\finance\softwareinstallverify.php 第 36 行.
[ 2016-06-30T13:58:19+08:00 ] SQL:  RunTime:0.002000s SQL = SHOW COLUMNS FROM `sortware_install_verify`
[ 2016-06-30T13:58:19+08:00 ] SQL:  RunTime:0.002000s SQL = SHOW COLUMNS FROM `sortware_install_verify`
[ 2016-06-30T13:58:19+08:00 ] SQL:  RunTime:0.001000s SQL = SELECT `mobile` FROM `sortware_install_verify` WHERE ( `identification` = 'dddddddddddd' ) AND ( `type` = 0 ) LIMIT 1  
[ 2016-06-30T13:58:19+08:00 ] SQL:  RunTime:0.011001s SQL = INSERT INTO `sortware_install_verify` (`mobile`,`identification`,`type`) VALUES ('18519184444','dddddddddddd',0)
[ 2016-06-30T13:58:19+08:00 ] ERR: Duplicate entry '18519184444' for key 'unique_mobile'
 [ SQL语句 ] : INSERT INTO `sortware_install_verify` (`mobile`,`identification`,`type`) VALUES ('18519184444','dddddddddddd',0)
[ 2016-06-30T13:58:38+08:00 ] SQL:  RunTime:0.001001s SQL = SHOW COLUMNS FROM `sortware_client_oparation`
[ 2016-06-30T13:58:38+08:00 ] WARN: [2048] Declaration of model_finance_softwareInstallVerify::save() should be compatible with that of model::save() E:\xampp\htdocs\finance\app\model\finance\softwareinstallverify.php 第 36 行.
[ 2016-06-30T13:58:38+08:00 ] SQL:  RunTime:0.001000s SQL = SHOW COLUMNS FROM `sortware_install_verify`
[ 2016-06-30T13:58:38+08:00 ] SQL:  RunTime:0.001000s SQL = SHOW COLUMNS FROM `sortware_install_verify`
[ 2016-06-30T13:58:38+08:00 ] SQL:  RunTime:0.001001s SQL = SELECT `mobile` FROM `sortware_install_verify` WHERE ( `identification` = 'dddddddddddd' ) AND ( `type` = 0 ) LIMIT 1  
[ 2016-06-30T13:58:38+08:00 ] SQL:  RunTime:0.018001s SQL = INSERT INTO `sortware_install_verify` (`mobile`,`identification`,`type`) VALUES ('18519184444','dddddddddddd',0)
[ 2016-06-30T13:58:38+08:00 ] ERR: Duplicate entry '18519184444' for key 'unique_mobile'
 [ SQL语句 ] : INSERT INTO `sortware_install_verify` (`mobile`,`identification`,`type`) VALUES ('18519184444','dddddddddddd',0)
[ 2016-06-30T15:05:15+08:00 ] SQL:  RunTime:0.002000s SQL = SHOW COLUMNS FROM `sortware_client_oparation`
[ 2016-06-30T15:05:15+08:00 ] WARN: [2048] Declaration of model_finance_softwareInstallVerify::save() should be compatible with that of model::save() E:\xampp\htdocs\finance\app\model\finance\softwareinstallverify.php 第 36 行.
[ 2016-06-30T15:05:15+08:00 ] SQL:  RunTime:0.001000s SQL = SHOW COLUMNS FROM `sortware_install_verify`
[ 2016-06-30T15:05:15+08:00 ] SQL:  RunTime:0.002000s SQL = SHOW COLUMNS FROM `sortware_install_verify`
[ 2016-06-30T15:05:15+08:00 ] SQL:  RunTime:0.001000s SQL = SELECT `mobile` FROM `sortware_install_verify` WHERE ( `identification` = 'dddddddddddd' ) AND ( `type` = 0 ) LIMIT 1  
[ 2016-06-30T15:05:15+08:00 ] SQL:  RunTime:0.003000s SQL = INSERT INTO `sortware_install_verify` (`mobile`,`identification`,`type`) VALUES ('18519184444','dddddddddddd',0)
[ 2016-06-30T15:05:15+08:00 ] ERR: Duplicate entry '18519184444' for key 'unique_mobile'
 [ SQL语句 ] : INSERT INTO `sortware_install_verify` (`mobile`,`identification`,`type`) VALUES ('18519184444','dddddddddddd',0)
[ 2016-06-30T15:05:16+08:00 ] SQL:  RunTime:0.001000s SQL = SHOW COLUMNS FROM `sortware_client_oparation`
[ 2016-06-30T15:05:16+08:00 ] WARN: [2048] Declaration of model_finance_softwareInstallVerify::save() should be compatible with that of model::save() E:\xampp\htdocs\finance\app\model\finance\softwareinstallverify.php 第 36 行.
[ 2016-06-30T15:05:16+08:00 ] SQL:  RunTime:0.001000s SQL = SHOW COLUMNS FROM `sortware_install_verify`
[ 2016-06-30T15:05:16+08:00 ] SQL:  RunTime:0.001000s SQL = SHOW COLUMNS FROM `sortware_install_verify`
[ 2016-06-30T15:05:16+08:00 ] SQL:  RunTime:0.001001s SQL = SELECT `mobile` FROM `sortware_install_verify` WHERE ( `identification` = 'dddddddddddd' ) AND ( `type` = 0 ) LIMIT 1  
[ 2016-06-30T15:05:16+08:00 ] SQL:  RunTime:0.003000s SQL = INSERT INTO `sortware_install_verify` (`mobile`,`identification`,`type`) VALUES ('18519184444','dddddddddddd',0)
[ 2016-06-30T15:05:16+08:00 ] ERR: Duplicate entry '18519184444' for key 'unique_mobile'
 [ SQL语句 ] : INSERT INTO `sortware_install_verify` (`mobile`,`identification`,`type`) VALUES ('18519184444','dddddddddddd',0)
[ 2016-06-30T15:05:22+08:00 ] SQL:  RunTime:0.001001s SQL = SHOW COLUMNS FROM `sortware_client_oparation`
[ 2016-06-30T15:05:22+08:00 ] NOTIC: [8] Undefined index: field E:\xampp\htdocs\finance\app\controller\api\software.php 第 904 行.
[ 2016-06-30T15:05:47+08:00 ] SQL:  RunTime:0.001000s SQL = SHOW COLUMNS FROM `sortware_client_oparation`
[ 2016-06-30T15:05:47+08:00 ] NOTIC: [8] Undefined index: field E:\xampp\htdocs\finance\app\controller\api\software.php 第 904 行.
[ 2016-06-30T16:09:49+08:00 ] SQL:  RunTime:0.001000s SQL = SHOW COLUMNS FROM `sortware_client_oparation`
[ 2016-06-30T16:09:49+08:00 ] WARN: [2048] Declaration of model_finance_softwareInstallVerify::save() should be compatible with that of model::save() E:\xampp\htdocs\finance\app\model\finance\softwareinstallverify.php 第 36 行.
[ 2016-06-30T16:09:49+08:00 ] SQL:  RunTime:0.002000s SQL = SHOW COLUMNS FROM `sortware_install_verify`
[ 2016-06-30T16:09:49+08:00 ] SQL:  RunTime:0.001001s SQL = SHOW COLUMNS FROM `sortware_install_verify`
[ 2016-06-30T16:09:49+08:00 ] SQL:  RunTime:0.001000s SQL = SELECT `mobile` FROM `sortware_install_verify` WHERE ( `identification` = 'dddddddddddd' ) AND ( `type` = 0 ) LIMIT 1  
[ 2016-06-30T16:09:49+08:00 ] SQL:  RunTime:0.012000s SQL = INSERT INTO `sortware_install_verify` (`mobile`,`identification`,`type`) VALUES ('18519184444','dddddddddddd',0)
[ 2016-06-30T16:09:49+08:00 ] ERR: Duplicate entry '18519184444' for key 'unique_mobile'
 [ SQL语句 ] : INSERT INTO `sortware_install_verify` (`mobile`,`identification`,`type`) VALUES ('18519184444','dddddddddddd',0)
[ 2016-06-30T17:45:55+08:00 ] SQL:  RunTime:0.036002s SQL = SHOW COLUMNS FROM `sortware_client_oparation`
[ 2016-06-30T17:45:55+08:00 ] WARN: [2048] Declaration of model_finance_softwareInstallVerify::save() should be compatible with that of model::save() E:\xampp\htdocs\finance\app\model\finance\softwareinstallverify.php 第 50 行.
[ 2016-06-30T17:45:55+08:00 ] SQL:  RunTime:0.010001s SQL = SHOW COLUMNS FROM `sortware_install_verify`
[ 2016-06-30T17:45:55+08:00 ] SQL:  RunTime:0.001000s SQL = SHOW COLUMNS FROM `sortware_client`
[ 2016-06-30T17:45:55+08:00 ] SQL:  RunTime:0.001000s SQL = SELECT `mobile` FROM `sortware_client` WHERE ( `identification` = 'dddddddddddd' ) LIMIT 1  
[ 2016-06-30T17:45:55+08:00 ] SQL:  RunTime:0.001000s SQL = SELECT COUNT(*) AS tp_count FROM `sortware_client` WHERE ( `mobile` = '18519184444' ) LIMIT 1  
[ 2016-06-30T17:45:55+08:00 ] SQL:  RunTime:0.001000s SQL = SHOW COLUMNS FROM `sortware_install_verify`
[ 2016-06-30T17:45:55+08:00 ] SQL:  RunTime:0.001000s SQL = SELECT `mobile` FROM `sortware_install_verify` WHERE ( `identification` = 'dddddddddddd' ) AND ( `type` = 0 ) LIMIT 1  
[ 2016-06-30T17:45:55+08:00 ] SQL:  RunTime:0.003000s SQL = INSERT INTO `sortware_install_verify` (`mobile`,`identification`,`type`) VALUES ('18519184444','dddddddddddd',0)
[ 2016-06-30T17:45:55+08:00 ] ERR: Duplicate entry '18519184444' for key 'unique_mobile'
 [ SQL语句 ] : INSERT INTO `sortware_install_verify` (`mobile`,`identification`,`type`) VALUES ('18519184444','dddddddddddd',0)
[ 2016-06-30T17:45:59+08:00 ] SQL:  RunTime:0.001000s SQL = SHOW COLUMNS FROM `sortware_client_oparation`
[ 2016-06-30T17:45:59+08:00 ] WARN: [2048] Declaration of model_finance_softwareInstallVerify::save() should be compatible with that of model::save() E:\xampp\htdocs\finance\app\model\finance\softwareinstallverify.php 第 50 行.
[ 2016-06-30T17:45:59+08:00 ] SQL:  RunTime:0.002000s SQL = SHOW COLUMNS FROM `sortware_install_verify`
[ 2016-06-30T17:45:59+08:00 ] SQL:  RunTime:0.002000s SQL = SHOW COLUMNS FROM `sortware_client`
[ 2016-06-30T17:45:59+08:00 ] SQL:  RunTime:0.001000s SQL = SELECT `mobile` FROM `sortware_client` WHERE ( `identification` = 'dddddddddddd' ) LIMIT 1  
[ 2016-06-30T17:45:59+08:00 ] SQL:  RunTime:0.001000s SQL = SELECT COUNT(*) AS tp_count FROM `sortware_client` WHERE ( `mobile` = '18519184444' ) LIMIT 1  
[ 2016-06-30T17:45:59+08:00 ] SQL:  RunTime:0.001000s SQL = SHOW COLUMNS FROM `sortware_install_verify`
[ 2016-06-30T17:45:59+08:00 ] SQL:  RunTime:0.000000s SQL = SELECT `mobile` FROM `sortware_install_verify` WHERE ( `identification` = 'dddddddddddd' ) AND ( `type` = 0 ) LIMIT 1  
[ 2016-06-30T17:45:59+08:00 ] SQL:  RunTime:0.003000s SQL = INSERT INTO `sortware_install_verify` (`mobile`,`identification`,`type`) VALUES ('18519184444','dddddddddddd',0)
[ 2016-06-30T17:45:59+08:00 ] ERR: Duplicate entry '18519184444' for key 'unique_mobile'
 [ SQL语句 ] : INSERT INTO `sortware_install_verify` (`mobile`,`identification`,`type`) VALUES ('18519184444','dddddddddddd',0)
[ 2016-06-30T17:46:00+08:00 ] SQL:  RunTime:0.001000s SQL = SHOW COLUMNS FROM `sortware_client_oparation`
[ 2016-06-30T17:46:00+08:00 ] WARN: [2048] Declaration of model_finance_softwareInstallVerify::save() should be compatible with that of model::save() E:\xampp\htdocs\finance\app\model\finance\softwareinstallverify.php 第 50 行.
[ 2016-06-30T17:46:00+08:00 ] SQL:  RunTime:0.001000s SQL = SHOW COLUMNS FROM `sortware_install_verify`
[ 2016-06-30T17:46:00+08:00 ] SQL:  RunTime:0.002000s SQL = SHOW COLUMNS FROM `sortware_client`
[ 2016-06-30T17:46:00+08:00 ] SQL:  RunTime:0.001000s SQL = SELECT `mobile` FROM `sortware_client` WHERE ( `identification` = 'dddddddddddd' ) LIMIT 1  
[ 2016-06-30T17:46:00+08:00 ] SQL:  RunTime:0.002000s SQL = SELECT COUNT(*) AS tp_count FROM `sortware_client` WHERE ( `mobile` = '18519184444' ) LIMIT 1  
[ 2016-06-30T17:46:00+08:00 ] SQL:  RunTime:0.002001s SQL = SHOW COLUMNS FROM `sortware_install_verify`
[ 2016-06-30T17:46:00+08:00 ] SQL:  RunTime:0.001000s SQL = SELECT `mobile` FROM `sortware_install_verify` WHERE ( `identification` = 'dddddddddddd' ) AND ( `type` = 0 ) LIMIT 1  
[ 2016-06-30T17:46:00+08:00 ] SQL:  RunTime:0.010000s SQL = INSERT INTO `sortware_install_verify` (`mobile`,`identification`,`type`) VALUES ('18519184444','dddddddddddd',0)
[ 2016-06-30T17:46:00+08:00 ] ERR: Duplicate entry '18519184444' for key 'unique_mobile'
 [ SQL语句 ] : INSERT INTO `sortware_install_verify` (`mobile`,`identification`,`type`) VALUES ('18519184444','dddddddddddd',0)
[ 2016-06-30T17:46:01+08:00 ] SQL:  RunTime:0.001000s SQL = SHOW COLUMNS FROM `sortware_client_oparation`
[ 2016-06-30T17:46:01+08:00 ] WARN: [2048] Declaration of model_finance_softwareInstallVerify::save() should be compatible with that of model::save() E:\xampp\htdocs\finance\app\model\finance\softwareinstallverify.php 第 50 行.
[ 2016-06-30T17:46:01+08:00 ] SQL:  RunTime:0.002000s SQL = SHOW COLUMNS FROM `sortware_install_verify`
[ 2016-06-30T17:46:01+08:00 ] SQL:  RunTime:0.002000s SQL = SHOW COLUMNS FROM `sortware_client`
[ 2016-06-30T17:46:01+08:00 ] SQL:  RunTime:0.001000s SQL = SELECT `mobile` FROM `sortware_client` WHERE ( `identification` = 'dddddddddddd' ) LIMIT 1  
[ 2016-06-30T17:46:01+08:00 ] SQL:  RunTime:0.000000s SQL = SELECT COUNT(*) AS tp_count FROM `sortware_client` WHERE ( `mobile` = '18519184444' ) LIMIT 1  
[ 2016-06-30T17:46:01+08:00 ] SQL:  RunTime:0.001000s SQL = SHOW COLUMNS FROM `sortware_install_verify`
[ 2016-06-30T17:46:01+08:00 ] SQL:  RunTime:0.001000s SQL = SELECT `mobile` FROM `sortware_install_verify` WHERE ( `identification` = 'dddddddddddd' ) AND ( `type` = 0 ) LIMIT 1  
[ 2016-06-30T17:46:01+08:00 ] SQL:  RunTime:0.011001s SQL = INSERT INTO `sortware_install_verify` (`mobile`,`identification`,`type`) VALUES ('18519184444','dddddddddddd',0)
[ 2016-06-30T17:46:01+08:00 ] ERR: Duplicate entry '18519184444' for key 'unique_mobile'
 [ SQL语句 ] : INSERT INTO `sortware_install_verify` (`mobile`,`identification`,`type`) VALUES ('18519184444','dddddddddddd',0)
[ 2016-06-30T17:46:02+08:00 ] SQL:  RunTime:0.002000s SQL = SHOW COLUMNS FROM `sortware_client_oparation`
[ 2016-06-30T17:46:02+08:00 ] WARN: [2048] Declaration of model_finance_softwareInstallVerify::save() should be compatible with that of model::save() E:\xampp\htdocs\finance\app\model\finance\softwareinstallverify.php 第 50 行.
[ 2016-06-30T17:46:02+08:00 ] SQL:  RunTime:0.002000s SQL = SHOW COLUMNS FROM `sortware_install_verify`
[ 2016-06-30T17:46:02+08:00 ] SQL:  RunTime:0.002000s SQL = SHOW COLUMNS FROM `sortware_client`
[ 2016-06-30T17:46:02+08:00 ] SQL:  RunTime:0.001000s SQL = SELECT `mobile` FROM `sortware_client` WHERE ( `identification` = 'dddddddddddd' ) LIMIT 1  
[ 2016-06-30T17:46:02+08:00 ] SQL:  RunTime:0.001000s SQL = SELECT COUNT(*) AS tp_count FROM `sortware_client` WHERE ( `mobile` = '18519184444' ) LIMIT 1  
[ 2016-06-30T17:46:02+08:00 ] SQL:  RunTime:0.001000s SQL = SHOW COLUMNS FROM `sortware_install_verify`
[ 2016-06-30T17:46:02+08:00 ] SQL:  RunTime:0.001000s SQL = SELECT `mobile` FROM `sortware_install_verify` WHERE ( `identification` = 'dddddddddddd' ) AND ( `type` = 0 ) LIMIT 1  
[ 2016-06-30T17:46:02+08:00 ] SQL:  RunTime:0.003001s SQL = INSERT INTO `sortware_install_verify` (`mobile`,`identification`,`type`) VALUES ('18519184444','dddddddddddd',0)
[ 2016-06-30T17:46:02+08:00 ] ERR: Duplicate entry '18519184444' for key 'unique_mobile'
 [ SQL语句 ] : INSERT INTO `sortware_install_verify` (`mobile`,`identification`,`type`) VALUES ('18519184444','dddddddddddd',0)
[ 2016-06-30T17:47:04+08:00 ] SQL:  RunTime:0.002000s SQL = SHOW COLUMNS FROM `sortware_client_oparation`
[ 2016-06-30T17:47:04+08:00 ] WARN: [2048] Declaration of model_finance_softwareInstallVerify::save() should be compatible with that of model::save() E:\xampp\htdocs\finance\app\model\finance\softwareinstallverify.php 第 51 行.
[ 2016-06-30T17:47:04+08:00 ] SQL:  RunTime:0.001000s SQL = SHOW COLUMNS FROM `sortware_install_verify`
[ 2016-06-30T17:47:04+08:00 ] SQL:  RunTime:0.002000s SQL = SHOW COLUMNS FROM `sortware_client`
[ 2016-06-30T17:47:04+08:00 ] SQL:  RunTime:0.002000s SQL = SELECT `mobile` FROM `sortware_client` WHERE ( `identification` = 'dddddddddddd' ) LIMIT 1  
[ 2016-06-30T17:47:04+08:00 ] SQL:  RunTime:0.001000s SQL = SELECT COUNT(*) AS tp_count FROM `sortware_client` WHERE ( `mobile` = '18519184444' ) LIMIT 1  
[ 2016-06-30T17:47:04+08:00 ] SQL:  RunTime:0.001000s SQL = SHOW COLUMNS FROM `sortware_install_verify`
[ 2016-06-30T17:47:04+08:00 ] SQL:  RunTime:0.002000s SQL = SELECT `mobile` FROM `sortware_install_verify` WHERE ( `identification` = 'dddddddddddd' ) AND ( `type` = 0 ) LIMIT 1  
[ 2016-06-30T17:47:04+08:00 ] SQL:  RunTime:0.004001s SQL = INSERT INTO `sortware_install_verify` (`mobile`,`identification`,`type`) VALUES ('18519184444','dddddddddddd',0)
[ 2016-06-30T17:47:04+08:00 ] ERR: Duplicate entry '18519184444' for key 'unique_mobile'
 [ SQL语句 ] : INSERT INTO `sortware_install_verify` (`mobile`,`identification`,`type`) VALUES ('18519184444','dddddddddddd',0)
[ 2016-06-30T18:36:12+08:00 ] SQL:  RunTime:0.002000s SQL = SHOW COLUMNS FROM `sortware_client_oparation`
[ 2016-06-30T18:36:12+08:00 ] WARN: [2048] Declaration of model_finance_softwareInstallVerify::save() should be compatible with that of model::save() E:\xampp\htdocs\finance\app\model\finance\softwareinstallverify.php 第 66 行.
[ 2016-06-30T18:36:12+08:00 ] SQL:  RunTime:0.002000s SQL = SHOW COLUMNS FROM `sortware_install_verify`
[ 2016-06-30T18:36:12+08:00 ] SQL:  RunTime:0.002000s SQL = SHOW COLUMNS FROM `sortware_client`
[ 2016-06-30T18:36:12+08:00 ] SQL:  RunTime:0.001000s SQL = SELECT `mobile` FROM `sortware_client` WHERE ( `identification` = 'dddddddddddd' ) LIMIT 1  
[ 2016-06-30T18:36:12+08:00 ] SQL:  RunTime:0.001000s SQL = SELECT COUNT(*) AS tp_count FROM `sortware_client` WHERE ( `mobile` = '18519184444' ) LIMIT 1  
[ 2016-06-30T18:36:12+08:00 ] SQL:  RunTime:0.001000s SQL = SHOW COLUMNS FROM `sortware_install_verify`
[ 2016-06-30T18:36:12+08:00 ] SQL:  RunTime:0.001001s SQL = SELECT `mobile` FROM `sortware_install_verify` WHERE ( `identification` = 'dddddddddddd' ) AND ( `type` = 0 ) LIMIT 1  
[ 2016-06-30T18:36:12+08:00 ] SQL:  RunTime:0.010000s SQL = INSERT INTO `sortware_install_verify` (`mobile`,`identification`,`type`) VALUES ('18519184444','dddddddddddd',0)
[ 2016-06-30T18:36:12+08:00 ] ERR: Duplicate entry '18519184444' for key 'unique_mobile'
 [ SQL语句 ] : INSERT INTO `sortware_install_verify` (`mobile`,`identification`,`type`) VALUES ('18519184444','dddddddddddd',0)
[ 2016-06-30T18:36:14+08:00 ] SQL:  RunTime:0.002000s SQL = SHOW COLUMNS FROM `sortware_client_oparation`
[ 2016-06-30T18:36:14+08:00 ] WARN: [2048] Declaration of model_finance_softwareInstallVerify::save() should be compatible with that of model::save() E:\xampp\htdocs\finance\app\model\finance\softwareinstallverify.php 第 66 行.
[ 2016-06-30T18:36:14+08:00 ] SQL:  RunTime:0.001000s SQL = SHOW COLUMNS FROM `sortware_install_verify`
[ 2016-06-30T18:36:14+08:00 ] SQL:  RunTime:0.001000s SQL = SHOW COLUMNS FROM `sortware_client`
[ 2016-06-30T18:36:14+08:00 ] SQL:  RunTime:0.001000s SQL = SELECT `mobile` FROM `sortware_client` WHERE ( `identification` = 'dddddddddddd' ) LIMIT 1  
[ 2016-06-30T18:36:14+08:00 ] SQL:  RunTime:0.001000s SQL = SELECT COUNT(*) AS tp_count FROM `sortware_client` WHERE ( `mobile` = '18519184444' ) LIMIT 1  
[ 2016-06-30T18:36:14+08:00 ] SQL:  RunTime:0.002000s SQL = SHOW COLUMNS FROM `sortware_install_verify`
[ 2016-06-30T18:36:14+08:00 ] SQL:  RunTime:0.001000s SQL = SELECT `mobile` FROM `sortware_install_verify` WHERE ( `identification` = 'dddddddddddd' ) AND ( `type` = 0 ) LIMIT 1  
[ 2016-06-30T18:36:15+08:00 ] SQL:  RunTime:0.011001s SQL = INSERT INTO `sortware_install_verify` (`mobile`,`identification`,`type`) VALUES ('18519184444','dddddddddddd',0)
[ 2016-06-30T18:36:15+08:00 ] ERR: Duplicate entry '18519184444' for key 'unique_mobile'
 [ SQL语句 ] : INSERT INTO `sortware_install_verify` (`mobile`,`identification`,`type`) VALUES ('18519184444','dddddddddddd',0)
[ 2016-06-30T18:36:23+08:00 ] SQL:  RunTime:0.002000s SQL = SHOW COLUMNS FROM `sortware_client_oparation`
[ 2016-06-30T18:36:23+08:00 ] WARN: [2048] Declaration of model_finance_softwareInstallVerify::save() should be compatible with that of model::save() E:\xampp\htdocs\finance\app\model\finance\softwareinstallverify.php 第 66 行.
[ 2016-06-30T18:36:23+08:00 ] SQL:  RunTime:0.001000s SQL = SHOW COLUMNS FROM `sortware_install_verify`
[ 2016-06-30T18:36:23+08:00 ] SQL:  RunTime:0.002000s SQL = SHOW COLUMNS FROM `sortware_client`
[ 2016-06-30T18:36:23+08:00 ] SQL:  RunTime:0.001000s SQL = SELECT `mobile` FROM `sortware_client` WHERE ( `identification` = 'dddddddddddd' ) LIMIT 1  
[ 2016-06-30T18:36:23+08:00 ] SQL:  RunTime:0.000000s SQL = SELECT COUNT(*) AS tp_count FROM `sortware_client` WHERE ( `mobile` = '18519184444' ) LIMIT 1  
[ 2016-06-30T18:36:23+08:00 ] SQL:  RunTime:0.001000s SQL = SHOW COLUMNS FROM `sortware_install_verify`
[ 2016-06-30T18:36:23+08:00 ] SQL:  RunTime:0.001001s SQL = SELECT `mobile` FROM `sortware_install_verify` WHERE ( `identification` = 'dddddddddddd' ) AND ( `type` = 0 ) LIMIT 1  
[ 2016-06-30T18:36:23+08:00 ] SQL:  RunTime:0.010000s SQL = INSERT INTO `sortware_install_verify` (`mobile`,`identification`,`type`) VALUES ('18519184444','dddddddddddd',0)
[ 2016-06-30T18:36:23+08:00 ] ERR: Duplicate entry '18519184444' for key 'unique_mobile'
 [ SQL语句 ] : INSERT INTO `sortware_install_verify` (`mobile`,`identification`,`type`) VALUES ('18519184444','dddddddddddd',0)
